<?xml version="1.0"?><coverage lines-covered="32" lines-valid="33" line-rate="0.9696969696969697" branches-covered="0" branches-valid="0" branch-rate="0" complexity="0" version="1.9" timestamp="1763682961"><sources><source>/Users/achapin/AI/fluxion</source></sources><packages><package name="src/ai" line-rate="0.8571428571428571" branch-rate="0" complexity="0"><classes><class name="surrogate" filename="src/ai/surrogate.rs" line-rate="0.8571428571428571" branch-rate="0" complexity="0"><methods/><lines><line number="25" hits="6"/><line number="29" hits="6"/><line number="30" hits="6"/><line number="48" hits="17521"/><line number="49" hits="17521"/><line number="51" hits="52563"/><line number="59" hits="0"/></lines></class></classes></package><package name="src/sim" line-rate="1" branch-rate="0" complexity="0"><classes><class name="engine" filename="src/sim/engine.rs" line-rate="1" branch-rate="0" complexity="0"><methods/><lines><line number="35" hits="10"/><line number="38" hits="30"/><line number="39" hits="10"/><line number="53" hits="5"/><line number="54" hits="10"/><line number="55" hits="5"/><line number="57" hits="9"/><line number="58" hits="4"/><line number="74" hits="4"/><line number="80" hits="8"/><line number="82" hits="35044"/><line number="84" hits="52560"/><line number="85" hits="52560"/><line number="87" hits="17520"/><line number="93" hits="735840"/><line number="94" hits="1051200"/><line number="96" hits="1051200"/><line number="97" hits="700800"/><line number="102" hits="105120"/><line number="103" hits="35040"/><line number="105" hits="735840"/><line number="108" hits="35040"/><line number="111" hits="4"/><line number="118" hits="17521"/><line number="119" hits="385452"/><line number="120" hits="175205"/></lines></class></classes></package><package name="src" line-rate="0.9696969696969697" branch-rate="0" complexity="0"><classes></classes></package></packages></coverage>