SF:/home/alex/Projects/fluxion/src/ai/batch_inference.rs
FN:183,_RINvMs2_NtNtCs5OApllgj7p4_7fluxion2ai15batch_inferenceNtB6_14BatchProcessor14process_singlepEBa_
FN:189,_RNCINvMs2_NtNtCs5OApllgj7p4_7fluxion2ai15batch_inferenceNtB8_14BatchProcessor14process_singlepE0Bc_
FN:128,_RNvMs1_NtNtCs5OApllgj7p4_7fluxion2ai15batch_inferenceNtB5_19DynamicBatchManager11add_request
FN:137,_RNvMs1_NtNtCs5OApllgj7p4_7fluxion2ai15batch_inferenceNtB5_19DynamicBatchManager11get_pending
FN:149,_RNvMs1_NtNtCs5OApllgj7p4_7fluxion2ai15batch_inferenceNtB5_19DynamicBatchManager13pending_count
FN:154,_RNvMs1_NtNtCs5OApllgj7p4_7fluxion2ai15batch_inferenceNtB5_19DynamicBatchManager9get_stats
FN:247,_RNvMs2_NtNtCs5OApllgj7p4_7fluxion2ai15batch_inferenceNtB5_14BatchProcessor11reset_stats
FN:242,_RNvMs2_NtNtCs5OApllgj7p4_7fluxion2ai15batch_inferenceNtB5_14BatchProcessor9get_stats
FN:270,_RNvMs3_NtNtCs5OApllgj7p4_7fluxion2ai15batch_inferenceNtB5_20BatchBenchmarkResult5print
FN:354,_RNvNtNtNtCs5OApllgj7p4_7fluxion2ai15batch_inference5testss_16test_batch_stats
FN:385,_RNvNtNtNtCs5OApllgj7p4_7fluxion2ai15batch_inference5testss_20test_batch_benchmark
FN:365,_RNvNtNtNtCs5OApllgj7p4_7fluxion2ai15batch_inference5testss_20test_batch_processor
FN:343,_RNvNtNtNtCs5OApllgj7p4_7fluxion2ai15batch_inference5testss_33test_dynamic_batch_config_presets
FN:336,_RNvNtNtNtCs5OApllgj7p4_7fluxion2ai15batch_inference5testss_34test_dynamic_batch_config_defaults
FN:193,_RINvMs2_NtNtCs5OApllgj7p4_7fluxion2ai15batch_inferenceNtB6_14BatchProcessor13process_batchNCNvNtB6_5testss_20test_batch_processor0EBa_
FN:282,_RINvNtNtCs5OApllgj7p4_7fluxion2ai15batch_inference25benchmark_batch_inferenceNCNvNtB2_5testss_20test_batch_benchmark0EB6_
FN:297,_RNCINvNtNtCs5OApllgj7p4_7fluxion2ai15batch_inference25benchmark_batch_inferenceNCNvNtB4_5testss_20test_batch_benchmark0E0B8_
FN:301,_RNCINvNtNtCs5OApllgj7p4_7fluxion2ai15batch_inference25benchmark_batch_inferenceNCNvNtB4_5testss_20test_batch_benchmark0Es_0B8_
FN:301,_RNCNCINvNtNtCs5OApllgj7p4_7fluxion2ai15batch_inference25benchmark_batch_inferenceNCNvNtB6_5testss_20test_batch_benchmark0Es_00Ba_
FN:389,_RNCNCNCNvNtNtNtCs5OApllgj7p4_7fluxion2ai15batch_inference5testss_20test_batch_benchmark000Bd_
FN:373,_RNCNCNCNvNtNtNtCs5OApllgj7p4_7fluxion2ai15batch_inference5testss_20test_batch_processor000Bd_
FN:389,_RNCNCNvNtNtNtCs5OApllgj7p4_7fluxion2ai15batch_inference5testss_20test_batch_benchmark00Bb_
FN:373,_RNCNCNvNtNtNtCs5OApllgj7p4_7fluxion2ai15batch_inference5testss_20test_batch_processor00Bb_
FN:386,_RNCNvNtNtNtCs5OApllgj7p4_7fluxion2ai15batch_inference5testss_20test_batch_benchmark0B9_
FN:370,_RNCNvNtNtNtCs5OApllgj7p4_7fluxion2ai15batch_inference5testss_20test_batch_processor0B9_
FN:99,_RNvMs0_NtNtCs5OApllgj7p4_7fluxion2ai15batch_inferenceNtB5_10BatchStats12record_batch
FN:95,_RNvMs0_NtNtCs5OApllgj7p4_7fluxion2ai15batch_inferenceNtB5_10BatchStats3new
FN:159,_RNvMs1_NtNtCs5OApllgj7p4_7fluxion2ai15batch_inferenceNtB5_19DynamicBatchManager12record_batch
FN:117,_RNvMs1_NtNtCs5OApllgj7p4_7fluxion2ai15batch_inferenceNtB5_19DynamicBatchManager3new
FN:219,_RNvMs2_NtNtCs5OApllgj7p4_7fluxion2ai15batch_inferenceNtB5_14BatchProcessor19optimize_batch_size
FN:175,_RNvMs2_NtNtCs5OApllgj7p4_7fluxion2ai15batch_inferenceNtB5_14BatchProcessor3new
FN:39,_RNvMs_NtNtCs5OApllgj7p4_7fluxion2ai15batch_inferenceNtB4_18DynamicBatchConfig11low_latency
FN:50,_RNvMs_NtNtCs5OApllgj7p4_7fluxion2ai15batch_inferenceNtB4_18DynamicBatchConfig15high_throughput
FN:26,_RNvXNtNtCs5OApllgj7p4_7fluxion2ai15batch_inferenceNtB2_18DynamicBatchConfigNtNtCs7dTDQl1DYhd_4core7default7Default7default
FNDA:0,_RINvMs2_NtNtCs5OApllgj7p4_7fluxion2ai15batch_inferenceNtB6_14BatchProcessor14process_singlepEBa_
FNDA:0,_RNCINvMs2_NtNtCs5OApllgj7p4_7fluxion2ai15batch_inferenceNtB8_14BatchProcessor14process_singlepE0Bc_
FNDA:0,_RNvMs1_NtNtCs5OApllgj7p4_7fluxion2ai15batch_inferenceNtB5_19DynamicBatchManager11add_request
FNDA:0,_RNvMs1_NtNtCs5OApllgj7p4_7fluxion2ai15batch_inferenceNtB5_19DynamicBatchManager11get_pending
FNDA:0,_RNvMs1_NtNtCs5OApllgj7p4_7fluxion2ai15batch_inferenceNtB5_19DynamicBatchManager13pending_count
FNDA:0,_RNvMs1_NtNtCs5OApllgj7p4_7fluxion2ai15batch_inferenceNtB5_19DynamicBatchManager9get_stats
FNDA:0,_RNvMs2_NtNtCs5OApllgj7p4_7fluxion2ai15batch_inferenceNtB5_14BatchProcessor11reset_stats
FNDA:0,_RNvMs2_NtNtCs5OApllgj7p4_7fluxion2ai15batch_inferenceNtB5_14BatchProcessor9get_stats
FNDA:0,_RNvMs3_NtNtCs5OApllgj7p4_7fluxion2ai15batch_inferenceNtB5_20BatchBenchmarkResult5print
FNDA:1,_RNvNtNtNtCs5OApllgj7p4_7fluxion2ai15batch_inference5testss_16test_batch_stats
FNDA:1,_RNvNtNtNtCs5OApllgj7p4_7fluxion2ai15batch_inference5testss_20test_batch_benchmark
FNDA:1,_RNvNtNtNtCs5OApllgj7p4_7fluxion2ai15batch_inference5testss_20test_batch_processor
FNDA:1,_RNvNtNtNtCs5OApllgj7p4_7fluxion2ai15batch_inference5testss_33test_dynamic_batch_config_presets
FNDA:1,_RNvNtNtNtCs5OApllgj7p4_7fluxion2ai15batch_inference5testss_34test_dynamic_batch_config_defaults
FNDA:1,_RINvMs2_NtNtCs5OApllgj7p4_7fluxion2ai15batch_inferenceNtB6_14BatchProcessor13process_batchNCNvNtB6_5testss_20test_batch_processor0EBa_
FNDA:1,_RINvNtNtCs5OApllgj7p4_7fluxion2ai15batch_inference25benchmark_batch_inferenceNCNvNtB2_5testss_20test_batch_benchmark0EB6_
FNDA:10,_RNCINvNtNtCs5OApllgj7p4_7fluxion2ai15batch_inference25benchmark_batch_inferenceNCNvNtB4_5testss_20test_batch_benchmark0E0B8_
FNDA:31,_RNCINvNtNtCs5OApllgj7p4_7fluxion2ai15batch_inference25benchmark_batch_inferenceNCNvNtB4_5testss_20test_batch_benchmark0Es_0B8_
FNDA:310,_RNCNCINvNtNtCs5OApllgj7p4_7fluxion2ai15batch_inference25benchmark_batch_inferenceNCNvNtB6_5testss_20test_batch_benchmark0Es_00Ba_
FNDA:31310,_RNCNCNCNvNtNtNtCs5OApllgj7p4_7fluxion2ai15batch_inference5testss_20test_batch_benchmark000Bd_
FNDA:6,_RNCNCNCNvNtNtNtCs5OApllgj7p4_7fluxion2ai15batch_inference5testss_20test_batch_processor000Bd_
FNDA:3131,_RNCNCNvNtNtNtCs5OApllgj7p4_7fluxion2ai15batch_inference5testss_20test_batch_benchmark00Bb_
FNDA:2,_RNCNCNvNtNtNtCs5OApllgj7p4_7fluxion2ai15batch_inference5testss_20test_batch_processor00Bb_
FNDA:505,_RNCNvNtNtNtCs5OApllgj7p4_7fluxion2ai15batch_inference5testss_20test_batch_benchmark0B9_
FNDA:1,_RNCNvNtNtNtCs5OApllgj7p4_7fluxion2ai15batch_inference5testss_20test_batch_processor0B9_
FNDA:3,_RNvMs0_NtNtCs5OApllgj7p4_7fluxion2ai15batch_inferenceNtB5_10BatchStats12record_batch
FNDA:2,_RNvMs0_NtNtCs5OApllgj7p4_7fluxion2ai15batch_inferenceNtB5_10BatchStats3new
FNDA:1,_RNvMs1_NtNtCs5OApllgj7p4_7fluxion2ai15batch_inferenceNtB5_19DynamicBatchManager12record_batch
FNDA:1,_RNvMs1_NtNtCs5OApllgj7p4_7fluxion2ai15batch_inferenceNtB5_19DynamicBatchManager3new
FNDA:1,_RNvMs2_NtNtCs5OApllgj7p4_7fluxion2ai15batch_inferenceNtB5_14BatchProcessor19optimize_batch_size
FNDA:1,_RNvMs2_NtNtCs5OApllgj7p4_7fluxion2ai15batch_inferenceNtB5_14BatchProcessor3new
FNDA:1,_RNvMs_NtNtCs5OApllgj7p4_7fluxion2ai15batch_inferenceNtB4_18DynamicBatchConfig11low_latency
FNDA:1,_RNvMs_NtNtCs5OApllgj7p4_7fluxion2ai15batch_inferenceNtB4_18DynamicBatchConfig15high_throughput
FNDA:3,_RNvXNtNtCs5OApllgj7p4_7fluxion2ai15batch_inferenceNtB2_18DynamicBatchConfigNtNtCs7dTDQl1DYhd_4core7default7Default7default
FNF:34
FNH:25
DA:26,3
DA:27,3
DA:28,3
DA:29,3
DA:30,3
DA:31,3
DA:32,3
DA:33,3
DA:34,3
DA:39,1
DA:40,1
DA:41,1
DA:42,1
DA:43,1
DA:44,1
DA:45,1
DA:46,1
DA:47,1
DA:50,1
DA:51,1
DA:52,1
DA:53,1
DA:54,1
DA:55,1
DA:56,1
DA:57,1
DA:58,1
DA:95,2
DA:96,2
DA:97,2
DA:99,3
DA:100,3
DA:101,3
DA:102,3
DA:105,3
DA:106,3
DA:109,3
DA:110,3
DA:111,3
DA:112,3
DA:117,1
DA:118,1
DA:119,1
DA:120,1
DA:121,1
DA:122,1
DA:123,1
DA:128,0
DA:129,0
DA:130,0
DA:133,0
DA:134,0
DA:137,0
DA:138,0
DA:140,0
DA:141,0
DA:142,0
DA:144,0
DA:146,0
DA:149,0
DA:150,0
DA:151,0
DA:154,0
DA:155,0
DA:156,0
DA:159,1
DA:160,1
DA:161,1
DA:162,1
DA:175,1
DA:176,1
DA:177,1
DA:178,1
DA:179,1
DA:180,1
DA:183,0
DA:184,0
DA:185,0
DA:188,0
DA:189,0
DA:190,0
DA:193,1
DA:194,1
DA:195,1
DA:197,1
DA:198,0
DA:199,1
DA:201,1
DA:204,1
DA:205,1
DA:208,1
DA:210,1
DA:213,1
DA:215,1
DA:216,1
DA:219,1
DA:220,1
DA:222,1
DA:224,0
DA:225,1
DA:229,1
DA:230,1
DA:233,0
DA:234,0
DA:235,0
DA:236,0
DA:237,0
DA:239,1
DA:242,0
DA:243,0
DA:244,0
DA:247,0
DA:248,0
DA:249,0
DA:250,0
DA:270,0
DA:271,0
DA:272,0
DA:273,0
DA:277,0
DA:278,0
DA:282,1
DA:283,1
DA:284,1
DA:285,1
DA:286,1
DA:287,1
DA:289,1
DA:292,1
DA:294,5
DA:295,1
DA:296,1
DA:297,10
DA:300,5
DA:301,310
DA:302,5
DA:305,5
DA:308,5
DA:309,5
DA:310,500
DA:311,500
DA:312,500
DA:313,5
DA:315,5
DA:316,5
DA:317,5
DA:319,5
DA:320,5
DA:321,5
DA:322,5
DA:323,5
DA:324,5
DA:325,5
DA:328,1
DA:329,1
DA:336,1
DA:337,1
DA:338,1
DA:339,1
DA:340,1
DA:343,1
DA:344,1
DA:345,1
DA:346,1
DA:348,1
DA:349,1
DA:350,1
DA:351,1
DA:354,1
DA:355,1
DA:356,1
DA:357,1
DA:359,1
DA:360,1
DA:361,1
DA:362,1
DA:365,1
DA:366,1
DA:367,1
DA:370,1
DA:371,1
DA:372,1
DA:373,6
DA:374,1
DA:375,1
DA:377,1
DA:378,1
DA:380,1
DA:381,1
DA:382,1
DA:385,1
DA:386,505
DA:387,505
DA:388,505
DA:389,31310
DA:390,505
DA:391,505
DA:393,1
DA:395,1
DA:397,5
DA:398,5
DA:399,5
DA:403,1
BRF:0
BRH:0
LF:213
LH:168
end_of_record
SF:/home/alex/Projects/fluxion/src/ai/context_aware.rs
FN:393,_RNCNvMs2_NtNtCs5OApllgj7p4_7fluxion2ai13context_awareNtB7_32ContextAwareParameterInitializer21initialize_from_model0Bb_
FN:165,_RNvMs2_NtNtCs5OApllgj7p4_7fluxion2ai13context_awareNtB5_32ContextAwareParameterInitializer11new_default
FN:372,_RNvMs2_NtNtCs5OApllgj7p4_7fluxion2ai13context_awareNtB5_32ContextAwareParameterInitializer21initialize_from_model
FN:85,_RNvXs_NtNtCs5OApllgj7p4_7fluxion2ai13context_awareNtB4_29ContextAwareInitializerConfigNtNtCs7dTDQl1DYhd_4core7default7Default7default
FN:498,_RNCNvNtNtNtCs5OApllgj7p4_7fluxion2ai13context_aware5testss_27test_uniform_initialization0B9_
FN:432,_RNCNCNvMs2_NtNtCs5OApllgj7p4_7fluxion2ai13context_awareNtB9_32ContextAwareParameterInitializer20get_population_statss_00Bd_
FN:312,_RNCNvMs2_NtNtCs5OApllgj7p4_7fluxion2ai13context_awareNtB7_32ContextAwareParameterInitializer16initialize_smart0Bb_
FN:202,_RNCNvMs2_NtNtCs5OApllgj7p4_7fluxion2ai13context_awareNtB7_32ContextAwareParameterInitializer18initialize_uniform0Bb_
FN:233,_RNCNvMs2_NtNtCs5OApllgj7p4_7fluxion2ai13context_awareNtB7_32ContextAwareParameterInitializer19initialize_gaussian0Bb_
FN:429,_RNCNvMs2_NtNtCs5OApllgj7p4_7fluxion2ai13context_awareNtB7_32ContextAwareParameterInitializer20get_population_stats0Bb_
FN:434,_RNCNvMs2_NtNtCs5OApllgj7p4_7fluxion2ai13context_awareNtB7_32ContextAwareParameterInitializer20get_population_statss0_0Bb_
FN:435,_RNCNvMs2_NtNtCs5OApllgj7p4_7fluxion2ai13context_awareNtB7_32ContextAwareParameterInitializer20get_population_statss1_0Bb_
FN:430,_RNCNvMs2_NtNtCs5OApllgj7p4_7fluxion2ai13context_awareNtB7_32ContextAwareParameterInitializer20get_population_statss_0Bb_
FN:23,_RNvMNtNtCs5OApllgj7p4_7fluxion2ai13context_awareINtB2_11GaussianRngQNtNtNtCsuzaL7JD0pD_4rand4rngs3std6StdRngE3newB6_
FN:27,_RNvMNtNtCs5OApllgj7p4_7fluxion2ai13context_awareINtB2_11GaussianRngQNtNtNtCsuzaL7JD0pD_4rand4rngs3std6StdRngE6sampleB6_
FN:603,_RNvNtNtNtCs5OApllgj7p4_7fluxion2ai13context_aware5testss_20test_reproducibility
FN:584,_RNvNtNtNtCs5OApllgj7p4_7fluxion2ai13context_aware5testss_21test_population_stats
FN:562,_RNvNtNtNtCs5OApllgj7p4_7fluxion2ai13context_aware5testss_23test_lhs_initialization
FN:486,_RNvNtNtNtCs5OApllgj7p4_7fluxion2ai13context_aware5testss_27test_uniform_initialization
FN:510,_RNvNtNtNtCs5OApllgj7p4_7fluxion2ai13context_aware5testss_28test_gaussian_initialization
FN:532,_RNvNtNtNtCs5OApllgj7p4_7fluxion2ai13context_aware5testss_41test_smart_initialization_heating_climate
FN:173,_RNvMs2_NtNtCs5OApllgj7p4_7fluxion2ai13context_awareNtB5_32ContextAwareParameterInitializer10initialize
FN:332,_RNvMs2_NtNtCs5OApllgj7p4_7fluxion2ai13context_awareNtB5_32ContextAwareParameterInitializer14initialize_lhs
FN:253,_RNvMs2_NtNtCs5OApllgj7p4_7fluxion2ai13context_awareNtB5_32ContextAwareParameterInitializer16initialize_smart
FN:193,_RNvMs2_NtNtCs5OApllgj7p4_7fluxion2ai13context_awareNtB5_32ContextAwareParameterInitializer18initialize_uniform
FN:211,_RNvMs2_NtNtCs5OApllgj7p4_7fluxion2ai13context_awareNtB5_32ContextAwareParameterInitializer19initialize_gaussian
FN:412,_RNvMs2_NtNtCs5OApllgj7p4_7fluxion2ai13context_awareNtB5_32ContextAwareParameterInitializer20get_population_stats
FN:160,_RNvMs2_NtNtCs5OApllgj7p4_7fluxion2ai13context_awareNtB5_32ContextAwareParameterInitializer3new
FN:474,_RNvNtNtCs5OApllgj7p4_7fluxion2ai13context_aware10create_rng
FN:110,_RNvXs0_NtNtCs5OApllgj7p4_7fluxion2ai13context_awareNtB5_11ParamBoundsNtNtCs7dTDQl1DYhd_4core7default7Default7default
FN:140,_RNvXs1_NtNtCs5OApllgj7p4_7fluxion2ai13context_awareNtB5_21InitializationContextNtNtCs7dTDQl1DYhd_4core7default7Default7default
FNDA:0,_RNCNvMs2_NtNtCs5OApllgj7p4_7fluxion2ai13context_awareNtB7_32ContextAwareParameterInitializer21initialize_from_model0Bb_
FNDA:0,_RNvMs2_NtNtCs5OApllgj7p4_7fluxion2ai13context_awareNtB5_32ContextAwareParameterInitializer11new_default
FNDA:0,_RNvMs2_NtNtCs5OApllgj7p4_7fluxion2ai13context_awareNtB5_32ContextAwareParameterInitializer21initialize_from_model
FNDA:0,_RNvXs_NtNtCs5OApllgj7p4_7fluxion2ai13context_awareNtB4_29ContextAwareInitializerConfigNtNtCs7dTDQl1DYhd_4core7default7Default7default
FNDA:100,_RNCNvNtNtNtCs5OApllgj7p4_7fluxion2ai13context_aware5testss_27test_uniform_initialization0B9_
FNDA:1050,_RNCNCNvMs2_NtNtCs5OApllgj7p4_7fluxion2ai13context_awareNtB9_32ContextAwareParameterInitializer20get_population_statss_00Bd_
FNDA:100,_RNCNvMs2_NtNtCs5OApllgj7p4_7fluxion2ai13context_awareNtB7_32ContextAwareParameterInitializer16initialize_smart0Bb_
FNDA:220,_RNCNvMs2_NtNtCs5OApllgj7p4_7fluxion2ai13context_awareNtB7_32ContextAwareParameterInitializer18initialize_uniform0Bb_
FNDA:100,_RNCNvMs2_NtNtCs5OApllgj7p4_7fluxion2ai13context_awareNtB7_32ContextAwareParameterInitializer19initialize_gaussian0Bb_
FNDA:24,_RNCNvMs2_NtNtCs5OApllgj7p4_7fluxion2ai13context_awareNtB7_32ContextAwareParameterInitializer20get_population_stats0Bb_
FNDA:12,_RNCNvMs2_NtNtCs5OApllgj7p4_7fluxion2ai13context_awareNtB7_32ContextAwareParameterInitializer20get_population_statss0_0Bb_
FNDA:12,_RNCNvMs2_NtNtCs5OApllgj7p4_7fluxion2ai13context_awareNtB7_32ContextAwareParameterInitializer20get_population_statss1_0Bb_
FNDA:12,_RNCNvMs2_NtNtCs5OApllgj7p4_7fluxion2ai13context_awareNtB7_32ContextAwareParameterInitializer20get_population_statss_0Bb_
FNDA:2,_RNvMNtNtCs5OApllgj7p4_7fluxion2ai13context_awareINtB2_11GaussianRngQNtNtNtCsuzaL7JD0pD_4rand4rngs3std6StdRngE3newB6_
FNDA:600,_RNvMNtNtCs5OApllgj7p4_7fluxion2ai13context_awareINtB2_11GaussianRngQNtNtNtCsuzaL7JD0pD_4rand4rngs3std6StdRngE6sampleB6_
FNDA:1,_RNvNtNtNtCs5OApllgj7p4_7fluxion2ai13context_aware5testss_20test_reproducibility
FNDA:1,_RNvNtNtNtCs5OApllgj7p4_7fluxion2ai13context_aware5testss_21test_population_stats
FNDA:1,_RNvNtNtNtCs5OApllgj7p4_7fluxion2ai13context_aware5testss_23test_lhs_initialization
FNDA:1,_RNvNtNtNtCs5OApllgj7p4_7fluxion2ai13context_aware5testss_27test_uniform_initialization
FNDA:1,_RNvNtNtNtCs5OApllgj7p4_7fluxion2ai13context_aware5testss_28test_gaussian_initialization
FNDA:1,_RNvNtNtNtCs5OApllgj7p4_7fluxion2ai13context_aware5testss_41test_smart_initialization_heating_climate
FNDA:7,_RNvMs2_NtNtCs5OApllgj7p4_7fluxion2ai13context_awareNtB5_32ContextAwareParameterInitializer10initialize
FNDA:1,_RNvMs2_NtNtCs5OApllgj7p4_7fluxion2ai13context_awareNtB5_32ContextAwareParameterInitializer14initialize_lhs
FNDA:1,_RNvMs2_NtNtCs5OApllgj7p4_7fluxion2ai13context_awareNtB5_32ContextAwareParameterInitializer16initialize_smart
FNDA:4,_RNvMs2_NtNtCs5OApllgj7p4_7fluxion2ai13context_awareNtB5_32ContextAwareParameterInitializer18initialize_uniform
FNDA:1,_RNvMs2_NtNtCs5OApllgj7p4_7fluxion2ai13context_awareNtB5_32ContextAwareParameterInitializer19initialize_gaussian
FNDA:4,_RNvMs2_NtNtCs5OApllgj7p4_7fluxion2ai13context_awareNtB5_32ContextAwareParameterInitializer20get_population_stats
FNDA:7,_RNvMs2_NtNtCs5OApllgj7p4_7fluxion2ai13context_awareNtB5_32ContextAwareParameterInitializer3new
FNDA:7,_RNvNtNtCs5OApllgj7p4_7fluxion2ai13context_aware10create_rng
FNDA:7,_RNvXs0_NtNtCs5OApllgj7p4_7fluxion2ai13context_awareNtB5_11ParamBoundsNtNtCs7dTDQl1DYhd_4core7default7Default7default
FNDA:6,_RNvXs1_NtNtCs5OApllgj7p4_7fluxion2ai13context_awareNtB5_21InitializationContextNtNtCs7dTDQl1DYhd_4core7default7Default7default
FNF:31
FNH:27
DA:23,2
DA:24,2
DA:25,2
DA:27,600
DA:29,600
DA:30,600
DA:33,600
DA:35,600
DA:36,600
DA:37,600
DA:85,0
DA:86,0
DA:87,0
DA:88,0
DA:89,0
DA:90,0
DA:91,0
DA:92,0
DA:93,0
DA:94,0
DA:95,0
DA:110,7
DA:111,7
DA:112,7
DA:113,7
DA:114,7
DA:115,7
DA:116,7
DA:117,7
DA:118,7
DA:119,7
DA:140,6
DA:141,6
DA:142,6
DA:143,6
DA:144,6
DA:145,6
DA:146,6
DA:147,6
DA:148,6
DA:149,6
DA:160,7
DA:161,7
DA:162,7
DA:165,0
DA:166,0
DA:167,0
DA:168,0
DA:169,0
DA:170,0
DA:173,7
DA:174,7
DA:176,7
DA:177,4
DA:178,4
DA:180,1
DA:181,1
DA:184,1
DA:185,1
DA:186,1
DA:187,1
DA:188,1
DA:190,7
DA:193,4
DA:194,4
DA:195,4
DA:197,4
DA:198,4
DA:199,4
DA:201,4
DA:202,220
DA:203,220
DA:204,220
DA:205,220
DA:206,220
DA:207,4
DA:208,4
DA:211,1
DA:212,1
DA:213,1
DA:214,1
DA:215,1
DA:216,1
DA:217,1
DA:218,1
DA:219,1
DA:222,1
DA:223,1
DA:224,1
DA:226,1
DA:227,1
DA:228,1
DA:229,1
DA:230,1
DA:232,1
DA:233,100
DA:234,100
DA:235,100
DA:238,100
DA:239,100
DA:240,100
DA:241,100
DA:243,100
DA:244,100
DA:245,100
DA:247,100
DA:248,100
DA:249,1
DA:250,1
DA:253,1
DA:254,1
DA:255,1
DA:256,1
DA:257,1
DA:258,1
DA:259,1
DA:260,1
DA:261,1
DA:262,1
DA:263,1
DA:266,1
DA:271,1
DA:273,1
DA:276,0
DA:279,1
DA:281,0
DA:284,1
DA:289,1
DA:292,1
DA:293,1
DA:294,1
DA:295,1
DA:298,1
DA:300,0
DA:301,1
DA:303,0
DA:306,1
DA:309,1
DA:311,1
DA:312,100
DA:313,100
DA:314,100
DA:317,100
DA:318,100
DA:319,100
DA:320,100
DA:322,100
DA:323,100
DA:324,100
DA:326,100
DA:327,100
DA:328,1
DA:329,1
DA:332,1
DA:333,1
DA:334,1
DA:336,1
DA:337,1
DA:338,1
DA:341,1
DA:343,50
DA:344,50
DA:345,50
DA:346,50
DA:347,50
DA:348,50
DA:349,50
DA:350,50
DA:351,50
DA:352,50
DA:353,50
DA:354,50
DA:355,50
DA:356,50
DA:357,50
DA:358,50
DA:359,50
DA:360,50
DA:361,50
DA:362,50
DA:363,50
DA:364,50
DA:365,50
DA:366,50
DA:368,1
DA:369,1
DA:372,0
DA:373,0
DA:374,0
DA:375,0
DA:376,0
DA:377,0
DA:380,0
DA:381,0
DA:382,0
DA:385,0
DA:386,0
DA:388,0
DA:389,0
DA:390,0
DA:392,0
DA:393,0
DA:394,0
DA:395,0
DA:397,0
DA:398,0
DA:399,0
DA:400,0
DA:402,0
DA:403,0
DA:404,0
DA:406,0
DA:407,0
DA:408,0
DA:409,0
DA:412,4
DA:413,4
DA:414,0
DA:415,4
DA:417,4
DA:418,4
DA:419,4
DA:421,350
DA:422,350
DA:423,350
DA:424,350
DA:425,350
DA:426,350
DA:429,24
DA:430,12
DA:431,12
DA:432,1050
DA:433,12
DA:434,12
DA:435,12
DA:437,4
DA:438,4
DA:439,4
DA:440,4
DA:441,4
DA:442,4
DA:443,4
DA:444,4
DA:445,4
DA:446,4
DA:447,4
DA:448,4
DA:449,4
DA:450,4
DA:451,4
DA:452,4
DA:474,7
DA:475,7
DA:476,7
DA:477,0
DA:479,7
DA:486,1
DA:487,1
DA:488,1
DA:489,1
DA:490,1
DA:491,1
DA:493,1
DA:494,1
DA:495,1
DA:497,1
DA:498,100
DA:501,100
DA:502,100
DA:503,100
DA:504,100
DA:505,100
DA:507,1
DA:510,1
DA:511,1
DA:512,1
DA:513,1
DA:514,1
DA:515,1
DA:516,1
DA:517,1
DA:518,1
DA:520,1
DA:521,1
DA:522,1
DA:524,1
DA:526,1
DA:528,1
DA:529,1
DA:532,1
DA:533,1
DA:534,1
DA:535,1
DA:536,1
DA:537,1
DA:538,1
DA:539,1
DA:540,1
DA:541,1
DA:543,1
DA:544,1
DA:545,1
DA:546,1
DA:547,1
DA:548,1
DA:549,1
DA:550,1
DA:552,1
DA:553,1
DA:555,1
DA:558,1
DA:559,1
DA:562,1
DA:563,1
DA:564,1
DA:565,1
DA:566,1
DA:567,1
DA:568,1
DA:569,1
DA:570,1
DA:572,1
DA:573,1
DA:574,1
DA:576,1
DA:579,1
DA:580,1
DA:581,1
DA:584,1
DA:585,1
DA:586,1
DA:587,1
DA:588,1
DA:589,1
DA:591,1
DA:592,1
DA:593,1
DA:594,1
DA:596,1
DA:597,1
DA:598,1
DA:599,1
DA:600,1
DA:603,1
DA:604,1
DA:605,1
DA:606,1
DA:607,1
DA:608,1
DA:610,1
DA:611,1
DA:612,1
DA:613,1
DA:614,1
DA:616,1
DA:617,1
DA:618,1
DA:619,1
DA:621,1
DA:622,1
DA:624,1
DA:625,1
BRF:0
BRH:0
LF:372
LH:319
end_of_record
SF:/home/alex/Projects/fluxion/src/ai/distributed.rs
FN:76,_RNCNvMNtNtCs5OApllgj7p4_7fluxion2ai11distributedNtB4_27DistributedSurrogateManager31evaluate_population_distributed0B8_
FN:47,_RNvMNtNtCs5OApllgj7p4_7fluxion2ai11distributedNtB2_27DistributedSurrogateManager31evaluate_population_distributed
FN:19,_RNvMNtNtCs5OApllgj7p4_7fluxion2ai11distributedNtB2_27DistributedSurrogateManager3new
FN:110,_RNvNtNtNtCs5OApllgj7p4_7fluxion2ai11distributed5testss_21test_distributed_mock
FNDA:0,_RNCNvMNtNtCs5OApllgj7p4_7fluxion2ai11distributedNtB4_27DistributedSurrogateManager31evaluate_population_distributed0B8_
FNDA:0,_RNvMNtNtCs5OApllgj7p4_7fluxion2ai11distributedNtB2_27DistributedSurrogateManager31evaluate_population_distributed
FNDA:0,_RNvMNtNtCs5OApllgj7p4_7fluxion2ai11distributedNtB2_27DistributedSurrogateManager3new
FNDA:1,_RNvNtNtNtCs5OApllgj7p4_7fluxion2ai11distributed5testss_21test_distributed_mock
FNF:4
FNH:1
DA:19,0
DA:20,0
DA:21,0
DA:22,0
DA:23,0
DA:24,0
DA:25,0
DA:27,0
DA:28,0
DA:29,0
DA:30,0
DA:33,0
DA:34,0
DA:35,0
DA:37,0
DA:38,0
DA:47,0
DA:48,0
DA:49,0
DA:50,0
DA:52,0
DA:53,0
DA:54,0
DA:55,0
DA:64,0
DA:74,0
DA:75,0
DA:76,0
DA:78,0
DA:79,0
DA:80,0
DA:81,0
DA:83,0
DA:86,0
DA:89,0
DA:90,0
DA:93,0
DA:95,0
DA:96,0
DA:97,0
DA:99,0
DA:100,0
DA:101,0
DA:103,0
DA:110,1
DA:125,1
BRF:0
BRH:0
LF:47
LH:2
end_of_record
SF:/home/alex/Projects/fluxion/src/ai/ensemble.rs
FN:223,_RNCNvMs2_NtNtCs5OApllgj7p4_7fluxion2ai8ensembleNtB7_17EnsembleSurrogate11predict_all0Bb_
FN:320,_RNCNvMs2_NtNtCs5OApllgj7p4_7fluxion2ai8ensembleNtB7_17EnsembleSurrogate16aggregate_median0Bb_
FN:321,_RNCNvMs2_NtNtCs5OApllgj7p4_7fluxion2ai8ensembleNtB7_17EnsembleSurrogate16aggregate_medians_0Bb_
FN:197,_RNCNvMs2_NtNtCs5OApllgj7p4_7fluxion2ai8ensembleNtB7_17EnsembleSurrogate19recalculate_weights0Bb_
FN:208,_RNCNvMs2_NtNtCs5OApllgj7p4_7fluxion2ai8ensembleNtB7_17EnsembleSurrogate19recalculate_weightss0_0Bb_
FN:207,_RNCNvMs2_NtNtCs5OApllgj7p4_7fluxion2ai8ensembleNtB7_17EnsembleSurrogate19recalculate_weightss_0Bb_
FN:344,_RNCNvMs2_NtNtCs5OApllgj7p4_7fluxion2ai8ensembleNtB7_17EnsembleSurrogate22aggregate_trimmed_mean0Bb_
FN:345,_RNCNvMs2_NtNtCs5OApllgj7p4_7fluxion2ai8ensembleNtB7_17EnsembleSurrogate22aggregate_trimmed_means_0Bb_
FN:371,_RNCNvMs2_NtNtCs5OApllgj7p4_7fluxion2ai8ensembleNtB7_17EnsembleSurrogate22calculate_disagreement0Bb_
FN:377,_RNCNvMs2_NtNtCs5OApllgj7p4_7fluxion2ai8ensembleNtB7_17EnsembleSurrogate22calculate_disagreements_0Bb_
FN:463,_RNCNvMs3_NtNtCs5OApllgj7p4_7fluxion2ai8ensembleNtB7_19DisagreementMetrics15from_prediction0Bb_
FN:92,_RNvMs0_NtNtCs5OApllgj7p4_7fluxion2ai8ensembleNtB5_18EnsemblePrediction16max_disagreement
FN:84,_RNvMs0_NtNtCs5OApllgj7p4_7fluxion2ai8ensembleNtB5_18EnsemblePrediction17mean_disagreement
FN:215,_RNvMs2_NtNtCs5OApllgj7p4_7fluxion2ai8ensembleNtB5_17EnsembleSurrogate10num_models
FN:175,_RNvMs2_NtNtCs5OApllgj7p4_7fluxion2ai8ensembleNtB5_17EnsembleSurrogate11from_single
FN:220,_RNvMs2_NtNtCs5OApllgj7p4_7fluxion2ai8ensembleNtB5_17EnsembleSurrogate11predict_all
FN:283,_RNvMs2_NtNtCs5OApllgj7p4_7fluxion2ai8ensembleNtB5_17EnsembleSurrogate14aggregate_mean
FN:316,_RNvMs2_NtNtCs5OApllgj7p4_7fluxion2ai8ensembleNtB5_17EnsembleSurrogate16aggregate_median
FN:181,_RNvMs2_NtNtCs5OApllgj7p4_7fluxion2ai8ensembleNtB5_17EnsembleSurrogate17add_model_metrics
FN:187,_RNvMs2_NtNtCs5OApllgj7p4_7fluxion2ai8ensembleNtB5_17EnsembleSurrogate19recalculate_weights
FN:335,_RNvMs2_NtNtCs5OApllgj7p4_7fluxion2ai8ensembleNtB5_17EnsembleSurrogate22aggregate_trimmed_mean
FN:362,_RNvMs2_NtNtCs5OApllgj7p4_7fluxion2ai8ensembleNtB5_17EnsembleSurrogate22calculate_disagreement
FN:301,_RNvMs2_NtNtCs5OApllgj7p4_7fluxion2ai8ensembleNtB5_17EnsembleSurrogate23aggregate_weighted_mean
FN:394,_RNvMs2_NtNtCs5OApllgj7p4_7fluxion2ai8ensembleNtB5_17EnsembleSurrogate24predict_with_uncertainty
FN:146,_RNvMs2_NtNtCs5OApllgj7p4_7fluxion2ai8ensembleNtB5_17EnsembleSurrogate3new
FN:228,_RNvMs2_NtNtCs5OApllgj7p4_7fluxion2ai8ensembleNtB5_17EnsembleSurrogate7predict
FN:419,_RNvMs3_NtNtCs5OApllgj7p4_7fluxion2ai8ensembleNtB5_19DisagreementMetrics15from_prediction
FN:492,_RNvNtNtNtCs5OApllgj7p4_7fluxion2ai8ensemble5testss_18test_model_metrics
FN:480,_RNvNtNtNtCs5OApllgj7p4_7fluxion2ai8ensemble5testss_20test_ensemble_config
FN:523,_RNvNtNtNtCs5OApllgj7p4_7fluxion2ai8ensemble5testss_24test_aggregation_methods
FN:499,_RNvNtNtNtCs5OApllgj7p4_7fluxion2ai8ensemble5testss_29test_disagreement_calculation
FN:138,_RNvMs1_NtNtCs5OApllgj7p4_7fluxion2ai8ensembleNtB5_12ModelMetrics15composite_score
FN:128,_RNvMs1_NtNtCs5OApllgj7p4_7fluxion2ai8ensembleNtB5_12ModelMetrics3new
FN:41,_RNvMs_NtNtCs5OApllgj7p4_7fluxion2ai8ensembleNtB4_14EnsembleConfig11with_method
FN:47,_RNvMs_NtNtCs5OApllgj7p4_7fluxion2ai8ensembleNtB4_14EnsembleConfig15with_min_models
FN:33,_RNvMs_NtNtCs5OApllgj7p4_7fluxion2ai8ensembleNtB4_14EnsembleConfig3new
FN:22,_RNvXNtNtCs5OApllgj7p4_7fluxion2ai8ensembleNtB2_14EnsembleConfigNtNtCs7dTDQl1DYhd_4core7default7Default7default
FN:530,_RNCNCNvNtNtNtCs5OApllgj7p4_7fluxion2ai8ensemble5testss_24test_aggregation_methods00Bb_
FN:529,_RNCNvNtNtNtCs5OApllgj7p4_7fluxion2ai8ensemble5testss_24test_aggregation_methods0B9_
FN:533,_RNCNvNtNtNtCs5OApllgj7p4_7fluxion2ai8ensemble5testss_24test_aggregation_methodss_0B9_
FNDA:0,_RNCNvMs2_NtNtCs5OApllgj7p4_7fluxion2ai8ensembleNtB7_17EnsembleSurrogate11predict_all0Bb_
FNDA:0,_RNCNvMs2_NtNtCs5OApllgj7p4_7fluxion2ai8ensembleNtB7_17EnsembleSurrogate16aggregate_median0Bb_
FNDA:0,_RNCNvMs2_NtNtCs5OApllgj7p4_7fluxion2ai8ensembleNtB7_17EnsembleSurrogate16aggregate_medians_0Bb_
FNDA:0,_RNCNvMs2_NtNtCs5OApllgj7p4_7fluxion2ai8ensembleNtB7_17EnsembleSurrogate19recalculate_weights0Bb_
FNDA:0,_RNCNvMs2_NtNtCs5OApllgj7p4_7fluxion2ai8ensembleNtB7_17EnsembleSurrogate19recalculate_weightss0_0Bb_
FNDA:0,_RNCNvMs2_NtNtCs5OApllgj7p4_7fluxion2ai8ensembleNtB7_17EnsembleSurrogate19recalculate_weightss_0Bb_
FNDA:0,_RNCNvMs2_NtNtCs5OApllgj7p4_7fluxion2ai8ensembleNtB7_17EnsembleSurrogate22aggregate_trimmed_mean0Bb_
FNDA:0,_RNCNvMs2_NtNtCs5OApllgj7p4_7fluxion2ai8ensembleNtB7_17EnsembleSurrogate22aggregate_trimmed_means_0Bb_
FNDA:0,_RNCNvMs2_NtNtCs5OApllgj7p4_7fluxion2ai8ensembleNtB7_17EnsembleSurrogate22calculate_disagreement0Bb_
FNDA:0,_RNCNvMs2_NtNtCs5OApllgj7p4_7fluxion2ai8ensembleNtB7_17EnsembleSurrogate22calculate_disagreements_0Bb_
FNDA:0,_RNCNvMs3_NtNtCs5OApllgj7p4_7fluxion2ai8ensembleNtB7_19DisagreementMetrics15from_prediction0Bb_
FNDA:0,_RNvMs0_NtNtCs5OApllgj7p4_7fluxion2ai8ensembleNtB5_18EnsemblePrediction16max_disagreement
FNDA:0,_RNvMs0_NtNtCs5OApllgj7p4_7fluxion2ai8ensembleNtB5_18EnsemblePrediction17mean_disagreement
FNDA:0,_RNvMs2_NtNtCs5OApllgj7p4_7fluxion2ai8ensembleNtB5_17EnsembleSurrogate10num_models
FNDA:0,_RNvMs2_NtNtCs5OApllgj7p4_7fluxion2ai8ensembleNtB5_17EnsembleSurrogate11from_single
FNDA:0,_RNvMs2_NtNtCs5OApllgj7p4_7fluxion2ai8ensembleNtB5_17EnsembleSurrogate11predict_all
FNDA:0,_RNvMs2_NtNtCs5OApllgj7p4_7fluxion2ai8ensembleNtB5_17EnsembleSurrogate14aggregate_mean
FNDA:0,_RNvMs2_NtNtCs5OApllgj7p4_7fluxion2ai8ensembleNtB5_17EnsembleSurrogate16aggregate_median
FNDA:0,_RNvMs2_NtNtCs5OApllgj7p4_7fluxion2ai8ensembleNtB5_17EnsembleSurrogate17add_model_metrics
FNDA:0,_RNvMs2_NtNtCs5OApllgj7p4_7fluxion2ai8ensembleNtB5_17EnsembleSurrogate19recalculate_weights
FNDA:0,_RNvMs2_NtNtCs5OApllgj7p4_7fluxion2ai8ensembleNtB5_17EnsembleSurrogate22aggregate_trimmed_mean
FNDA:0,_RNvMs2_NtNtCs5OApllgj7p4_7fluxion2ai8ensembleNtB5_17EnsembleSurrogate22calculate_disagreement
FNDA:0,_RNvMs2_NtNtCs5OApllgj7p4_7fluxion2ai8ensembleNtB5_17EnsembleSurrogate23aggregate_weighted_mean
FNDA:0,_RNvMs2_NtNtCs5OApllgj7p4_7fluxion2ai8ensembleNtB5_17EnsembleSurrogate24predict_with_uncertainty
FNDA:0,_RNvMs2_NtNtCs5OApllgj7p4_7fluxion2ai8ensembleNtB5_17EnsembleSurrogate3new
FNDA:0,_RNvMs2_NtNtCs5OApllgj7p4_7fluxion2ai8ensembleNtB5_17EnsembleSurrogate7predict
FNDA:0,_RNvMs3_NtNtCs5OApllgj7p4_7fluxion2ai8ensembleNtB5_19DisagreementMetrics15from_prediction
FNDA:1,_RNvNtNtNtCs5OApllgj7p4_7fluxion2ai8ensemble5testss_18test_model_metrics
FNDA:1,_RNvNtNtNtCs5OApllgj7p4_7fluxion2ai8ensemble5testss_20test_ensemble_config
FNDA:1,_RNvNtNtNtCs5OApllgj7p4_7fluxion2ai8ensemble5testss_24test_aggregation_methods
FNDA:1,_RNvNtNtNtCs5OApllgj7p4_7fluxion2ai8ensemble5testss_29test_disagreement_calculation
FNDA:1,_RNvMs1_NtNtCs5OApllgj7p4_7fluxion2ai8ensembleNtB5_12ModelMetrics15composite_score
FNDA:1,_RNvMs1_NtNtCs5OApllgj7p4_7fluxion2ai8ensembleNtB5_12ModelMetrics3new
FNDA:1,_RNvMs_NtNtCs5OApllgj7p4_7fluxion2ai8ensembleNtB4_14EnsembleConfig11with_method
FNDA:1,_RNvMs_NtNtCs5OApllgj7p4_7fluxion2ai8ensembleNtB4_14EnsembleConfig15with_min_models
FNDA:1,_RNvMs_NtNtCs5OApllgj7p4_7fluxion2ai8ensembleNtB4_14EnsembleConfig3new
FNDA:1,_RNvXNtNtCs5OApllgj7p4_7fluxion2ai8ensembleNtB2_14EnsembleConfigNtNtCs7dTDQl1DYhd_4core7default7Default7default
FNDA:6,_RNCNCNvNtNtNtCs5OApllgj7p4_7fluxion2ai8ensemble5testss_24test_aggregation_methods00Bb_
FNDA:3,_RNCNvNtNtNtCs5OApllgj7p4_7fluxion2ai8ensemble5testss_24test_aggregation_methods0B9_
FNDA:2,_RNCNvNtNtNtCs5OApllgj7p4_7fluxion2ai8ensemble5testss_24test_aggregation_methodss_0B9_
FNF:40
FNH:13
DA:22,1
DA:23,1
DA:24,1
DA:25,1
DA:26,1
DA:27,1
DA:28,1
DA:33,1
DA:34,1
DA:35,1
DA:36,1
DA:37,1
DA:38,1
DA:41,1
DA:42,1
DA:43,1
DA:44,1
DA:47,1
DA:48,1
DA:49,1
DA:50,1
DA:84,0
DA:85,0
DA:86,0
DA:87,0
DA:88,0
DA:89,0
DA:92,0
DA:93,0
DA:94,0
DA:128,1
DA:129,1
DA:130,1
DA:131,1
DA:132,1
DA:133,1
DA:134,1
DA:135,1
DA:138,1
DA:140,1
DA:141,1
DA:146,0
DA:147,0
DA:149,0
DA:150,0
DA:151,0
DA:152,0
DA:153,0
DA:154,0
DA:158,0
DA:159,0
DA:160,0
DA:161,0
DA:162,0
DA:163,0
DA:164,0
DA:166,0
DA:167,0
DA:168,0
DA:169,0
DA:170,0
DA:171,0
DA:172,0
DA:175,0
DA:176,0
DA:177,0
DA:178,0
DA:181,0
DA:182,0
DA:183,0
DA:184,0
DA:187,0
DA:188,0
DA:189,0
DA:190,0
DA:191,0
DA:194,0
DA:195,0
DA:196,0
DA:197,0
DA:198,0
DA:201,0
DA:202,0
DA:204,0
DA:207,0
DA:208,0
DA:211,0
DA:212,0
DA:215,0
DA:216,0
DA:217,0
DA:220,0
DA:221,0
DA:222,0
DA:223,0
DA:224,0
DA:225,0
DA:228,0
DA:229,0
DA:230,0
DA:231,0
DA:232,0
DA:233,0
DA:234,0
DA:235,0
DA:236,0
DA:239,0
DA:241,0
DA:242,0
DA:243,0
DA:244,0
DA:245,0
DA:246,0
DA:247,0
DA:248,0
DA:250,0
DA:253,0
DA:254,0
DA:256,0
DA:258,0
DA:259,0
DA:260,0
DA:262,0
DA:263,0
DA:264,0
DA:266,0
DA:272,0
DA:274,0
DA:275,0
DA:276,0
DA:277,0
DA:278,0
DA:279,0
DA:280,0
DA:283,0
DA:284,0
DA:285,0
DA:287,0
DA:288,0
DA:289,0
DA:290,0
DA:293,0
DA:294,0
DA:295,0
DA:297,0
DA:298,0
DA:301,0
DA:302,0
DA:303,0
DA:304,0
DA:306,0
DA:307,0
DA:308,0
DA:309,0
DA:312,0
DA:313,0
DA:316,0
DA:317,0
DA:319,0
DA:320,0
DA:321,0
DA:322,0
DA:323,0
DA:324,0
DA:326,0
DA:328,0
DA:331,0
DA:332,0
DA:335,0
DA:336,0
DA:337,0
DA:338,0
DA:339,0
DA:340,0
DA:341,0
DA:343,0
DA:344,0
DA:345,0
DA:347,0
DA:348,0
DA:350,0
DA:351,0
DA:353,0
DA:355,0
DA:358,0
DA:359,0
DA:362,0
DA:363,0
DA:364,0
DA:365,0
DA:367,0
DA:370,0
DA:371,0
DA:372,0
DA:375,0
DA:376,0
DA:377,0
DA:378,0
DA:379,0
DA:380,0
DA:381,0
DA:382,0
DA:384,0
DA:387,0
DA:388,0
DA:394,0
DA:395,0
DA:398,0
DA:400,0
DA:401,0
DA:419,0
DA:420,0
DA:421,0
DA:422,0
DA:423,0
DA:425,0
DA:426,0
DA:429,0
DA:430,0
DA:431,0
DA:433,0
DA:434,0
DA:435,0
DA:436,0
DA:437,0
DA:438,0
DA:439,0
DA:440,0
DA:444,0
DA:445,0
DA:447,0
DA:451,0
DA:452,0
DA:453,0
DA:454,0
DA:456,0
DA:460,0
DA:461,0
DA:462,0
DA:463,0
DA:464,0
DA:466,0
DA:467,0
DA:468,0
DA:469,0
DA:470,0
DA:471,0
DA:472,0
DA:480,1
DA:481,1
DA:482,1
DA:483,1
DA:484,1
DA:486,1
DA:487,1
DA:488,1
DA:489,1
DA:492,1
DA:493,1
DA:494,1
DA:495,1
DA:496,1
DA:499,1
DA:501,1
DA:502,1
DA:503,1
DA:504,1
DA:505,1
DA:508,1
DA:509,3
DA:510,3
DA:511,3
DA:512,3
DA:513,3
DA:514,3
DA:515,3
DA:516,3
DA:519,1
DA:520,1
DA:523,1
DA:524,1
DA:527,1
DA:528,1
DA:529,3
DA:530,6
DA:531,3
DA:532,1
DA:533,2
DA:534,1
DA:536,1
DA:537,1
BRF:0
BRH:0
LF:305
LH:78
end_of_record
SF:/home/alex/Projects/fluxion/src/ai/modular_surrogate.rs
FN:182,_RNCNvNtNtNtCs5OApllgj7p4_7fluxion2ai17modular_surrogate5testss_32composite_surrogate_empty_panics0B9_
FN:164,_RNCNvNtNtNtCs5OApllgj7p4_7fluxion2ai17modular_surrogate5testss_36composite_surrogate_three_components0B9_
FN:168,_RNCNvNtNtNtCs5OApllgj7p4_7fluxion2ai17modular_surrogate5testss_36composite_surrogate_three_componentss_0B9_
FN:33,_RNvMNtNtCs5OApllgj7p4_7fluxion2ai17modular_surrogateNtB2_18ComponentSurrogate13predict_loads
FN:23,_RNvMNtNtCs5OApllgj7p4_7fluxion2ai17modular_surrogateNtB2_18ComponentSurrogate3new
FN:76,_RNvMs_NtNtCs5OApllgj7p4_7fluxion2ai17modular_surrogateNtB4_18CompositeSurrogate13predict_loads
FN:108,_RNvMs_NtNtCs5OApllgj7p4_7fluxion2ai17modular_surrogateNtB4_18CompositeSurrogate14num_components
FN:113,_RNvMs_NtNtCs5OApllgj7p4_7fluxion2ai17modular_surrogateNtB4_18CompositeSurrogate15component_names
FN:56,_RNvMs_NtNtCs5OApllgj7p4_7fluxion2ai17modular_surrogateNtB4_18CompositeSurrogate3new
FN:119,_RNvNtNtCs5OApllgj7p4_7fluxion2ai17modular_surrogate16components_empty
FN:114,_RNCNvMs_NtNtCs5OApllgj7p4_7fluxion2ai17modular_surrogateNtB6_18CompositeSurrogate15component_names0Ba_
FN:227,_RNvNtNtNtCs5OApllgj7p4_7fluxion2ai17modular_surrogate5testss_16clone_properties
FN:128,_RNvNtNtNtCs5OApllgj7p4_7fluxion2ai17modular_surrogate5testss_28component_surrogate_creation
FN:180,_RNvNtNtNtCs5OApllgj7p4_7fluxion2ai17modular_surrogate5testss_32composite_surrogate_empty_panics
FN:200,_RNvNtNtNtCs5OApllgj7p4_7fluxion2ai17modular_surrogate5testss_34composite_surrogate_num_components
FN:189,_RNvNtNtNtCs5OApllgj7p4_7fluxion2ai17modular_surrogate5testss_35composite_surrogate_component_names
FN:135,_RNvNtNtNtCs5OApllgj7p4_7fluxion2ai17modular_surrogate5testss_36composite_surrogate_single_component
FN:163,_RNvNtNtNtCs5OApllgj7p4_7fluxion2ai17modular_surrogate5testss_36composite_surrogate_three_components
FN:148,_RNvNtNtNtCs5OApllgj7p4_7fluxion2ai17modular_surrogate5testss_38composite_surrogate_two_components_sum
FN:212,_RNvNtNtNtCs5OApllgj7p4_7fluxion2ai17modular_surrogate5testss_49composite_surrogate_with_different_length_outputs
FNDA:1,_RNCNvNtNtNtCs5OApllgj7p4_7fluxion2ai17modular_surrogate5testss_32composite_surrogate_empty_panics0B9_
FNDA:0,_RNCNvNtNtNtCs5OApllgj7p4_7fluxion2ai17modular_surrogate5testss_36composite_surrogate_three_components0B9_
FNDA:0,_RNCNvNtNtNtCs5OApllgj7p4_7fluxion2ai17modular_surrogate5testss_36composite_surrogate_three_componentss_0B9_
FNDA:5,_RNvMNtNtCs5OApllgj7p4_7fluxion2ai17modular_surrogateNtB2_18ComponentSurrogate13predict_loads
FNDA:11,_RNvMNtNtCs5OApllgj7p4_7fluxion2ai17modular_surrogateNtB2_18ComponentSurrogate3new
FNDA:3,_RNvMs_NtNtCs5OApllgj7p4_7fluxion2ai17modular_surrogateNtB4_18CompositeSurrogate13predict_loads
FNDA:3,_RNvMs_NtNtCs5OApllgj7p4_7fluxion2ai17modular_surrogateNtB4_18CompositeSurrogate14num_components
FNDA:3,_RNvMs_NtNtCs5OApllgj7p4_7fluxion2ai17modular_surrogateNtB4_18CompositeSurrogate15component_names
FNDA:7,_RNvMs_NtNtCs5OApllgj7p4_7fluxion2ai17modular_surrogateNtB4_18CompositeSurrogate3new
FNDA:3,_RNvNtNtCs5OApllgj7p4_7fluxion2ai17modular_surrogate16components_empty
FNDA:4,_RNCNvMs_NtNtCs5OApllgj7p4_7fluxion2ai17modular_surrogateNtB6_18CompositeSurrogate15component_names0Ba_
FNDA:1,_RNvNtNtNtCs5OApllgj7p4_7fluxion2ai17modular_surrogate5testss_16clone_properties
FNDA:1,_RNvNtNtNtCs5OApllgj7p4_7fluxion2ai17modular_surrogate5testss_28component_surrogate_creation
FNDA:1,_RNvNtNtNtCs5OApllgj7p4_7fluxion2ai17modular_surrogate5testss_32composite_surrogate_empty_panics
FNDA:1,_RNvNtNtNtCs5OApllgj7p4_7fluxion2ai17modular_surrogate5testss_34composite_surrogate_num_components
FNDA:1,_RNvNtNtNtCs5OApllgj7p4_7fluxion2ai17modular_surrogate5testss_35composite_surrogate_component_names
FNDA:1,_RNvNtNtNtCs5OApllgj7p4_7fluxion2ai17modular_surrogate5testss_36composite_surrogate_single_component
FNDA:0,_RNvNtNtNtCs5OApllgj7p4_7fluxion2ai17modular_surrogate5testss_36composite_surrogate_three_components
FNDA:1,_RNvNtNtNtCs5OApllgj7p4_7fluxion2ai17modular_surrogate5testss_38composite_surrogate_two_components_sum
FNDA:1,_RNvNtNtNtCs5OApllgj7p4_7fluxion2ai17modular_surrogate5testss_49composite_surrogate_with_different_length_outputs
FNF:20
FNH:17
DA:23,11
DA:24,11
DA:25,11
DA:26,11
DA:27,11
DA:28,11
DA:33,5
DA:34,5
DA:35,5
DA:56,7
DA:57,7
DA:58,7
DA:61,6
DA:62,6
DA:76,3
DA:77,3
DA:78,0
DA:79,3
DA:82,3
DA:85,3
DA:88,3
DA:89,2
DA:91,2
DA:92,2
DA:93,6
DA:94,6
DA:95,6
DA:100,3
DA:101,0
DA:102,3
DA:104,3
DA:105,3
DA:108,3
DA:109,3
DA:110,3
DA:113,3
DA:114,4
DA:115,3
DA:119,3
DA:120,3
DA:121,3
DA:128,1
DA:129,1
DA:130,1
DA:131,1
DA:132,1
DA:135,1
DA:136,1
DA:137,1
DA:138,1
DA:140,1
DA:141,1
DA:144,1
DA:145,1
DA:148,1
DA:149,1
DA:150,1
DA:151,1
DA:152,1
DA:153,1
DA:155,1
DA:156,1
DA:159,1
DA:160,1
DA:163,0
DA:164,0
DA:165,0
DA:166,0
DA:167,0
DA:168,0
DA:169,0
DA:170,0
DA:172,0
DA:173,0
DA:176,0
DA:177,0
DA:180,1
DA:182,1
DA:183,1
DA:184,1
DA:185,1
DA:186,1
DA:189,1
DA:190,1
DA:191,1
DA:192,1
DA:193,1
DA:195,1
DA:196,1
DA:197,1
DA:200,1
DA:201,1
DA:202,1
DA:203,1
DA:204,1
DA:205,1
DA:207,1
DA:208,1
DA:209,1
DA:212,1
DA:215,1
DA:216,1
DA:217,1
DA:219,1
DA:220,1
DA:223,1
DA:224,1
DA:227,1
DA:228,1
DA:229,1
DA:230,1
DA:232,1
DA:233,1
DA:234,1
DA:235,1
BRF:0
BRH:0
LF:119
LH:103
end_of_record
SF:/home/alex/Projects/fluxion/src/ai/neural_field.rs
FN:64,_RINvMs_NtNtCs5OApllgj7p4_7fluxion2ai12neural_fieldINtB5_17NeuralScalarFielddE9from_onnxpEB9_
FN:79,_RNCINvMs_NtNtCs5OApllgj7p4_7fluxion2ai12neural_fieldINtB7_17NeuralScalarFielddE9from_onnxpE0Bb_
FN:36,_RNvMNtNtCs5OApllgj7p4_7fluxion2ai12neural_fieldINtB2_17NeuralScalarFielddE17evaluate_basis_1dB6_
FN:47,_RNvMNtNtCs5OApllgj7p4_7fluxion2ai12neural_fieldINtB2_17NeuralScalarFielddE18integrate_basis_1dB6_
FN:17,_RNvMNtNtCs5OApllgj7p4_7fluxion2ai12neural_fieldINtB2_17NeuralScalarFielddE3newB6_
FN:94,_RNvXs0_NtNtCs5OApllgj7p4_7fluxion2ai12neural_fieldINtB5_17NeuralScalarFielddEINtNtNtB9_7physics10continuous15ContinuousFielddE2atB9_
FN:111,_RNvXs0_NtNtCs5OApllgj7p4_7fluxion2ai12neural_fieldINtB5_17NeuralScalarFielddEINtNtNtB9_7physics10continuous15ContinuousFielddE9integrateB9_
FN:134,_RNvNtNtNtCs5OApllgj7p4_7fluxion2ai12neural_field5testss_19test_constant_field
FN:144,_RNvNtNtNtCs5OApllgj7p4_7fluxion2ai12neural_field5testss_22test_simple_sine_field
FNDA:0,_RINvMs_NtNtCs5OApllgj7p4_7fluxion2ai12neural_fieldINtB5_17NeuralScalarFielddE9from_onnxpEB9_
FNDA:0,_RNCINvMs_NtNtCs5OApllgj7p4_7fluxion2ai12neural_fieldINtB7_17NeuralScalarFielddE9from_onnxpE0Bb_
FNDA:6,_RNvMNtNtCs5OApllgj7p4_7fluxion2ai12neural_fieldINtB2_17NeuralScalarFielddE17evaluate_basis_1dB6_
FNDA:4,_RNvMNtNtCs5OApllgj7p4_7fluxion2ai12neural_fieldINtB2_17NeuralScalarFielddE18integrate_basis_1dB6_
FNDA:2,_RNvMNtNtCs5OApllgj7p4_7fluxion2ai12neural_fieldINtB2_17NeuralScalarFielddE3newB6_
FNDA:3,_RNvXs0_NtNtCs5OApllgj7p4_7fluxion2ai12neural_fieldINtB5_17NeuralScalarFielddEINtNtNtB9_7physics10continuous15ContinuousFielddE2atB9_
FNDA:2,_RNvXs0_NtNtCs5OApllgj7p4_7fluxion2ai12neural_fieldINtB5_17NeuralScalarFielddEINtNtNtB9_7physics10continuous15ContinuousFielddE9integrateB9_
FNDA:1,_RNvNtNtNtCs5OApllgj7p4_7fluxion2ai12neural_field5testss_19test_constant_field
FNDA:1,_RNvNtNtNtCs5OApllgj7p4_7fluxion2ai12neural_field5testss_22test_simple_sine_field
FNF:9
FNH:7
DA:17,2
DA:18,2
DA:19,2
DA:20,2
DA:21,0
DA:22,2
DA:23,2
DA:24,0
DA:25,2
DA:26,2
DA:27,0
DA:28,0
DA:29,0
DA:30,0
DA:31,2
DA:32,2
DA:33,2
DA:34,2
DA:36,6
DA:37,6
DA:38,6
DA:39,6
DA:40,2
DA:41,2
DA:42,2
DA:43,2
DA:44,6
DA:45,6
DA:47,4
DA:48,4
DA:49,4
DA:51,4
DA:52,2
DA:53,2
DA:54,2
DA:55,2
DA:56,2
DA:57,2
DA:58,2
DA:59,4
DA:60,4
DA:64,0
DA:65,0
DA:66,0
DA:67,0
DA:68,0
DA:70,0
DA:71,0
DA:73,0
DA:74,0
DA:76,0
DA:78,0
DA:79,0
DA:80,0
DA:81,0
DA:83,0
DA:86,0
DA:87,0
DA:94,3
DA:95,3
DA:96,3
DA:98,3
DA:99,3
DA:101,5
DA:102,11
DA:103,11
DA:104,11
DA:105,11
DA:106,11
DA:108,3
DA:109,3
DA:111,2
DA:112,2
DA:113,2
DA:115,2
DA:116,2
DA:118,4
DA:119,10
DA:120,10
DA:121,10
DA:122,10
DA:123,10
DA:125,2
DA:126,2
DA:134,1
DA:135,1
DA:136,1
DA:137,1
DA:138,1
DA:139,1
DA:140,1
DA:141,1
DA:144,1
DA:145,1
DA:146,1
DA:147,1
DA:148,1
DA:149,1
DA:150,1
DA:151,1
DA:152,1
BRF:0
BRH:0
LF:102
LH:78
end_of_record
SF:/home/alex/Projects/fluxion/src/ai/shared_batch_service.rs
FN:26,_RNvXNtNtCs5OApllgj7p4_7fluxion2ai20shared_batch_serviceNtB2_18DynamicBatchConfigNtNtCs7dTDQl1DYhd_4core7default7Default7default
FN:216,_RNCNvNtNtNtCs5OApllgj7p4_7fluxion2ai20shared_batch_service5testss_34test_shared_batch_service_batching0B9_
FN:183,_RNCNvNtNtNtCs5OApllgj7p4_7fluxion2ai20shared_batch_service5testss_36test_shared_batch_service_concurrent0B9_
FN:138,_RNvXs0_NtNtCs5OApllgj7p4_7fluxion2ai20shared_batch_serviceNtB5_5InnerNtNtNtCs7dTDQl1DYhd_4core3ops4drop4Drop4drop
FN:122,_RNCNvMs_NtNtCs5OApllgj7p4_7fluxion2ai20shared_batch_serviceNtB6_27SharedBatchInferenceService10run_worker0Ba_
FN:65,_RNCNvMs_NtNtCs5OApllgj7p4_7fluxion2ai20shared_batch_serviceNtB6_27SharedBatchInferenceService3new0Ba_
FN:154,_RNvNtNtNtCs5OApllgj7p4_7fluxion2ai20shared_batch_service5testss_32test_shared_batch_service_single
FN:201,_RNvNtNtNtCs5OApllgj7p4_7fluxion2ai20shared_batch_service5testss_34test_shared_batch_service_batching
FN:170,_RNvNtNtNtCs5OApllgj7p4_7fluxion2ai20shared_batch_service5testss_36test_shared_batch_service_concurrent
FN:95,_RNvMs_NtNtCs5OApllgj7p4_7fluxion2ai20shared_batch_serviceNtB4_27SharedBatchInferenceService10run_worker
FN:58,_RNvMs_NtNtCs5OApllgj7p4_7fluxion2ai20shared_batch_serviceNtB4_27SharedBatchInferenceService3new
FN:79,_RNvMs_NtNtCs5OApllgj7p4_7fluxion2ai20shared_batch_serviceNtB4_27SharedBatchInferenceService6submit
FNDA:0,_RNvXNtNtCs5OApllgj7p4_7fluxion2ai20shared_batch_serviceNtB2_18DynamicBatchConfigNtNtCs7dTDQl1DYhd_4core7default7Default7default
FNDA:0,_RNCNvNtNtNtCs5OApllgj7p4_7fluxion2ai20shared_batch_service5testss_34test_shared_batch_service_batching0B9_
FNDA:0,_RNCNvNtNtNtCs5OApllgj7p4_7fluxion2ai20shared_batch_service5testss_36test_shared_batch_service_concurrent0B9_
FNDA:0,_RNvXs0_NtNtCs5OApllgj7p4_7fluxion2ai20shared_batch_serviceNtB5_5InnerNtNtNtCs7dTDQl1DYhd_4core3ops4drop4Drop4drop
FNDA:0,_RNCNvMs_NtNtCs5OApllgj7p4_7fluxion2ai20shared_batch_serviceNtB6_27SharedBatchInferenceService10run_worker0Ba_
FNDA:0,_RNCNvMs_NtNtCs5OApllgj7p4_7fluxion2ai20shared_batch_serviceNtB6_27SharedBatchInferenceService3new0Ba_
FNDA:0,_RNvNtNtNtCs5OApllgj7p4_7fluxion2ai20shared_batch_service5testss_32test_shared_batch_service_single
FNDA:0,_RNvNtNtNtCs5OApllgj7p4_7fluxion2ai20shared_batch_service5testss_34test_shared_batch_service_batching
FNDA:0,_RNvNtNtNtCs5OApllgj7p4_7fluxion2ai20shared_batch_service5testss_36test_shared_batch_service_concurrent
FNDA:0,_RNvMs_NtNtCs5OApllgj7p4_7fluxion2ai20shared_batch_serviceNtB4_27SharedBatchInferenceService10run_worker
FNDA:0,_RNvMs_NtNtCs5OApllgj7p4_7fluxion2ai20shared_batch_serviceNtB4_27SharedBatchInferenceService3new
FNDA:0,_RNvMs_NtNtCs5OApllgj7p4_7fluxion2ai20shared_batch_serviceNtB4_27SharedBatchInferenceService6submit
FNF:12
FNH:0
DA:26,0
DA:27,0
DA:28,0
DA:29,0
DA:30,0
DA:31,0
DA:58,0
DA:59,0
DA:60,0
DA:61,0
DA:62,0
DA:63,0
DA:64,0
DA:65,0
DA:66,0
DA:67,0
DA:68,0
DA:69,0
DA:70,0
DA:71,0
DA:72,0
DA:79,0
DA:80,0
DA:81,0
DA:82,0
DA:83,0
DA:84,0
DA:87,0
DA:88,0
DA:89,0
DA:90,0
DA:91,0
DA:92,0
DA:95,0
DA:96,0
DA:97,0
DA:98,0
DA:99,0
DA:102,0
DA:105,0
DA:106,0
DA:107,0
DA:111,0
DA:112,0
DA:113,0
DA:114,0
DA:115,0
DA:120,0
DA:121,0
DA:122,0
DA:123,0
DA:126,0
DA:129,0
DA:130,0
DA:131,0
DA:132,0
DA:134,0
DA:138,0
DA:140,0
DA:141,0
DA:142,0
DA:143,0
DA:154,0
DA:155,0
DA:156,0
DA:157,0
DA:158,0
DA:159,0
DA:160,0
DA:161,0
DA:162,0
DA:163,0
DA:164,0
DA:165,0
DA:166,0
DA:167,0
DA:170,0
DA:171,0
DA:172,0
DA:173,0
DA:174,0
DA:175,0
DA:176,0
DA:177,0
DA:179,0
DA:181,0
DA:182,0
DA:183,0
DA:184,0
DA:185,0
DA:186,0
DA:187,0
DA:188,0
DA:189,0
DA:192,0
DA:193,0
DA:194,0
DA:195,0
DA:196,0
DA:198,0
DA:201,0
DA:204,0
DA:205,0
DA:206,0
DA:207,0
DA:208,0
DA:209,0
DA:211,0
DA:212,0
DA:214,0
DA:215,0
DA:216,0
DA:217,0
DA:218,0
DA:219,0
DA:220,0
DA:224,0
DA:225,0
DA:226,0
DA:231,0
BRF:0
BRH:0
LF:124
LH:0
end_of_record
SF:/home/alex/Projects/fluxion/src/ai/surrogate.rs
FN:717,_RNCNCNvMs9_NtNtCs5OApllgj7p4_7fluxion2ai9surrogateNtB9_16SurrogateManager24predict_with_uncertainty00Bd_
FN:728,_RNCNCNvMs9_NtNtCs5OApllgj7p4_7fluxion2ai9surrogateNtB9_16SurrogateManager24predict_with_uncertaintys0_00Bd_
FN:172,_RNCNvMs1_NtNtCs5OApllgj7p4_7fluxion2ai9surrogateNtB7_22MultiDeviceSessionPool3new0Bb_
FN:282,_RNCNvMs2_NtNtCs5OApllgj7p4_7fluxion2ai9surrogateNtB7_23MultiDeviceSessionGuard13run_inference0Bb_
FN:287,_RNCNvMs2_NtNtCs5OApllgj7p4_7fluxion2ai9surrogateNtB7_23MultiDeviceSessionGuard13run_inferences0_0Bb_
FN:286,_RNCNvMs2_NtNtCs5OApllgj7p4_7fluxion2ai9surrogateNtB7_23MultiDeviceSessionGuard13run_inferences_0Bb_
FN:516,_RNCNvMs7_NtNtCs5OApllgj7p4_7fluxion2ai9surrogateNtB7_16SurrogateManager12load_modular0Bb_
FN:681,_RNCNvMs8_NtNtCs5OApllgj7p4_7fluxion2ai9surrogateNtB7_25PredictionWithUncertainty3new0Bb_
FN:686,_RNCNvMs8_NtNtCs5OApllgj7p4_7fluxion2ai9surrogateNtB7_25PredictionWithUncertainty3news_0Bb_
FN:716,_RNCNvMs9_NtNtCs5OApllgj7p4_7fluxion2ai9surrogateNtB7_16SurrogateManager24predict_with_uncertainty0Bb_
FN:727,_RNCNvMs9_NtNtCs5OApllgj7p4_7fluxion2ai9surrogateNtB7_16SurrogateManager24predict_with_uncertaintys0_0Bb_
FN:756,_RNCNvMs9_NtNtCs5OApllgj7p4_7fluxion2ai9surrogateNtB7_16SurrogateManager24predict_with_uncertaintys1_0Bb_
FN:723,_RNCNvMs9_NtNtCs5OApllgj7p4_7fluxion2ai9surrogateNtB7_16SurrogateManager24predict_with_uncertaintys_0Bb_
FN:772,_RNCNvMs9_NtNtCs5OApllgj7p4_7fluxion2ai9surrogateNtB7_16SurrogateManager29get_prediction_interval_width0Bb_
FN:47,_RNvMNtNtCs5OApllgj7p4_7fluxion2ai9surrogateNtB2_18QuantizationConfig4fp16
FN:41,_RNvMNtNtCs5OApllgj7p4_7fluxion2ai9surrogateNtB2_18QuantizationConfig4fp32
FN:53,_RNvMNtNtCs5OApllgj7p4_7fluxion2ai9surrogateNtB2_18QuantizationConfig4int8
FN:128,_RNvMs0_NtNtCs5OApllgj7p4_7fluxion2ai9surrogateNtB5_16InferenceMetrics16record_inference
FN:134,_RNvMs0_NtNtCs5OApllgj7p4_7fluxion2ai9surrogateNtB5_16InferenceMetrics5reset
FN:257,_RNvMs1_NtNtCs5OApllgj7p4_7fluxion2ai9surrogateNtB5_22MultiDeviceSessionPool11get_session
FN:268,_RNvMs1_NtNtCs5OApllgj7p4_7fluxion2ai9surrogateNtB5_22MultiDeviceSessionPool11num_devices
FN:208,_RNvMs1_NtNtCs5OApllgj7p4_7fluxion2ai9surrogateNtB5_22MultiDeviceSessionPool19detect_cuda_devices
FN:236,_RNvMs1_NtNtCs5OApllgj7p4_7fluxion2ai9surrogateNtB5_22MultiDeviceSessionPool20get_cuda_device_info
FN:169,_RNvMs1_NtNtCs5OApllgj7p4_7fluxion2ai9surrogateNtB5_22MultiDeviceSessionPool3new
FN:278,_RNvMs2_NtNtCs5OApllgj7p4_7fluxion2ai9surrogateNtB5_23MultiDeviceSessionGuard13run_inference
FN:502,_RNvMs7_NtNtCs5OApllgj7p4_7fluxion2ai9surrogateNtB5_16SurrogateManager12load_modular
FN:461,_RNvMs7_NtNtCs5OApllgj7p4_7fluxion2ai9surrogateNtB5_16SurrogateManager17with_multi_device
FN:677,_RNvMs8_NtNtCs5OApllgj7p4_7fluxion2ai9surrogateNtB5_25PredictionWithUncertainty3new
FN:698,_RNvMs9_NtNtCs5OApllgj7p4_7fluxion2ai9surrogateNtB5_16SurrogateManager24predict_with_uncertainty
FN:760,_RNvMs9_NtNtCs5OApllgj7p4_7fluxion2ai9surrogateNtB5_16SurrogateManager29get_prediction_interval_width
FN:72,_RNvMs_NtNtCs5OApllgj7p4_7fluxion2ai9surrogateNtB4_17MultiDeviceConfig10single_gpu
FN:92,_RNvMs_NtNtCs5OApllgj7p4_7fluxion2ai9surrogateNtB4_17MultiDeviceConfig4auto
FN:82,_RNvMs_NtNtCs5OApllgj7p4_7fluxion2ai9surrogateNtB4_17MultiDeviceConfig9multi_gpu
FN:388,_RNvXs5_NtNtCs5OApllgj7p4_7fluxion2ai9surrogateNtB5_12SessionGuardNtNtNtCs7dTDQl1DYhd_4core3ops5deref5Deref5deref
FN:379,_RNvXs4_NtNtCs5OApllgj7p4_7fluxion2ai9surrogateNtB5_12SessionGuardNtNtNtCs7dTDQl1DYhd_4core3ops4drop4Drop4drop
FN:332,_RNvMs3_NtNtCs5OApllgj7p4_7fluxion2ai9surrogateNtB5_11SessionPool14create_session
FN:327,_RNvMs3_NtNtCs5OApllgj7p4_7fluxion2ai9surrogateNtB5_11SessionPool14return_session
FN:309,_RNvMs3_NtNtCs5OApllgj7p4_7fluxion2ai9surrogateNtB5_11SessionPool21get_or_create_session
FN:295,_RNvMs3_NtNtCs5OApllgj7p4_7fluxion2ai9surrogateNtB5_11SessionPool3new
FN:419,_RNvMs7_NtNtCs5OApllgj7p4_7fluxion2ai9surrogateNtB5_16SurrogateManager13gpu_supported
FN:532,_RNvMs7_NtNtCs5OApllgj7p4_7fluxion2ai9surrogateNtB5_16SurrogateManager13predict_loads
FN:440,_RNvMs7_NtNtCs5OApllgj7p4_7fluxion2ai9surrogateNtB5_16SurrogateManager16with_gpu_backend
FN:590,_RNvMs7_NtNtCs5OApllgj7p4_7fluxion2ai9surrogateNtB5_16SurrogateManager21predict_loads_batched
FN:400,_RNvMs7_NtNtCs5OApllgj7p4_7fluxion2ai9surrogateNtB5_16SurrogateManager3new
FN:436,_RNvMs7_NtNtCs5OApllgj7p4_7fluxion2ai9surrogateNtB5_16SurrogateManager9load_onnx
FN:394,_RNvXs6_NtNtCs5OApllgj7p4_7fluxion2ai9surrogateNtB5_12SessionGuardNtNtNtCs7dTDQl1DYhd_4core3ops5deref8DerefMut9deref_mut
FN:824,_RNCNvNtNtNtCs5OApllgj7p4_7fluxion2ai9surrogate5testss_29predict_loads_with_many_zones0B9_
FN:828,_RNCNvNtNtNtCs5OApllgj7p4_7fluxion2ai9surrogate5testss_29predict_loads_with_many_zoness_0B9_
FN:614,_RNCNCNvMs7_NtNtCs5OApllgj7p4_7fluxion2ai9surrogateNtB9_16SurrogateManager21predict_loads_batcheds1_00Bd_
FN:339,_RNCNvMs3_NtNtCs5OApllgj7p4_7fluxion2ai9surrogateNtB7_11SessionPool14create_session0Bb_
FN:351,_RNCNvMs3_NtNtCs5OApllgj7p4_7fluxion2ai9surrogateNtB7_11SessionPool14create_sessions0_0Bb_
FN:357,_RNCNvMs3_NtNtCs5OApllgj7p4_7fluxion2ai9surrogateNtB7_11SessionPool14create_sessions1_0Bb_
FN:363,_RNCNvMs3_NtNtCs5OApllgj7p4_7fluxion2ai9surrogateNtB7_11SessionPool14create_sessions2_0Bb_
FN:369,_RNCNvMs3_NtNtCs5OApllgj7p4_7fluxion2ai9surrogateNtB7_11SessionPool14create_sessions3_0Bb_
FN:345,_RNCNvMs3_NtNtCs5OApllgj7p4_7fluxion2ai9surrogateNtB7_11SessionPool14create_sessions_0Bb_
FN:319,_RNCNvMs3_NtNtCs5OApllgj7p4_7fluxion2ai9surrogateNtB7_11SessionPool21get_or_create_session0Bb_
FN:543,_RNCNvMs7_NtNtCs5OApllgj7p4_7fluxion2ai9surrogateNtB7_16SurrogateManager13predict_loads0Bb_
FN:561,_RNCNvMs7_NtNtCs5OApllgj7p4_7fluxion2ai9surrogateNtB7_16SurrogateManager13predict_loadss_0Bb_
FN:595,_RNCNvMs7_NtNtCs5OApllgj7p4_7fluxion2ai9surrogateNtB7_16SurrogateManager21predict_loads_batched0Bb_
FN:609,_RNCNvMs7_NtNtCs5OApllgj7p4_7fluxion2ai9surrogateNtB7_16SurrogateManager21predict_loads_batcheds0_0Bb_
FN:614,_RNCNvMs7_NtNtCs5OApllgj7p4_7fluxion2ai9surrogateNtB7_16SurrogateManager21predict_loads_batcheds1_0Bb_
FN:625,_RNCNvMs7_NtNtCs5OApllgj7p4_7fluxion2ai9surrogateNtB7_16SurrogateManager21predict_loads_batcheds2_0Bb_
FN:634,_RNCNvMs7_NtNtCs5OApllgj7p4_7fluxion2ai9surrogateNtB7_16SurrogateManager21predict_loads_batcheds3_0Bb_
FN:649,_RNCNvMs7_NtNtCs5OApllgj7p4_7fluxion2ai9surrogateNtB7_16SurrogateManager21predict_loads_batcheds4_0Bb_
FN:653,_RNCNvMs7_NtNtCs5OApllgj7p4_7fluxion2ai9surrogateNtB7_16SurrogateManager21predict_loads_batcheds5_0Bb_
FN:659,_RNCNvMs7_NtNtCs5OApllgj7p4_7fluxion2ai9surrogateNtB7_16SurrogateManager21predict_loads_batcheds6_0Bb_
FN:663,_RNCNvMs7_NtNtCs5OApllgj7p4_7fluxion2ai9surrogateNtB7_16SurrogateManager21predict_loads_batcheds7_0Bb_
FN:601,_RNCNvMs7_NtNtCs5OApllgj7p4_7fluxion2ai9surrogateNtB7_16SurrogateManager21predict_loads_batcheds_0Bb_
FN:785,_RNvNtNtNtCs5OApllgj7p4_7fluxion2ai9surrogate5testss_12predict_mock
FN:831,_RNvNtNtNtCs5OApllgj7p4_7fluxion2ai9surrogate5testss_19model_path_optional
FN:797,_RNvNtNtNtCs5OApllgj7p4_7fluxion2ai9surrogate5testss_20load_onnx_file_check
FN:791,_RNvNtNtNtCs5OApllgj7p4_7fluxion2ai9surrogate5testss_20predict_mock_batched
FN:843,_RNvNtNtNtCs5OApllgj7p4_7fluxion2ai9surrogate5testss_23predict_onnx_real_model
FN:837,_RNvNtNtNtCs5OApllgj7p4_7fluxion2ai9surrogate5testss_23surrogate_manager_clone
FN:820,_RNvNtNtNtCs5OApllgj7p4_7fluxion2ai9surrogate5testss_29predict_loads_with_many_zones
FN:814,_RNvNtNtNtCs5OApllgj7p4_7fluxion2ai9surrogate5testss_30predict_loads_with_empty_temps
FN:866,_RNvNtNtNtCs5OApllgj7p4_7fluxion2ai9surrogate5testss_31predict_onnx_real_model_batched
FN:805,_RNvNtNtNtCs5OApllgj7p4_7fluxion2ai9surrogate5testss_32load_onnx_gpu_backend_file_check
FN:780,_RNvNtNtNtCs5OApllgj7p4_7fluxion2ai9surrogate5testss_8creation
FNDA:0,_RNCNCNvMs9_NtNtCs5OApllgj7p4_7fluxion2ai9surrogateNtB9_16SurrogateManager24predict_with_uncertainty00Bd_
FNDA:0,_RNCNCNvMs9_NtNtCs5OApllgj7p4_7fluxion2ai9surrogateNtB9_16SurrogateManager24predict_with_uncertaintys0_00Bd_
FNDA:0,_RNCNvMs1_NtNtCs5OApllgj7p4_7fluxion2ai9surrogateNtB7_22MultiDeviceSessionPool3new0Bb_
FNDA:0,_RNCNvMs2_NtNtCs5OApllgj7p4_7fluxion2ai9surrogateNtB7_23MultiDeviceSessionGuard13run_inference0Bb_
FNDA:0,_RNCNvMs2_NtNtCs5OApllgj7p4_7fluxion2ai9surrogateNtB7_23MultiDeviceSessionGuard13run_inferences0_0Bb_
FNDA:0,_RNCNvMs2_NtNtCs5OApllgj7p4_7fluxion2ai9surrogateNtB7_23MultiDeviceSessionGuard13run_inferences_0Bb_
FNDA:0,_RNCNvMs7_NtNtCs5OApllgj7p4_7fluxion2ai9surrogateNtB7_16SurrogateManager12load_modular0Bb_
FNDA:0,_RNCNvMs8_NtNtCs5OApllgj7p4_7fluxion2ai9surrogateNtB7_25PredictionWithUncertainty3new0Bb_
FNDA:0,_RNCNvMs8_NtNtCs5OApllgj7p4_7fluxion2ai9surrogateNtB7_25PredictionWithUncertainty3news_0Bb_
FNDA:0,_RNCNvMs9_NtNtCs5OApllgj7p4_7fluxion2ai9surrogateNtB7_16SurrogateManager24predict_with_uncertainty0Bb_
FNDA:0,_RNCNvMs9_NtNtCs5OApllgj7p4_7fluxion2ai9surrogateNtB7_16SurrogateManager24predict_with_uncertaintys0_0Bb_
FNDA:0,_RNCNvMs9_NtNtCs5OApllgj7p4_7fluxion2ai9surrogateNtB7_16SurrogateManager24predict_with_uncertaintys1_0Bb_
FNDA:0,_RNCNvMs9_NtNtCs5OApllgj7p4_7fluxion2ai9surrogateNtB7_16SurrogateManager24predict_with_uncertaintys_0Bb_
FNDA:0,_RNCNvMs9_NtNtCs5OApllgj7p4_7fluxion2ai9surrogateNtB7_16SurrogateManager29get_prediction_interval_width0Bb_
FNDA:0,_RNvMNtNtCs5OApllgj7p4_7fluxion2ai9surrogateNtB2_18QuantizationConfig4fp16
FNDA:0,_RNvMNtNtCs5OApllgj7p4_7fluxion2ai9surrogateNtB2_18QuantizationConfig4fp32
FNDA:0,_RNvMNtNtCs5OApllgj7p4_7fluxion2ai9surrogateNtB2_18QuantizationConfig4int8
FNDA:0,_RNvMs0_NtNtCs5OApllgj7p4_7fluxion2ai9surrogateNtB5_16InferenceMetrics16record_inference
FNDA:0,_RNvMs0_NtNtCs5OApllgj7p4_7fluxion2ai9surrogateNtB5_16InferenceMetrics5reset
FNDA:0,_RNvMs1_NtNtCs5OApllgj7p4_7fluxion2ai9surrogateNtB5_22MultiDeviceSessionPool11get_session
FNDA:0,_RNvMs1_NtNtCs5OApllgj7p4_7fluxion2ai9surrogateNtB5_22MultiDeviceSessionPool11num_devices
FNDA:0,_RNvMs1_NtNtCs5OApllgj7p4_7fluxion2ai9surrogateNtB5_22MultiDeviceSessionPool19detect_cuda_devices
FNDA:0,_RNvMs1_NtNtCs5OApllgj7p4_7fluxion2ai9surrogateNtB5_22MultiDeviceSessionPool20get_cuda_device_info
FNDA:0,_RNvMs1_NtNtCs5OApllgj7p4_7fluxion2ai9surrogateNtB5_22MultiDeviceSessionPool3new
FNDA:0,_RNvMs2_NtNtCs5OApllgj7p4_7fluxion2ai9surrogateNtB5_23MultiDeviceSessionGuard13run_inference
FNDA:0,_RNvMs7_NtNtCs5OApllgj7p4_7fluxion2ai9surrogateNtB5_16SurrogateManager12load_modular
FNDA:0,_RNvMs7_NtNtCs5OApllgj7p4_7fluxion2ai9surrogateNtB5_16SurrogateManager17with_multi_device
FNDA:0,_RNvMs8_NtNtCs5OApllgj7p4_7fluxion2ai9surrogateNtB5_25PredictionWithUncertainty3new
FNDA:0,_RNvMs9_NtNtCs5OApllgj7p4_7fluxion2ai9surrogateNtB5_16SurrogateManager24predict_with_uncertainty
FNDA:0,_RNvMs9_NtNtCs5OApllgj7p4_7fluxion2ai9surrogateNtB5_16SurrogateManager29get_prediction_interval_width
FNDA:0,_RNvMs_NtNtCs5OApllgj7p4_7fluxion2ai9surrogateNtB4_17MultiDeviceConfig10single_gpu
FNDA:0,_RNvMs_NtNtCs5OApllgj7p4_7fluxion2ai9surrogateNtB4_17MultiDeviceConfig4auto
FNDA:0,_RNvMs_NtNtCs5OApllgj7p4_7fluxion2ai9surrogateNtB4_17MultiDeviceConfig9multi_gpu
FNDA:0,_RNvXs5_NtNtCs5OApllgj7p4_7fluxion2ai9surrogateNtB5_12SessionGuardNtNtNtCs7dTDQl1DYhd_4core3ops5deref5Deref5deref
FNDA:400003,_RNvXs4_NtNtCs5OApllgj7p4_7fluxion2ai9surrogateNtB5_12SessionGuardNtNtNtCs7dTDQl1DYhd_4core3ops4drop4Drop4drop
FNDA:15,_RNvMs3_NtNtCs5OApllgj7p4_7fluxion2ai9surrogateNtB5_11SessionPool14create_session
FNDA:400003,_RNvMs3_NtNtCs5OApllgj7p4_7fluxion2ai9surrogateNtB5_11SessionPool14return_session
FNDA:400003,_RNvMs3_NtNtCs5OApllgj7p4_7fluxion2ai9surrogateNtB5_11SessionPool21get_or_create_session
FNDA:4,_RNvMs3_NtNtCs5OApllgj7p4_7fluxion2ai9surrogateNtB5_11SessionPool3new
FNDA:0,_RNvMs7_NtNtCs5OApllgj7p4_7fluxion2ai9surrogateNtB5_16SurrogateManager13gpu_supported
FNDA:417530,_RNvMs7_NtNtCs5OApllgj7p4_7fluxion2ai9surrogateNtB5_16SurrogateManager13predict_loads
FNDA:6,_RNvMs7_NtNtCs5OApllgj7p4_7fluxion2ai9surrogateNtB5_16SurrogateManager16with_gpu_backend
FNDA:2,_RNvMs7_NtNtCs5OApllgj7p4_7fluxion2ai9surrogateNtB5_16SurrogateManager21predict_loads_batched
FNDA:31,_RNvMs7_NtNtCs5OApllgj7p4_7fluxion2ai9surrogateNtB5_16SurrogateManager3new
FNDA:5,_RNvMs7_NtNtCs5OApllgj7p4_7fluxion2ai9surrogateNtB5_16SurrogateManager9load_onnx
FNDA:400003,_RNvXs6_NtNtCs5OApllgj7p4_7fluxion2ai9surrogateNtB5_12SessionGuardNtNtNtCs7dTDQl1DYhd_4core3ops5deref8DerefMut9deref_mut
FNDA:100,_RNCNvNtNtNtCs5OApllgj7p4_7fluxion2ai9surrogate5testss_29predict_loads_with_many_zones0B9_
FNDA:100,_RNCNvNtNtNtCs5OApllgj7p4_7fluxion2ai9surrogate5testss_29predict_loads_with_many_zoness_0B9_
FNDA:4,_RNCNCNvMs7_NtNtCs5OApllgj7p4_7fluxion2ai9surrogateNtB9_16SurrogateManager21predict_loads_batcheds1_00Bd_
FNDA:0,_RNCNvMs3_NtNtCs5OApllgj7p4_7fluxion2ai9surrogateNtB7_11SessionPool14create_session0Bb_
FNDA:0,_RNCNvMs3_NtNtCs5OApllgj7p4_7fluxion2ai9surrogateNtB7_11SessionPool14create_sessions0_0Bb_
FNDA:0,_RNCNvMs3_NtNtCs5OApllgj7p4_7fluxion2ai9surrogateNtB7_11SessionPool14create_sessions1_0Bb_
FNDA:0,_RNCNvMs3_NtNtCs5OApllgj7p4_7fluxion2ai9surrogateNtB7_11SessionPool14create_sessions2_0Bb_
FNDA:0,_RNCNvMs3_NtNtCs5OApllgj7p4_7fluxion2ai9surrogateNtB7_11SessionPool14create_sessions3_0Bb_
FNDA:0,_RNCNvMs3_NtNtCs5OApllgj7p4_7fluxion2ai9surrogateNtB7_11SessionPool14create_sessions_0Bb_
FNDA:11,_RNCNvMs3_NtNtCs5OApllgj7p4_7fluxion2ai9surrogateNtB7_11SessionPool21get_or_create_session0Bb_
FNDA:4000007,_RNCNvMs7_NtNtCs5OApllgj7p4_7fluxion2ai9surrogateNtB7_16SurrogateManager13predict_loads0Bb_
FNDA:2,_RNCNvMs7_NtNtCs5OApllgj7p4_7fluxion2ai9surrogateNtB7_16SurrogateManager13predict_loadss_0Bb_
FNDA:0,_RNCNvMs7_NtNtCs5OApllgj7p4_7fluxion2ai9surrogateNtB7_16SurrogateManager21predict_loads_batched0Bb_
FNDA:0,_RNCNvMs7_NtNtCs5OApllgj7p4_7fluxion2ai9surrogateNtB7_16SurrogateManager21predict_loads_batcheds0_0Bb_
FNDA:2,_RNCNvMs7_NtNtCs5OApllgj7p4_7fluxion2ai9surrogateNtB7_16SurrogateManager21predict_loads_batcheds1_0Bb_
FNDA:0,_RNCNvMs7_NtNtCs5OApllgj7p4_7fluxion2ai9surrogateNtB7_16SurrogateManager21predict_loads_batcheds2_0Bb_
FNDA:4,_RNCNvMs7_NtNtCs5OApllgj7p4_7fluxion2ai9surrogateNtB7_16SurrogateManager21predict_loads_batcheds3_0Bb_
FNDA:0,_RNCNvMs7_NtNtCs5OApllgj7p4_7fluxion2ai9surrogateNtB7_16SurrogateManager21predict_loads_batcheds4_0Bb_
FNDA:0,_RNCNvMs7_NtNtCs5OApllgj7p4_7fluxion2ai9surrogateNtB7_16SurrogateManager21predict_loads_batcheds5_0Bb_
FNDA:0,_RNCNvMs7_NtNtCs5OApllgj7p4_7fluxion2ai9surrogateNtB7_16SurrogateManager21predict_loads_batcheds6_0Bb_
FNDA:0,_RNCNvMs7_NtNtCs5OApllgj7p4_7fluxion2ai9surrogateNtB7_16SurrogateManager21predict_loads_batcheds7_0Bb_
FNDA:2,_RNCNvMs7_NtNtCs5OApllgj7p4_7fluxion2ai9surrogateNtB7_16SurrogateManager21predict_loads_batcheds_0Bb_
FNDA:1,_RNvNtNtNtCs5OApllgj7p4_7fluxion2ai9surrogate5testss_12predict_mock
FNDA:1,_RNvNtNtNtCs5OApllgj7p4_7fluxion2ai9surrogate5testss_19model_path_optional
FNDA:1,_RNvNtNtNtCs5OApllgj7p4_7fluxion2ai9surrogate5testss_20load_onnx_file_check
FNDA:1,_RNvNtNtNtCs5OApllgj7p4_7fluxion2ai9surrogate5testss_20predict_mock_batched
FNDA:1,_RNvNtNtNtCs5OApllgj7p4_7fluxion2ai9surrogate5testss_23predict_onnx_real_model
FNDA:1,_RNvNtNtNtCs5OApllgj7p4_7fluxion2ai9surrogate5testss_23surrogate_manager_clone
FNDA:1,_RNvNtNtNtCs5OApllgj7p4_7fluxion2ai9surrogate5testss_29predict_loads_with_many_zones
FNDA:1,_RNvNtNtNtCs5OApllgj7p4_7fluxion2ai9surrogate5testss_30predict_loads_with_empty_temps
FNDA:1,_RNvNtNtNtCs5OApllgj7p4_7fluxion2ai9surrogate5testss_31predict_onnx_real_model_batched
FNDA:1,_RNvNtNtNtCs5OApllgj7p4_7fluxion2ai9surrogate5testss_32load_onnx_gpu_backend_file_check
FNDA:1,_RNvNtNtNtCs5OApllgj7p4_7fluxion2ai9surrogate5testss_8creation
FNF:79
FNH:31
DA:41,0
DA:42,0
DA:43,0
DA:44,0
DA:45,0
DA:46,0
DA:47,0
DA:48,0
DA:49,0
DA:50,0
DA:51,0
DA:52,0
DA:53,0
DA:54,0
DA:55,0
DA:56,0
DA:57,0
DA:58,0
DA:72,0
DA:73,0
DA:74,0
DA:75,0
DA:76,0
DA:77,0
DA:78,0
DA:79,0
DA:80,0
DA:81,0
DA:82,0
DA:83,0
DA:84,0
DA:85,0
DA:86,0
DA:87,0
DA:88,0
DA:89,0
DA:90,0
DA:91,0
DA:92,0
DA:93,0
DA:94,0
DA:95,0
DA:96,0
DA:97,0
DA:98,0
DA:99,0
DA:100,0
DA:101,0
DA:128,0
DA:129,0
DA:130,0
DA:131,0
DA:132,0
DA:133,0
DA:134,0
DA:135,0
DA:136,0
DA:137,0
DA:138,0
DA:139,0
DA:169,0
DA:170,0
DA:171,0
DA:172,0
DA:173,0
DA:174,0
DA:176,0
DA:179,0
DA:180,0
DA:181,0
DA:182,0
DA:183,0
DA:184,0
DA:185,0
DA:186,0
DA:187,0
DA:188,0
DA:189,0
DA:190,0
DA:197,0
DA:198,0
DA:199,0
DA:201,0
DA:202,0
DA:203,0
DA:204,0
DA:205,0
DA:206,0
DA:208,0
DA:232,0
DA:234,0
DA:236,0
DA:253,0
DA:255,0
DA:257,0
DA:258,0
DA:259,0
DA:260,0
DA:261,0
DA:262,0
DA:263,0
DA:265,0
DA:266,0
DA:268,0
DA:269,0
DA:270,0
DA:278,0
DA:279,0
DA:280,0
DA:281,0
DA:282,0
DA:283,0
DA:284,0
DA:285,0
DA:286,0
DA:287,0
DA:289,0
DA:291,0
DA:295,4
DA:296,4
DA:297,4
DA:298,4
DA:299,4
DA:300,4
DA:301,4
DA:302,4
DA:303,4
DA:304,4
DA:305,4
DA:306,4
DA:307,4
DA:309,400003
DA:311,400003
DA:312,400003
DA:313,399992
DA:314,399992
DA:315,399992
DA:316,399992
DA:317,11
DA:319,11
DA:320,11
DA:321,11
DA:322,11
DA:323,11
DA:324,11
DA:325,400003
DA:327,400003
DA:328,400003
DA:329,400003
DA:330,400003
DA:332,15
DA:333,15
DA:334,15
DA:335,15
DA:336,15
DA:338,15
DA:339,15
DA:340,15
DA:342,0
DA:343,0
DA:344,0
DA:345,0
DA:348,0
DA:349,0
DA:350,0
DA:351,0
DA:354,0
DA:355,0
DA:356,0
DA:357,0
DA:360,0
DA:361,0
DA:362,0
DA:363,0
DA:365,15
DA:367,15
DA:368,15
DA:369,15
DA:370,15
DA:379,400003
DA:380,400003
DA:381,400003
DA:382,400003
DA:383,400003
DA:388,0
DA:389,0
DA:390,0
DA:394,400003
DA:395,400003
DA:396,400003
DA:400,31
DA:401,31
DA:402,31
DA:403,31
DA:404,31
DA:405,31
DA:406,31
DA:407,31
DA:408,31
DA:409,31
DA:419,0
DA:432,0
DA:434,0
DA:436,5
DA:437,5
DA:438,5
DA:440,6
DA:441,6
DA:442,6
DA:443,6
DA:444,6
DA:446,6
DA:447,2
DA:448,4
DA:449,4
DA:450,4
DA:451,4
DA:452,4
DA:453,4
DA:454,4
DA:455,4
DA:456,4
DA:457,4
DA:458,4
DA:459,6
DA:461,0
DA:463,0
DA:464,0
DA:465,0
DA:466,0
DA:467,0
DA:468,0
DA:469,0
DA:470,0
DA:471,0
DA:472,0
DA:473,0
DA:474,0
DA:475,0
DA:476,0
DA:477,0
DA:478,0
DA:479,0
DA:481,0
DA:482,0
DA:486,0
DA:489,0
DA:502,0
DA:503,0
DA:504,0
DA:505,0
DA:507,0
DA:508,0
DA:509,0
DA:510,0
DA:511,0
DA:514,0
DA:515,0
DA:516,0
DA:517,0
DA:518,0
DA:521,0
DA:522,0
DA:523,0
DA:524,0
DA:525,0
DA:526,0
DA:527,0
DA:528,0
DA:529,0
DA:530,0
DA:532,417530
DA:534,417530
DA:535,0
DA:536,417530
DA:539,417530
DA:540,17528
DA:541,400002
DA:542,400002
DA:543,4000007
DA:544,400002
DA:545,400002
DA:546,400002
DA:547,400002
DA:548,400002
DA:549,400002
DA:550,0
DA:551,0
DA:552,0
DA:555,400002
DA:556,1
DA:557,1
DA:558,1
DA:559,1
DA:560,1
DA:561,2
DA:562,1
DA:563,1
DA:564,0
DA:566,0
DA:571,0
DA:572,0
DA:574,400001
DA:575,400001
DA:576,400001
DA:581,0
DA:582,0
DA:586,0
DA:588,417530
DA:590,2
DA:592,2
DA:593,0
DA:594,0
DA:595,0
DA:596,0
DA:597,2
DA:600,2
DA:601,2
DA:602,1
DA:603,1
DA:604,1
DA:605,1
DA:606,2
DA:607,2
DA:608,0
DA:609,0
DA:610,2
DA:612,1
DA:613,1
DA:614,4
DA:615,1
DA:616,1
DA:617,1
DA:618,1
DA:619,1
DA:620,1
DA:621,1
DA:622,1
DA:623,0
DA:624,0
DA:625,0
DA:628,1
DA:629,1
DA:630,1
DA:631,1
DA:632,1
DA:633,1
DA:634,4
DA:635,1
DA:636,1
DA:637,1
DA:638,2
DA:639,2
DA:640,2
DA:641,1
DA:643,0
DA:648,0
DA:649,0
DA:651,0
DA:652,0
DA:653,0
DA:658,0
DA:659,0
DA:663,0
DA:665,2
DA:677,0
DA:678,0
DA:679,0
DA:680,0
DA:681,0
DA:682,0
DA:683,0
DA:684,0
DA:685,0
DA:686,0
DA:687,0
DA:688,0
DA:689,0
DA:690,0
DA:691,0
DA:692,0
DA:693,0
DA:694,0
DA:698,0
DA:699,0
DA:700,0
DA:701,0
DA:702,0
DA:703,0
DA:704,0
DA:705,0
DA:706,0
DA:707,0
DA:709,0
DA:710,0
DA:711,0
DA:713,0
DA:714,0
DA:715,0
DA:716,0
DA:717,0
DA:718,0
DA:719,0
DA:720,0
DA:721,0
DA:722,0
DA:723,0
DA:724,0
DA:725,0
DA:726,0
DA:727,0
DA:728,0
DA:729,0
DA:730,0
DA:731,0
DA:732,0
DA:733,0
DA:734,0
DA:736,0
DA:737,0
DA:738,0
DA:739,0
DA:740,0
DA:741,0
DA:742,0
DA:744,0
DA:745,0
DA:746,0
DA:747,0
DA:748,0
DA:749,0
DA:750,0
DA:751,0
DA:753,0
DA:754,0
DA:755,0
DA:756,0
DA:757,0
DA:758,0
DA:760,0
DA:761,0
DA:762,0
DA:763,0
DA:764,0
DA:765,0
DA:766,0
DA:767,0
DA:768,0
DA:769,0
DA:771,0
DA:772,0
DA:773,0
DA:780,1
DA:781,1
DA:782,1
DA:783,1
DA:785,1
DA:786,1
DA:787,1
DA:788,1
DA:789,1
DA:791,1
DA:792,1
DA:793,1
DA:794,1
DA:795,1
DA:797,1
DA:798,1
DA:799,1
DA:800,1
DA:801,0
DA:803,1
DA:805,1
DA:806,1
DA:807,1
DA:808,1
DA:809,1
DA:810,0
DA:812,1
DA:814,1
DA:815,1
DA:816,1
DA:817,1
DA:818,1
DA:820,1
DA:821,1
DA:822,1
DA:823,1
DA:824,100
DA:825,1
DA:827,1
DA:828,100
DA:829,1
DA:831,1
DA:832,1
DA:833,1
DA:834,1
DA:835,1
DA:837,1
DA:838,1
DA:839,1
DA:840,1
DA:841,1
DA:843,1
DA:844,1
DA:845,1
DA:846,0
DA:847,0
DA:848,1
DA:849,1
DA:850,1
DA:851,1
DA:852,1
DA:853,1
DA:854,1
DA:855,1
DA:857,0
DA:859,1
DA:860,1
DA:862,0
DA:864,1
DA:866,1
DA:867,1
DA:868,1
DA:869,0
DA:870,0
DA:871,1
DA:872,1
DA:873,1
DA:874,1
DA:875,1
DA:876,1
DA:877,1
DA:878,1
DA:879,1
DA:880,1
DA:881,1
BRF:0
BRH:0
LF:573
LH:236
end_of_record
SF:/home/alex/Projects/fluxion/src/analysis/components.rs
FN:80,_RNvNtNtCs5OApllgj7p4_7fluxion8analysis10components18check_conservation
FN:57,_RNvNtNtCs5OApllgj7p4_7fluxion8analysis10components20export_component_csv
FN:119,_RNCNvNtNtNtCs5OApllgj7p4_7fluxion8analysis10components5testss_25test_aggregate_and_export0B9_
FN:16,_RINvNtNtCs5OApllgj7p4_7fluxion8analysis10components24aggregate_from_validatorINtNtNtCsdB7fS8jepxw_5alloc3vec9into_iter8IntoIterTNtNtB1k_6string6StringNtNtNtB6_10validation10diagnostic15EnergyBreakdownEEEB6_
FN:125,_RNvNtNtNtCs5OApllgj7p4_7fluxion8analysis10components5testss_17test_conservation
FN:141,_RNvNtNtNtCs5OApllgj7p4_7fluxion8analysis10components5testss_22test_conservation_fail
FN:104,_RNvNtNtNtCs5OApllgj7p4_7fluxion8analysis10components5testss_25test_aggregate_and_export
FNDA:2,_RNvNtNtCs5OApllgj7p4_7fluxion8analysis10components18check_conservation
FNDA:0,_RNvNtNtCs5OApllgj7p4_7fluxion8analysis10components20export_component_csv
FNDA:5,_RNCNvNtNtNtCs5OApllgj7p4_7fluxion8analysis10components5testss_25test_aggregate_and_export0B9_
FNDA:1,_RINvNtNtCs5OApllgj7p4_7fluxion8analysis10components24aggregate_from_validatorINtNtNtCsdB7fS8jepxw_5alloc3vec9into_iter8IntoIterTNtNtB1k_6string6StringNtNtNtB6_10validation10diagnostic15EnergyBreakdownEEEB6_
FNDA:1,_RNvNtNtNtCs5OApllgj7p4_7fluxion8analysis10components5testss_17test_conservation
FNDA:1,_RNvNtNtNtCs5OApllgj7p4_7fluxion8analysis10components5testss_22test_conservation_fail
FNDA:1,_RNvNtNtNtCs5OApllgj7p4_7fluxion8analysis10components5testss_25test_aggregate_and_export
FNF:7
FNH:6
DA:16,1
DA:17,1
DA:18,1
DA:20,1
DA:21,1
DA:22,1
DA:23,1
DA:24,1
DA:25,1
DA:26,1
DA:27,1
DA:28,1
DA:29,1
DA:30,1
DA:31,1
DA:32,1
DA:33,1
DA:34,1
DA:35,1
DA:36,1
DA:37,1
DA:38,1
DA:39,1
DA:40,1
DA:41,1
DA:42,1
DA:43,1
DA:44,1
DA:45,1
DA:46,1
DA:47,1
DA:48,1
DA:49,1
DA:50,1
DA:51,1
DA:52,1
DA:53,1
DA:54,1
DA:57,0
DA:58,0
DA:59,0
DA:60,0
DA:61,0
DA:62,0
DA:63,0
DA:64,0
DA:65,0
DA:67,0
DA:68,0
DA:69,0
DA:80,2
DA:81,2
DA:82,2
DA:83,2
DA:84,2
DA:85,2
DA:86,2
DA:89,0
DA:91,2
DA:92,2
DA:93,2
DA:94,2
DA:95,2
DA:96,2
DA:97,2
DA:104,1
DA:105,1
DA:106,1
DA:107,1
DA:108,1
DA:109,1
DA:110,1
DA:111,1
DA:112,1
DA:113,1
DA:114,1
DA:115,1
DA:117,1
DA:118,1
DA:119,5
DA:120,1
DA:121,1
DA:122,1
DA:125,1
DA:126,1
DA:127,1
DA:128,1
DA:129,1
DA:130,1
DA:131,1
DA:132,1
DA:133,1
DA:134,1
DA:135,1
DA:137,1
DA:138,1
DA:141,1
DA:142,1
DA:143,1
DA:144,1
DA:145,1
DA:146,1
DA:147,1
DA:148,1
DA:149,1
DA:150,1
DA:151,1
DA:153,1
DA:154,1
BRF:0
BRH:0
LF:110
LH:97
end_of_record
SF:/home/alex/Projects/fluxion/src/analysis/delta.rs
FN:709,_RNvNtNtCs5OApllgj7p4_7fluxion8analysis5delta14run_and_report
FN:894,_RNCNvNtNtNtCs5OApllgj7p4_7fluxion8analysis5delta5testss_15test_comparison0B9_
FN:161,_RNCNvNtNtCs5OApllgj7p4_7fluxion8analysis5delta10set_nested0B7_
FN:680,_RNCNvNtNtCs5OApllgj7p4_7fluxion8analysis5delta14run_comparison0B7_
FN:684,_RNCNvNtNtCs5OApllgj7p4_7fluxion8analysis5delta14run_comparisons_0B7_
FN:317,_RNCNvNtNtCs5OApllgj7p4_7fluxion8analysis5delta14run_simulation0B7_
FN:323,_RNCNvNtNtCs5OApllgj7p4_7fluxion8analysis5delta14run_simulations0_0B7_
FN:351,_RNCNvNtNtCs5OApllgj7p4_7fluxion8analysis5delta14run_simulations1_0B7_
FN:357,_RNCNvNtNtCs5OApllgj7p4_7fluxion8analysis5delta14run_simulations2_0B7_
FN:362,_RNCNvNtNtCs5OApllgj7p4_7fluxion8analysis5delta14run_simulations3_0B7_
FN:98,_RNCNvNtNtCs5OApllgj7p4_7fluxion8analysis5delta15expand_variants0B7_
FN:448,_RNCNvNtNtCs5OApllgj7p4_7fluxion8analysis5delta21compute_hourly_deltas0B7_
FN:573,_RNCNvNtNtCs5OApllgj7p4_7fluxion8analysis5delta25generate_sweep_statistics0B7_
FN:197,_RNCNvNtNtCs5OApllgj7p4_7fluxion8analysis5delta27generate_sweep_combinations0B7_
FN:627,_RNCNvNtNtCs5OApllgj7p4_7fluxion8analysis5delta8mean_std0B7_
FN:860,_RNvNtNtNtCs5OApllgj7p4_7fluxion8analysis5delta5testss_15test_comparison
FN:928,_RNvNtNtNtCs5OApllgj7p4_7fluxion8analysis5delta5testss_15test_csv_export
FN:737,_RNvNtNtNtCs5OApllgj7p4_7fluxion8analysis5delta5testss_19test_config_parsing
FN:816,_RNvNtNtNtCs5OApllgj7p4_7fluxion8analysis5delta5testss_20test_sweep_expansion
FN:991,_RNvNtNtNtCs5OApllgj7p4_7fluxion8analysis5delta5testss_21test_sweep_statistics
FN:791,_RNvNtNtNtCs5OApllgj7p4_7fluxion8analysis5delta5testss_22test_patch_application
FN:898,_RNvNtNtNtCs5OApllgj7p4_7fluxion8analysis5delta5testss_24test_markdown_generation
FN:839,_RNvNtNtNtCs5OApllgj7p4_7fluxion8analysis5delta5testss_25test_run_simulation_basic
FN:850,_RNvNtNtNtCs5OApllgj7p4_7fluxion8analysis5delta5testss_31test_run_simulation_with_hourly
FN:137,_RNvNtNtCs5OApllgj7p4_7fluxion8analysis5delta10set_nested
FN:126,_RNvNtNtCs5OApllgj7p4_7fluxion8analysis5delta11apply_patch
FN:72,_RNvNtNtCs5OApllgj7p4_7fluxion8analysis5delta12parse_config
FN:666,_RNvNtNtCs5OApllgj7p4_7fluxion8analysis5delta14run_comparison
FN:214,_RNvNtNtCs5OApllgj7p4_7fluxion8analysis5delta14run_simulation
FN:84,_RNvNtNtCs5OApllgj7p4_7fluxion8analysis5delta15expand_variants
FN:437,_RNvNtNtCs5OApllgj7p4_7fluxion8analysis5delta21compute_hourly_deltas
FN:633,_RNvNtNtCs5OApllgj7p4_7fluxion8analysis5delta24export_hourly_deltas_csv
FN:494,_RNvNtNtCs5OApllgj7p4_7fluxion8analysis5delta24generate_markdown_report
FN:560,_RNvNtNtCs5OApllgj7p4_7fluxion8analysis5delta25generate_sweep_statistics
FN:183,_RNvNtNtCs5OApllgj7p4_7fluxion8analysis5delta27generate_sweep_combinations
FN:621,_RNvNtNtCs5OApllgj7p4_7fluxion8analysis5delta8mean_std
FNDA:0,_RNvNtNtCs5OApllgj7p4_7fluxion8analysis5delta14run_and_report
FNDA:5,_RNCNvNtNtNtCs5OApllgj7p4_7fluxion8analysis5delta5testss_15test_comparison0B9_
FNDA:0,_RNCNvNtNtCs5OApllgj7p4_7fluxion8analysis5delta10set_nested0B7_
FNDA:0,_RNCNvNtNtCs5OApllgj7p4_7fluxion8analysis5delta14run_comparison0B7_
FNDA:0,_RNCNvNtNtCs5OApllgj7p4_7fluxion8analysis5delta14run_comparisons_0B7_
FNDA:35040,_RNCNvNtNtCs5OApllgj7p4_7fluxion8analysis5delta14run_simulation0B7_
FNDA:35040,_RNCNvNtNtCs5OApllgj7p4_7fluxion8analysis5delta14run_simulations0_0B7_
FNDA:26280,_RNCNvNtNtCs5OApllgj7p4_7fluxion8analysis5delta14run_simulations1_0B7_
FNDA:26280,_RNCNvNtNtCs5OApllgj7p4_7fluxion8analysis5delta14run_simulations2_0B7_
FNDA:26280,_RNCNvNtNtCs5OApllgj7p4_7fluxion8analysis5delta14run_simulations3_0B7_
FNDA:1,_RNCNvNtNtCs5OApllgj7p4_7fluxion8analysis5delta15expand_variants0B7_
FNDA:1,_RNCNvNtNtCs5OApllgj7p4_7fluxion8analysis5delta21compute_hourly_deltas0B7_
FNDA:1,_RNCNvNtNtCs5OApllgj7p4_7fluxion8analysis5delta25generate_sweep_statistics0B7_
FNDA:3,_RNCNvNtNtCs5OApllgj7p4_7fluxion8analysis5delta27generate_sweep_combinations0B7_
FNDA:12,_RNCNvNtNtCs5OApllgj7p4_7fluxion8analysis5delta8mean_std0B7_
FNDA:1,_RNvNtNtNtCs5OApllgj7p4_7fluxion8analysis5delta5testss_15test_comparison
FNDA:1,_RNvNtNtNtCs5OApllgj7p4_7fluxion8analysis5delta5testss_15test_csv_export
FNDA:1,_RNvNtNtNtCs5OApllgj7p4_7fluxion8analysis5delta5testss_19test_config_parsing
FNDA:1,_RNvNtNtNtCs5OApllgj7p4_7fluxion8analysis5delta5testss_20test_sweep_expansion
FNDA:1,_RNvNtNtNtCs5OApllgj7p4_7fluxion8analysis5delta5testss_21test_sweep_statistics
FNDA:1,_RNvNtNtNtCs5OApllgj7p4_7fluxion8analysis5delta5testss_22test_patch_application
FNDA:1,_RNvNtNtNtCs5OApllgj7p4_7fluxion8analysis5delta5testss_24test_markdown_generation
FNDA:1,_RNvNtNtNtCs5OApllgj7p4_7fluxion8analysis5delta5testss_25test_run_simulation_basic
FNDA:1,_RNvNtNtNtCs5OApllgj7p4_7fluxion8analysis5delta5testss_31test_run_simulation_with_hourly
FNDA:4,_RNvNtNtCs5OApllgj7p4_7fluxion8analysis5delta10set_nested
FNDA:1,_RNvNtNtCs5OApllgj7p4_7fluxion8analysis5delta11apply_patch
FNDA:1,_RNvNtNtCs5OApllgj7p4_7fluxion8analysis5delta12parse_config
FNDA:1,_RNvNtNtCs5OApllgj7p4_7fluxion8analysis5delta14run_comparison
FNDA:4,_RNvNtNtCs5OApllgj7p4_7fluxion8analysis5delta14run_simulation
FNDA:2,_RNvNtNtCs5OApllgj7p4_7fluxion8analysis5delta15expand_variants
FNDA:1,_RNvNtNtCs5OApllgj7p4_7fluxion8analysis5delta21compute_hourly_deltas
FNDA:1,_RNvNtNtCs5OApllgj7p4_7fluxion8analysis5delta24export_hourly_deltas_csv
FNDA:2,_RNvNtNtCs5OApllgj7p4_7fluxion8analysis5delta24generate_markdown_report
FNDA:2,_RNvNtNtCs5OApllgj7p4_7fluxion8analysis5delta25generate_sweep_statistics
FNDA:4,_RNvNtNtCs5OApllgj7p4_7fluxion8analysis5delta27generate_sweep_combinations
FNDA:4,_RNvNtNtCs5OApllgj7p4_7fluxion8analysis5delta8mean_std
FNF:36
FNH:32
DA:72,1
DA:73,1
DA:74,1
DA:75,1
DA:76,1
DA:84,2
DA:85,2
DA:86,2
DA:88,2
DA:89,2
DA:92,2
DA:93,1
DA:94,1
DA:96,2
DA:97,1
DA:98,1
DA:99,1
DA:100,1
DA:101,1
DA:102,1
DA:104,1
DA:105,1
DA:106,0
DA:107,3
DA:108,3
DA:109,3
DA:110,0
DA:112,3
DA:114,3
DA:117,1
DA:118,1
DA:122,2
DA:123,2
DA:126,1
DA:127,1
DA:128,1
DA:129,1
DA:130,1
DA:131,1
DA:133,1
DA:134,1
DA:137,4
DA:138,4
DA:139,4
DA:140,4
DA:141,4
DA:142,4
DA:143,4
DA:144,0
DA:145,4
DA:146,4
DA:147,4
DA:148,4
DA:149,4
DA:150,4
DA:151,4
DA:152,4
DA:153,4
DA:154,4
DA:155,0
DA:158,0
DA:159,0
DA:160,0
DA:161,0
DA:162,0
DA:163,0
DA:164,0
DA:165,0
DA:166,0
DA:167,0
DA:170,0
DA:171,0
DA:172,0
DA:173,0
DA:174,0
DA:179,4
DA:180,4
DA:183,4
DA:184,4
DA:185,4
DA:186,4
DA:187,4
DA:188,4
DA:189,4
DA:190,4
DA:191,3
DA:192,3
DA:193,3
DA:195,3
DA:196,3
DA:197,3
DA:198,3
DA:199,3
DA:200,3
DA:201,3
DA:202,1
DA:204,1
DA:205,3
DA:206,3
DA:207,3
DA:208,3
DA:210,1
DA:211,4
DA:214,4
DA:216,4
DA:217,4
DA:219,4
DA:220,4
DA:221,0
DA:222,0
DA:223,0
DA:224,0
DA:225,4
DA:228,4
DA:229,4
DA:230,4
DA:231,4
DA:232,4
DA:233,4
DA:234,0
DA:236,0
DA:237,4
DA:240,4
DA:243,4
DA:244,4
DA:246,4
DA:247,3
DA:249,1
DA:253,35040
DA:254,35040
DA:255,35040
DA:258,35040
DA:261,35040
DA:263,35040
DA:264,35040
DA:265,35040
DA:266,35040
DA:267,35040
DA:268,35040
DA:269,35040
DA:270,35040
DA:271,35040
DA:273,35040
DA:275,0
DA:276,0
DA:277,0
DA:278,0
DA:279,0
DA:280,0
DA:281,0
DA:282,0
DA:283,0
DA:284,0
DA:285,0
DA:286,0
DA:287,0
DA:289,0
DA:290,0
DA:291,35040
DA:292,35040
DA:293,35040
DA:294,35040
DA:295,35040
DA:296,0
DA:299,35040
DA:300,0
DA:301,0
DA:303,0
DA:304,0
DA:305,0
DA:306,0
DA:307,0
DA:308,35040
DA:311,35040
DA:312,35040
DA:313,35040
DA:314,35040
DA:315,35040
DA:316,35040
DA:317,35040
DA:318,35040
DA:319,35040
DA:320,35040
DA:321,35040
DA:322,35040
DA:323,35040
DA:324,35040
DA:326,35040
DA:329,35040
DA:332,35040
DA:333,15462
DA:334,19578
DA:335,19578
DA:336,19578
DA:339,35040
DA:340,26280
DA:341,26280
DA:342,26280
DA:343,26280
DA:345,26280
DA:347,26280
DA:348,26280
DA:349,26280
DA:350,26280
DA:351,26280
DA:353,26280
DA:354,26280
DA:355,26280
DA:356,26280
DA:357,26280
DA:359,26280
DA:360,26280
DA:361,26280
DA:362,26280
DA:363,26280
DA:364,26280
DA:367,26280
DA:368,26280
DA:369,26280
DA:370,26280
DA:371,26280
DA:372,26280
DA:373,26280
DA:376,26280
DA:377,26280
DA:378,26280
DA:379,26280
DA:380,26280
DA:383,26280
DA:384,26280
DA:385,26280
DA:386,26280
DA:387,26280
DA:388,26280
DA:389,26280
DA:390,26280
DA:393,26280
DA:394,26280
DA:395,26280
DA:396,26280
DA:397,26280
DA:398,26280
DA:399,26280
DA:402,26280
DA:403,26280
DA:407,26280
DA:408,11664
DA:409,11664
DA:410,11664
DA:411,11664
DA:413,14616
DA:414,14616
DA:415,14616
DA:416,14616
DA:419,26280
DA:420,8760
DA:424,4
DA:425,4
DA:427,4
DA:428,4
DA:429,4
DA:430,4
DA:431,4
DA:432,4
DA:433,4
DA:434,4
DA:437,1
DA:438,1
DA:439,1
DA:440,1
DA:441,1
DA:442,0
DA:443,0
DA:444,0
DA:445,0
DA:446,0
DA:447,1
DA:448,1
DA:449,1
DA:450,0
DA:451,1
DA:453,1
DA:454,8760
DA:455,8760
DA:456,8760
DA:457,8760
DA:458,8760
DA:459,8760
DA:460,8760
DA:461,8760
DA:462,8760
DA:463,8760
DA:464,8760
DA:465,8760
DA:466,8760
DA:467,8760
DA:468,8760
DA:469,8760
DA:470,8760
DA:471,8760
DA:472,8760
DA:473,8760
DA:474,8760
DA:475,52560
DA:476,52560
DA:477,52560
DA:478,52560
DA:479,52560
DA:480,52560
DA:481,52560
DA:482,52560
DA:483,52560
DA:484,52560
DA:485,52560
DA:486,52560
DA:487,52560
DA:490,1
DA:491,1
DA:494,2
DA:495,2
DA:496,2
DA:497,2
DA:499,2
DA:500,2
DA:503,2
DA:504,2
DA:505,2
DA:506,2
DA:507,2
DA:508,2
DA:509,2
DA:510,2
DA:513,5
DA:514,5
DA:515,5
DA:516,5
DA:518,0
DA:520,5
DA:521,5
DA:522,5
DA:524,0
DA:526,5
DA:527,5
DA:528,5
DA:530,0
DA:532,5
DA:533,5
DA:534,5
DA:536,0
DA:539,5
DA:540,5
DA:541,5
DA:542,5
DA:543,5
DA:544,5
DA:545,5
DA:546,5
DA:550,2
DA:551,2
DA:552,1
DA:553,1
DA:554,1
DA:556,2
DA:557,2
DA:560,2
DA:562,2
DA:563,5
DA:564,5
DA:565,3
DA:566,3
DA:567,3
DA:571,2
DA:572,2
DA:573,2
DA:574,2
DA:576,2
DA:577,1
DA:578,1
DA:580,1
DA:581,1
DA:583,1
DA:584,1
DA:585,1
DA:586,1
DA:588,1
DA:589,1
DA:590,1
DA:591,1
DA:593,1
DA:594,1
DA:595,1
DA:596,1
DA:598,1
DA:599,1
DA:600,1
DA:601,1
DA:602,1
DA:603,1
DA:604,1
DA:605,1
DA:606,1
DA:607,1
DA:608,1
DA:609,1
DA:610,1
DA:611,1
DA:612,1
DA:613,1
DA:614,1
DA:617,1
DA:618,2
DA:621,4
DA:622,4
DA:623,0
DA:624,4
DA:625,4
DA:626,4
DA:627,12
DA:628,4
DA:629,4
DA:630,4
DA:633,1
DA:634,1
DA:635,1
DA:636,1
DA:637,1
DA:638,1
DA:639,1
DA:640,1
DA:641,1
DA:642,1
DA:644,1
DA:645,1
DA:646,3
DA:647,3
DA:648,3
DA:649,3
DA:650,3
DA:651,3
DA:652,3
DA:653,3
DA:654,3
DA:656,0
DA:659,1
DA:660,1
DA:661,1
DA:666,1
DA:667,1
DA:668,1
DA:669,1
DA:670,1
DA:671,1
DA:672,1
DA:674,1
DA:675,1
DA:676,1
DA:677,1
DA:678,1
DA:679,1
DA:680,1
DA:681,1
DA:682,1
DA:683,1
DA:684,1
DA:685,1
DA:687,0
DA:690,1
DA:691,1
DA:692,1
DA:693,1
DA:694,1
DA:695,1
DA:696,1
DA:697,1
DA:700,1
DA:701,1
DA:702,1
DA:703,1
DA:705,1
DA:706,1
DA:709,0
DA:710,0
DA:711,0
DA:712,0
DA:713,0
DA:714,0
DA:717,0
DA:718,0
DA:719,0
DA:722,0
DA:723,0
DA:724,0
DA:725,0
DA:727,0
DA:728,0
DA:737,1
DA:739,1
DA:740,1
DA:741,1
DA:742,1
DA:743,1
DA:744,1
DA:745,1
DA:746,1
DA:747,1
DA:748,1
DA:749,1
DA:750,1
DA:751,1
DA:752,1
DA:753,1
DA:754,1
DA:755,1
DA:756,1
DA:757,1
DA:758,1
DA:759,1
DA:760,1
DA:761,1
DA:762,1
DA:763,1
DA:764,1
DA:765,1
DA:767,1
DA:768,1
DA:769,1
DA:770,1
DA:772,1
DA:774,1
DA:775,1
DA:776,1
DA:777,1
DA:778,1
DA:779,1
DA:780,1
DA:781,1
DA:782,1
DA:783,1
DA:784,1
DA:785,1
DA:786,1
DA:787,1
DA:788,1
DA:791,1
DA:792,1
DA:793,1
DA:794,1
DA:795,1
DA:796,1
DA:797,1
DA:798,1
DA:799,1
DA:800,1
DA:801,1
DA:802,1
DA:803,1
DA:804,1
DA:805,1
DA:806,1
DA:807,1
DA:808,1
DA:809,1
DA:810,1
DA:811,1
DA:812,1
DA:813,1
DA:816,1
DA:817,1
DA:818,1
DA:819,1
DA:820,1
DA:821,1
DA:822,1
DA:823,1
DA:824,1
DA:825,1
DA:826,1
DA:827,1
DA:828,1
DA:829,1
DA:830,1
DA:831,1
DA:833,1
DA:834,1
DA:835,1
DA:836,1
DA:839,1
DA:840,1
DA:841,1
DA:842,1
DA:843,1
DA:844,1
DA:845,1
DA:846,1
DA:847,1
DA:850,1
DA:851,1
DA:852,1
DA:853,1
DA:854,1
DA:855,1
DA:856,1
DA:857,1
DA:860,1
DA:861,1
DA:863,1
DA:865,1
DA:866,1
DA:867,1
DA:868,1
DA:869,1
DA:871,1
DA:872,1
DA:873,1
DA:878,1
DA:879,1
DA:880,1
DA:885,1
DA:886,1
DA:888,1
DA:889,1
DA:890,1
DA:892,1
DA:893,1
DA:894,5
DA:895,1
DA:898,1
DA:899,1
DA:900,1
DA:901,1
DA:902,1
DA:903,1
DA:904,1
DA:905,1
DA:906,1
DA:907,1
DA:908,1
DA:909,1
DA:910,1
DA:911,1
DA:912,1
DA:913,1
DA:914,1
DA:915,1
DA:916,1
DA:917,1
DA:918,1
DA:919,1
DA:920,1
DA:921,1
DA:923,1
DA:924,1
DA:925,1
DA:928,1
DA:929,1
DA:930,1
DA:931,1
DA:932,1
DA:933,1
DA:934,1
DA:935,1
DA:936,1
DA:937,1
DA:938,1
DA:939,1
DA:940,1
DA:941,1
DA:942,1
DA:943,1
DA:944,1
DA:945,1
DA:946,1
DA:947,1
DA:948,1
DA:949,1
DA:950,1
DA:951,1
DA:952,1
DA:953,1
DA:954,1
DA:955,1
DA:956,1
DA:957,1
DA:958,1
DA:959,1
DA:960,1
DA:961,1
DA:962,1
DA:963,1
DA:964,1
DA:965,1
DA:966,1
DA:967,1
DA:969,1
DA:970,1
DA:972,1
DA:973,1
DA:974,1
DA:975,1
DA:976,1
DA:977,1
DA:978,1
DA:980,1
DA:981,1
DA:983,1
DA:984,1
DA:985,1
DA:986,1
DA:987,1
DA:988,1
DA:991,1
DA:992,1
DA:993,1
DA:994,1
DA:995,1
DA:996,1
DA:997,1
DA:998,1
DA:999,1
DA:1000,1
DA:1001,1
DA:1002,1
DA:1003,1
DA:1004,1
DA:1005,1
DA:1006,1
DA:1007,1
DA:1008,1
DA:1009,1
DA:1010,1
DA:1011,1
DA:1012,1
DA:1013,1
DA:1014,1
DA:1015,1
DA:1016,1
DA:1017,1
DA:1018,1
DA:1019,1
DA:1020,1
DA:1021,1
DA:1022,1
DA:1023,1
DA:1024,1
DA:1025,1
DA:1026,1
DA:1027,1
DA:1028,1
DA:1029,1
DA:1030,1
DA:1031,1
DA:1032,1
DA:1033,1
DA:1034,1
DA:1035,1
DA:1036,1
DA:1037,1
DA:1038,1
DA:1040,1
DA:1042,1
DA:1043,1
BRF:0
BRH:0
LF:776
LH:696
end_of_record
SF:/home/alex/Projects/fluxion/src/analysis/sensitivity.rs
FN:348,_RNvNtNtNtCs5OApllgj7p4_7fluxion8analysis11sensitivity5testss_15test_csv_export
[...]
FN:128,_RINvMNtNtCs5OApllgj7p4_7fluxion7weather3epwNtB3_16EpwWeatherSource5parseINtNtNtCs9hLsKkECTMM_3std2io6cursor6CursorReEEB7_
FN:128,_RINvMNtNtCs5OApllgj7p4_7fluxion7weather3epwNtB3_16EpwWeatherSource5parseINtNtNtNtCs9hLsKkECTMM_3std2io8buffered9bufreader9BufReaderNtNtB1h_2fs4FileEEB7_
FN:109,_RINvMNtNtCs5OApllgj7p4_7fluxion7weather3epwNtB3_16EpwWeatherSource9from_fileReEB7_
FN:134,_RNCINvMNtNtCs5OApllgj7p4_7fluxion7weather3epwNtB5_16EpwWeatherSource5parseINtNtNtCs9hLsKkECTMM_3std2io6cursor6CursorNtNtCsdB7fS8jepxw_5alloc6string6StringEE0B9_
FN:154,_RNCINvMNtNtCs5OApllgj7p4_7fluxion7weather3epwNtB5_16EpwWeatherSource5parseINtNtNtCs9hLsKkECTMM_3std2io6cursor6CursorNtNtCsdB7fS8jepxw_5alloc6string6StringEEs0_0B9_
FN:135,_RNCINvMNtNtCs5OApllgj7p4_7fluxion7weather3epwNtB5_16EpwWeatherSource5parseINtNtNtCs9hLsKkECTMM_3std2io6cursor6CursorNtNtCsdB7fS8jepxw_5alloc6string6StringEEs_0B9_
FN:134,_RNCINvMNtNtCs5OApllgj7p4_7fluxion7weather3epwNtB5_16EpwWeatherSource5parseINtNtNtCs9hLsKkECTMM_3std2io6cursor6CursorReEE0B9_
FN:154,_RNCINvMNtNtCs5OApllgj7p4_7fluxion7weather3epwNtB5_16EpwWeatherSource5parseINtNtNtCs9hLsKkECTMM_3std2io6cursor6CursorReEEs0_0B9_
FN:135,_RNCINvMNtNtCs5OApllgj7p4_7fluxion7weather3epwNtB5_16EpwWeatherSource5parseINtNtNtCs9hLsKkECTMM_3std2io6cursor6CursorReEEs_0B9_
FN:134,_RNCINvMNtNtCs5OApllgj7p4_7fluxion7weather3epwNtB5_16EpwWeatherSource5parseINtNtNtNtCs9hLsKkECTMM_3std2io8buffered9bufreader9BufReaderNtNtB1j_2fs4FileEE0B9_
FN:154,_RNCINvMNtNtCs5OApllgj7p4_7fluxion7weather3epwNtB5_16EpwWeatherSource5parseINtNtNtNtCs9hLsKkECTMM_3std2io8buffered9bufreader9BufReaderNtNtB1j_2fs4FileEEs0_0B9_
FN:135,_RNCINvMNtNtCs5OApllgj7p4_7fluxion7weather3epwNtB5_16EpwWeatherSource5parseINtNtNtNtCs9hLsKkECTMM_3std2io8buffered9bufreader9BufReaderNtNtB1j_2fs4FileEEs_0B9_
FN:110,_RNCINvMNtNtCs5OApllgj7p4_7fluxion7weather3epwNtB5_16EpwWeatherSource9from_fileReE0B9_
FN:310,_RNCNvMNtNtCs5OApllgj7p4_7fluxion7weather3epwNtB4_16EpwWeatherSource11solar_hours0B8_
FN:258,_RNCNvNvMNtNtCs5OApllgj7p4_7fluxion7weather3epwNtB6_16EpwWeatherSource15parse_data_line11parse_field0Ba_
FN:360,_RNvNtNtNtCs5OApllgj7p4_7fluxion7weather3epw5tests15create_test_epw
FN:396,_RNvNtNtNtCs5OApllgj7p4_7fluxion7weather3epw5testss_19test_parse_location
FN:413,_RNvNtNtNtCs5OApllgj7p4_7fluxion7weather3epw5testss_20test_parse_data_line
FN:487,_RNvNtNtNtCs5OApllgj7p4_7fluxion7weather3epw5testss_21test_weather_iterator
FN:440,_RNvNtNtNtCs5OApllgj7p4_7fluxion7weather3epw5testss_23test_parse_complete_epw
FN:502,_RNvNtNtNtCs5OApllgj7p4_7fluxion7weather3epw5testss_23test_statistics_methods
FN:530,_RNvNtNtNtCs5OApllgj7p4_7fluxion7weather3epw5testss_24test_from_file_not_found
FN:553,_RNvNtNtNtCs5OApllgj7p4_7fluxion7weather3epw5testss_24test_parse_comment_lines
FN:405,_RNvNtNtNtCs5OApllgj7p4_7fluxion7weather3epw5testss_25test_parse_location_empty
FN:515,_RNvNtNtNtCs5OApllgj7p4_7fluxion7weather3epw5testss_25test_parse_optional_field
FN:469,_RNvNtNtNtCs5OApllgj7p4_7fluxion7weather3epw5testss_25test_weather_source_trait
FN:540,_RNvNtNtNtCs5OApllgj7p4_7fluxion7weather3epw5testss_28test_parse_incomplete_header
FN:428,_RNvNtNtNtCs5OApllgj7p4_7fluxion7weather3epw5testss_35test_parse_data_line_missing_fields
FN:309,_RNvMNtNtCs5OApllgj7p4_7fluxion7weather3epwNtB2_16EpwWeatherSource11solar_hours
FN:302,_RNvMNtNtCs5OApllgj7p4_7fluxion7weather3epwNtB2_16EpwWeatherSource12record_count
FN:197,_RNvMNtNtCs5OApllgj7p4_7fluxion7weather3epwNtB2_16EpwWeatherSource14parse_location
FN:314,_RNvMNtNtCs5OApllgj7p4_7fluxion7weather3epwNtB2_16EpwWeatherSource15max_temperature
FN:322,_RNvMNtNtCs5OApllgj7p4_7fluxion7weather3epwNtB2_16EpwWeatherSource15min_temperature
FN:235,_RNvMNtNtCs5OApllgj7p4_7fluxion7weather3epwNtB2_16EpwWeatherSource15parse_data_line
FN:330,_RNvMNtNtCs5OApllgj7p4_7fluxion7weather3epwNtB2_16EpwWeatherSource19average_temperature
FN:23,_RNvNtNtCs5OApllgj7p4_7fluxion7weather3epw20parse_optional_field
FN:248,_RNvNvMNtNtCs5OApllgj7p4_7fluxion7weather3epwNtB4_16EpwWeatherSource15parse_data_line11parse_field
FN:345,_RNvXs_NtNtCs5OApllgj7p4_7fluxion7weather3epwNtB4_16EpwWeatherSourceNtB6_13WeatherSource15get_hourly_data
FN:341,_RNvXs_NtNtCs5OApllgj7p4_7fluxion7weather3epwNtB4_16EpwWeatherSourceNtB6_13WeatherSource8location
FNDA:5,_RINvMNtNtCs5OApllgj7p4_7fluxion7weather3epwNtB3_16EpwWeatherSource5parseINtNtNtCs9hLsKkECTMM_3std2io6cursor6CursorNtNtCsdB7fS8jepxw_5alloc6string6StringEEB7_
FNDA:1,_RINvMNtNtCs5OApllgj7p4_7fluxion7weather3epwNtB3_16EpwWeatherSource5parseINtNtNtCs9hLsKkECTMM_3std2io6cursor6CursorReEEB7_
FNDA:0,_RINvMNtNtCs5OApllgj7p4_7fluxion7weather3epwNtB3_16EpwWeatherSource5parseINtNtNtNtCs9hLsKkECTMM_3std2io8buffered9bufreader9BufReaderNtNtB1h_2fs4FileEEB7_
FNDA:1,_RINvMNtNtCs5OApllgj7p4_7fluxion7weather3epwNtB3_16EpwWeatherSource9from_fileReEB7_
FNDA:0,_RNCINvMNtNtCs5OApllgj7p4_7fluxion7weather3epwNtB5_16EpwWeatherSource5parseINtNtNtCs9hLsKkECTMM_3std2io6cursor6CursorNtNtCsdB7fS8jepxw_5alloc6string6StringEE0B9_
FNDA:0,_RNCINvMNtNtCs5OApllgj7p4_7fluxion7weather3epwNtB5_16EpwWeatherSource5parseINtNtNtCs9hLsKkECTMM_3std2io6cursor6CursorNtNtCsdB7fS8jepxw_5alloc6string6StringEEs0_0B9_
FNDA:0,_RNCINvMNtNtCs5OApllgj7p4_7fluxion7weather3epwNtB5_16EpwWeatherSource5parseINtNtNtCs9hLsKkECTMM_3std2io6cursor6CursorNtNtCsdB7fS8jepxw_5alloc6string6StringEEs_0B9_
FNDA:0,_RNCINvMNtNtCs5OApllgj7p4_7fluxion7weather3epwNtB5_16EpwWeatherSource5parseINtNtNtCs9hLsKkECTMM_3std2io6cursor6CursorReEE0B9_
FNDA:0,_RNCINvMNtNtCs5OApllgj7p4_7fluxion7weather3epwNtB5_16EpwWeatherSource5parseINtNtNtCs9hLsKkECTMM_3std2io6cursor6CursorReEEs0_0B9_
FNDA:0,_RNCINvMNtNtCs5OApllgj7p4_7fluxion7weather3epwNtB5_16EpwWeatherSource5parseINtNtNtCs9hLsKkECTMM_3std2io6cursor6CursorReEEs_0B9_
FNDA:0,_RNCINvMNtNtCs5OApllgj7p4_7fluxion7weather3epwNtB5_16EpwWeatherSource5parseINtNtNtNtCs9hLsKkECTMM_3std2io8buffered9bufreader9BufReaderNtNtB1j_2fs4FileEE0B9_
FNDA:0,_RNCINvMNtNtCs5OApllgj7p4_7fluxion7weather3epwNtB5_16EpwWeatherSource5parseINtNtNtNtCs9hLsKkECTMM_3std2io8buffered9bufreader9BufReaderNtNtB1j_2fs4FileEEs0_0B9_
FNDA:0,_RNCINvMNtNtCs5OApllgj7p4_7fluxion7weather3epwNtB5_16EpwWeatherSource5parseINtNtNtNtCs9hLsKkECTMM_3std2io8buffered9bufreader9BufReaderNtNtB1j_2fs4FileEEs_0B9_
FNDA:1,_RNCINvMNtNtCs5OApllgj7p4_7fluxion7weather3epwNtB5_16EpwWeatherSource9from_fileReE0B9_
FNDA:3,_RNCNvMNtNtCs5OApllgj7p4_7fluxion7weather3epwNtB4_16EpwWeatherSource11solar_hours0B8_
FNDA:0,_RNCNvNvMNtNtCs5OApllgj7p4_7fluxion7weather3epwNtB6_16EpwWeatherSource15parse_data_line11parse_field0Ba_
FNDA:5,_RNvNtNtNtCs5OApllgj7p4_7fluxion7weather3epw5tests15create_test_epw
FNDA:1,_RNvNtNtNtCs5OApllgj7p4_7fluxion7weather3epw5testss_19test_parse_location
FNDA:1,_RNvNtNtNtCs5OApllgj7p4_7fluxion7weather3epw5testss_20test_parse_data_line
FNDA:1,_RNvNtNtNtCs5OApllgj7p4_7fluxion7weather3epw5testss_21test_weather_iterator
FNDA:1,_RNvNtNtNtCs5OApllgj7p4_7fluxion7weather3epw5testss_23test_parse_complete_epw
FNDA:1,_RNvNtNtNtCs5OApllgj7p4_7fluxion7weather3epw5testss_23test_statistics_methods
FNDA:1,_RNvNtNtNtCs5OApllgj7p4_7fluxion7weather3epw5testss_24test_from_file_not_found
FNDA:1,_RNvNtNtNtCs5OApllgj7p4_7fluxion7weather3epw5testss_24test_parse_comment_lines
FNDA:1,_RNvNtNtNtCs5OApllgj7p4_7fluxion7weather3epw5testss_25test_parse_location_empty
FNDA:1,_RNvNtNtNtCs5OApllgj7p4_7fluxion7weather3epw5testss_25test_parse_optional_field
FNDA:1,_RNvNtNtNtCs5OApllgj7p4_7fluxion7weather3epw5testss_25test_weather_source_trait
FNDA:1,_RNvNtNtNtCs5OApllgj7p4_7fluxion7weather3epw5testss_28test_parse_incomplete_header
FNDA:1,_RNvNtNtNtCs5OApllgj7p4_7fluxion7weather3epw5testss_35test_parse_data_line_missing_fields
FNDA:1,_RNvMNtNtCs5OApllgj7p4_7fluxion7weather3epwNtB2_16EpwWeatherSource11solar_hours
FNDA:3,_RNvMNtNtCs5OApllgj7p4_7fluxion7weather3epwNtB2_16EpwWeatherSource12record_count
FNDA:8,_RNvMNtNtCs5OApllgj7p4_7fluxion7weather3epwNtB2_16EpwWeatherSource14parse_location
FNDA:1,_RNvMNtNtCs5OApllgj7p4_7fluxion7weather3epwNtB2_16EpwWeatherSource15max_temperature
FNDA:1,_RNvMNtNtCs5OApllgj7p4_7fluxion7weather3epwNtB2_16EpwWeatherSource15min_temperature
FNDA:17,_RNvMNtNtCs5OApllgj7p4_7fluxion7weather3epwNtB2_16EpwWeatherSource15parse_data_line
FNDA:1,_RNvMNtNtCs5OApllgj7p4_7fluxion7weather3epwNtB2_16EpwWeatherSource19average_temperature
FNDA:68,_RNvNtNtCs5OApllgj7p4_7fluxion7weather3epw20parse_optional_field
FNDA:48,_RNvNvMNtNtCs5OApllgj7p4_7fluxion7weather3epwNtB4_16EpwWeatherSource15parse_data_line11parse_field
FNDA:9,_RNvXs_NtNtCs5OApllgj7p4_7fluxion7weather3epwNtB4_16EpwWeatherSourceNtB6_13WeatherSource15get_hourly_data
FNDA:2,_RNvXs_NtNtCs5OApllgj7p4_7fluxion7weather3epwNtB4_16EpwWeatherSourceNtB6_13WeatherSource8location
FNF:32
FNH:28
DA:23,68
DA:24,68
DA:25,68
DA:26,2
DA:27,66
DA:28,66
DA:29,68
DA:109,1
DA:110,1
DA:111,0
DA:113,0
DA:114,1
DA:128,6
DA:129,6
DA:132,6
DA:133,6
DA:134,6
DA:135,6
DA:136,0
DA:137,0
DA:139,6
DA:142,6
DA:143,36
DA:144,1
DA:145,1
DA:146,1
DA:147,35
DA:151,5
DA:153,16
DA:154,16
DA:155,0
DA:156,0
DA:157,0
DA:158,0
DA:159,0
DA:160,0
DA:163,16
DA:164,1
DA:165,15
DA:167,15
DA:168,15
DA:172,5
DA:173,0
DA:174,0
DA:175,0
DA:176,5
DA:178,5
DA:179,5
DA:180,5
DA:181,5
DA:182,6
DA:197,8
DA:198,8
DA:200,8
DA:201,0
DA:202,8
DA:204,8
DA:205,8
DA:207,8
DA:208,1
DA:209,7
DA:211,7
DA:212,8
DA:235,17
DA:236,17
DA:239,17
DA:240,1
DA:241,1
DA:242,1
DA:243,1
DA:244,1
DA:245,16
DA:248,48
DA:249,48
DA:251,48
DA:252,0
DA:253,0
DA:254,0
DA:255,0
DA:256,48
DA:258,48
DA:259,0
DA:260,0
DA:261,48
DA:264,16
DA:267,16
DA:271,16
DA:274,16
DA:277,16
DA:280,16
DA:285,16
DA:287,16
DA:288,16
DA:289,16
DA:290,16
DA:291,16
DA:292,16
DA:293,16
DA:294,16
DA:295,16
DA:296,16
DA:297,17
DA:302,3
DA:303,3
DA:304,3
DA:309,1
DA:310,3
DA:311,1
DA:314,1
DA:315,1
DA:316,1
DA:317,1
DA:318,1
DA:319,1
DA:322,1
DA:323,1
DA:324,1
DA:325,1
DA:326,1
DA:327,1
DA:330,1
DA:331,1
DA:332,0
DA:333,1
DA:335,1
DA:336,1
DA:337,1
DA:341,2
DA:342,2
DA:343,2
DA:345,9
DA:346,9
DA:347,2
DA:348,7
DA:350,7
DA:351,9
DA:360,5
DA:362,5
DA:363,5
DA:366,5
DA:367,5
DA:368,5
DA:369,5
DA:370,5
DA:371,5
DA:372,5
DA:375,5
DA:376,5
DA:377,5
DA:378,5
DA:379,5
DA:381,5
DA:391,5
DA:393,5
DA:396,1
DA:397,1
DA:398,1
DA:400,1
DA:401,1
DA:402,1
DA:405,1
DA:406,1
DA:408,1
DA:409,1
DA:410,1
DA:413,1
DA:414,1
DA:416,1
DA:418,1
DA:419,1
DA:420,1
DA:421,1
DA:422,1
DA:423,1
DA:424,1
DA:425,1
DA:428,1
DA:429,1
DA:431,1
DA:432,1
DA:433,1
DA:434,1
DA:435,0
DA:437,1
DA:440,1
DA:441,1
DA:442,1
DA:444,1
DA:446,1
DA:447,1
DA:450,1
DA:451,1
DA:452,1
DA:453,1
DA:456,1
DA:457,1
DA:458,1
DA:461,1
DA:462,1
DA:463,1
DA:464,1
DA:465,1
DA:466,1
DA:469,1
DA:470,1
DA:471,1
DA:472,1
DA:475,1
DA:478,1
DA:479,1
DA:482,1
DA:483,1
DA:484,1
DA:487,1
DA:488,1
DA:489,1
DA:490,1
DA:492,1
DA:493,3
DA:494,3
DA:495,3
DA:498,1
DA:499,1
DA:502,1
DA:503,1
DA:504,1
DA:505,1
DA:507,1
DA:508,1
DA:509,1
DA:510,1
DA:511,1
DA:512,1
DA:515,1
DA:517,1
DA:520,1
DA:523,1
DA:526,1
DA:527,1
DA:530,1
DA:531,1
DA:532,1
DA:533,1
DA:534,1
DA:535,0
DA:537,1
DA:540,1
DA:541,1
DA:542,1
DA:544,1
DA:545,1
DA:546,1
DA:547,1
DA:548,0
DA:550,1
DA:553,1
DA:554,1
DA:556,1
DA:558,1
DA:559,1
DA:562,1
DA:563,1
BRF:0
BRH:0
LF:270
LH:237
end_of_record
SF:/home/alex/Projects/fluxion/src/weather/mod.rs
FN:145,_RNvMNtCs5OApllgj7p4_7fluxion7weatherNtB2_17HourlyWeatherData13with_infrared
FN:231,_RNvMNtCs5OApllgj7p4_7fluxion7weatherNtB2_17HourlyWeatherData14sky_emissivity
FN:202,_RNvMNtCs5OApllgj7p4_7fluxion7weatherNtB2_17HourlyWeatherData15sky_temperature
FN:581,_RNvXNvNtNtCs5OApllgj7p4_7fluxion7weather5testss_21test_weather_iteratorNtB2_11DummySourceNtB6_13WeatherSource8location
FN:612,_RNvXNvNtNtCs5OApllgj7p4_7fluxion7weather5testss_32test_weather_iterator_with_errorNtB2_11ErrorSourceNtB6_13WeatherSource8location
FN:426,_RNvYNtNtNtCs5OApllgj7p4_7fluxion7weather3epw16EpwWeatherSourceNtB6_13WeatherSource10iter_hoursB8_
FN:426,_RNvYNtNtNtCs5OApllgj7p4_7fluxion7weather6denver16DenverTmyWeatherNtB6_13WeatherSource10iter_hoursB8_
FN:448,_RNvXs1_NtCs5OApllgj7p4_7fluxion7weatherINtB5_15WeatherIteratorNtNtB5_3epw16EpwWeatherSourceENtNtNtNtCs7dTDQl1DYhd_4core4iter6traits8iterator8Iterator4nextB7_
FN:448,_RNvXs1_NtCs5OApllgj7p4_7fluxion7weatherINtB5_15WeatherIteratorNtNtB5_6denver16DenverTmyWeatherENtNtNtNtCs7dTDQl1DYhd_4core4iter6traits8iterator8Iterator4nextB7_
FN:448,_RNvXs1_NtCs5OApllgj7p4_7fluxion7weatherINtB5_15WeatherIteratorNtNvNtB5_5testss_21test_weather_iterator11DummySourceENtNtNtNtCs7dTDQl1DYhd_4core4iter6traits8iterator8Iterator4nextB7_
FN:448,_RNvXs1_NtCs5OApllgj7p4_7fluxion7weatherINtB5_15WeatherIteratorNtNvNtB5_5testss_32test_weather_iterator_with_error11ErrorSourceENtNtNtNtCs7dTDQl1DYhd_4core4iter6traits8iterator8Iterator4nextB7_
FN:266,_RNvMNtCs5OApllgj7p4_7fluxion7weatherNtB2_17HourlyWeatherData11day_of_year
FN:252,_RNvMNtCs5OApllgj7p4_7fluxion7weatherNtB2_17HourlyWeatherData11hour_of_day
FN:111,_RNvMNtCs5OApllgj7p4_7fluxion7weatherNtB2_17HourlyWeatherData3new
FN:282,_RNvMNtCs5OApllgj7p4_7fluxion7weatherNtB2_17HourlyWeatherData5month
FN:317,_RNvXs_NtCs5OApllgj7p4_7fluxion7weatherNtB4_12WeatherErrorNtNtCs7dTDQl1DYhd_4core3fmt7Display3fmt
FN:515,_RNvNtNtCs5OApllgj7p4_7fluxion7weather5testss_10test_month
FN:500,_RNvNtNtCs5OApllgj7p4_7fluxion7weather5testss_16test_day_of_year
FN:485,_RNvNtNtCs5OApllgj7p4_7fluxion7weather5testss_16test_hour_of_day
FN:578,_RNvNtNtCs5OApllgj7p4_7fluxion7weather5testss_21test_weather_iterator
FN:527,_RNvNtNtCs5OApllgj7p4_7fluxion7weather5testss_26test_weather_error_display
FN:609,_RNvNtNtCs5OApllgj7p4_7fluxion7weather5testss_32test_weather_iterator_with_error
FN:546,_RNvNtNtCs5OApllgj7p4_7fluxion7weather5testss_32test_weather_source_trait_bounds
FN:472,_RNvNtNtCs5OApllgj7p4_7fluxion7weather5testss_33test_hourly_weather_data_creation
FN:585,_RNvXNvNtNtCs5OApllgj7p4_7fluxion7weather5testss_21test_weather_iteratorNtB2_11DummySourceNtB6_13WeatherSource15get_hourly_data
FN:616,_RNvXNvNtNtCs5OApllgj7p4_7fluxion7weather5testss_32test_weather_iterator_with_errorNtB2_11ErrorSourceNtB6_13WeatherSource15get_hourly_data
FN:556,_RNvXNvNtNtCs5OApllgj7p4_7fluxion7weather5testss_32test_weather_source_trait_boundsNtB2_11DummySourceNtB6_13WeatherSource15get_hourly_data
FN:552,_RNvXNvNtNtCs5OApllgj7p4_7fluxion7weather5testss_32test_weather_source_trait_boundsNtB2_11DummySourceNtB6_13WeatherSource8location
FN:426,_RNvYNtNvNtNtCs5OApllgj7p4_7fluxion7weather5testss_21test_weather_iterator11DummySourceNtB8_13WeatherSource10iter_hoursBa_
FN:426,_RNvYNtNvNtNtCs5OApllgj7p4_7fluxion7weather5testss_32test_weather_iterator_with_error11ErrorSourceNtB8_13WeatherSource10iter_hoursBa_
FNDA:0,_RNvMNtCs5OApllgj7p4_7fluxion7weatherNtB2_17HourlyWeatherData13with_infrared
FNDA:0,_RNvMNtCs5OApllgj7p4_7fluxion7weatherNtB2_17HourlyWeatherData14sky_emissivity
FNDA:0,_RNvMNtCs5OApllgj7p4_7fluxion7weatherNtB2_17HourlyWeatherData15sky_temperature
FNDA:0,_RNvXNvNtNtCs5OApllgj7p4_7fluxion7weather5testss_21test_weather_iteratorNtB2_11DummySourceNtB6_13WeatherSource8location
FNDA:0,_RNvXNvNtNtCs5OApllgj7p4_7fluxion7weather5testss_32test_weather_iterator_with_errorNtB2_11ErrorSourceNtB6_13WeatherSource8location
FNDA:1,_RNvYNtNtNtCs5OApllgj7p4_7fluxion7weather3epw16EpwWeatherSourceNtB6_13WeatherSource10iter_hoursB8_
FNDA:1,_RNvYNtNtNtCs5OApllgj7p4_7fluxion7weather6denver16DenverTmyWeatherNtB6_13WeatherSource10iter_hoursB8_
FNDA:4,_RNvXs1_NtCs5OApllgj7p4_7fluxion7weatherINtB5_15WeatherIteratorNtNtB5_3epw16EpwWeatherSourceENtNtNtNtCs7dTDQl1DYhd_4core4iter6traits8iterator8Iterator4nextB7_
FNDA:100,_RNvXs1_NtCs5OApllgj7p4_7fluxion7weatherINtB5_15WeatherIteratorNtNtB5_6denver16DenverTmyWeatherENtNtNtNtCs7dTDQl1DYhd_4core4iter6traits8iterator8Iterator4nextB7_
FNDA:8761,_RNvXs1_NtCs5OApllgj7p4_7fluxion7weatherINtB5_15WeatherIteratorNtNvNtB5_5testss_21test_weather_iterator11DummySourceENtNtNtNtCs7dTDQl1DYhd_4core4iter6traits8iterator8Iterator4nextB7_
FNDA:15,_RNvXs1_NtCs5OApllgj7p4_7fluxion7weatherINtB5_15WeatherIteratorNtNvNtB5_5testss_32test_weather_iterator_with_error11ErrorSourceENtNtNtNtCs7dTDQl1DYhd_4core4iter6traits8iterator8Iterator4nextB7_
FNDA:7,_RNvMNtCs5OApllgj7p4_7fluxion7weatherNtB2_17HourlyWeatherData11day_of_year
FNDA:4,_RNvMNtCs5OApllgj7p4_7fluxion7weatherNtB2_17HourlyWeatherData11hour_of_day
FNDA:8784,_RNvMNtCs5OApllgj7p4_7fluxion7weatherNtB2_17HourlyWeatherData3new
FNDA:3,_RNvMNtCs5OApllgj7p4_7fluxion7weatherNtB2_17HourlyWeatherData5month
FNDA:4,_RNvXs_NtCs5OApllgj7p4_7fluxion7weatherNtB4_12WeatherErrorNtNtCs7dTDQl1DYhd_4core3fmt7Display3fmt
FNDA:1,_RNvNtNtCs5OApllgj7p4_7fluxion7weather5testss_10test_month
FNDA:1,_RNvNtNtCs5OApllgj7p4_7fluxion7weather5testss_16test_day_of_year
FNDA:1,_RNvNtNtCs5OApllgj7p4_7fluxion7weather5testss_16test_hour_of_day
FNDA:1,_RNvNtNtCs5OApllgj7p4_7fluxion7weather5testss_21test_weather_iterator
FNDA:1,_RNvNtNtCs5OApllgj7p4_7fluxion7weather5testss_26test_weather_error_display
FNDA:1,_RNvNtNtCs5OApllgj7p4_7fluxion7weather5testss_32test_weather_iterator_with_error
FNDA:1,_RNvNtNtCs5OApllgj7p4_7fluxion7weather5testss_32test_weather_source_trait_bounds
FNDA:1,_RNvNtNtCs5OApllgj7p4_7fluxion7weather5testss_33test_hourly_weather_data_creation
FNDA:8760,_RNvXNvNtNtCs5OApllgj7p4_7fluxion7weather5testss_21test_weather_iteratorNtB2_11DummySourceNtB6_13WeatherSource15get_hourly_data
FNDA:15,_RNvXNvNtNtCs5OApllgj7p4_7fluxion7weather5testss_32test_weather_iterator_with_errorNtB2_11ErrorSourceNtB6_13WeatherSource15get_hourly_data
FNDA:2,_RNvXNvNtNtCs5OApllgj7p4_7fluxion7weather5testss_32test_weather_source_trait_boundsNtB2_11DummySourceNtB6_13WeatherSource15get_hourly_data
FNDA:1,_RNvXNvNtNtCs5OApllgj7p4_7fluxion7weather5testss_32test_weather_source_trait_boundsNtB2_11DummySourceNtB6_13WeatherSource8location
FNDA:1,_RNvYNtNvNtNtCs5OApllgj7p4_7fluxion7weather5testss_21test_weather_iterator11DummySourceNtB8_13WeatherSource10iter_hoursBa_
FNDA:1,_RNvYNtNvNtNtCs5OApllgj7p4_7fluxion7weather5testss_32test_weather_iterator_with_error11ErrorSourceNtB8_13WeatherSource10iter_hoursBa_
FNF:24
FNH:19
DA:111,8784
DA:112,8784
DA:113,8784
DA:114,8784
DA:115,8784
DA:116,8784
DA:117,8784
DA:118,8784
DA:119,8784
DA:120,8784
DA:121,8784
DA:122,8784
DA:123,8784
DA:124,8784
DA:125,8784
DA:126,8784
DA:127,8784
DA:128,8784
DA:129,8784
DA:130,8784
DA:145,0
DA:146,0
DA:147,0
DA:148,0
DA:149,0
DA:150,0
DA:151,0
DA:152,0
DA:153,0
DA:154,0
DA:155,0
DA:156,0
DA:157,0
DA:158,0
DA:159,0
DA:160,0
DA:161,0
DA:162,0
DA:163,0
DA:164,0
DA:165,0
DA:202,0
DA:205,0
DA:208,0
DA:209,0
DA:213,0
DA:214,0
DA:215,0
DA:231,0
DA:234,0
DA:235,0
DA:236,0
DA:238,0
DA:239,0
DA:240,0
DA:252,4
DA:253,4
DA:254,4
DA:266,7
DA:267,7
DA:268,7
DA:282,3
DA:284,3
DA:286,3
DA:289,17
DA:290,17
DA:291,2
DA:292,15
DA:296,1
DA:297,3
DA:317,4
DA:318,4
DA:319,1
DA:320,1
DA:322,1
DA:323,1
DA:324,1
DA:326,4
DA:426,4
DA:427,4
DA:428,4
DA:430,4
DA:431,4
DA:432,4
DA:433,4
DA:434,4
DA:448,8880
DA:449,8880
DA:450,8879
DA:451,8879
DA:452,8879
DA:456,8878
DA:457,1
DA:459,8878
DA:462,1
DA:464,8880
DA:472,1
DA:473,1
DA:475,1
DA:476,1
DA:477,1
DA:478,1
DA:479,1
DA:480,1
DA:481,1
DA:482,1
DA:485,1
DA:486,1
DA:487,1
DA:489,1
DA:490,1
DA:492,1
DA:493,1
DA:495,1
DA:496,1
DA:497,1
DA:500,1
DA:501,1
DA:502,1
DA:504,1
DA:505,1
DA:507,1
DA:508,1
DA:510,1
DA:511,1
DA:512,1
DA:515,1
DA:516,1
DA:517,1
DA:519,1
DA:520,1
DA:522,1
DA:523,1
DA:524,1
DA:527,1
DA:528,1
DA:529,1
DA:530,1
DA:532,1
DA:533,1
DA:534,1
DA:536,1
DA:537,1
DA:538,1
DA:540,1
DA:541,1
DA:542,1
DA:543,1
DA:546,1
DA:552,1
DA:553,1
DA:554,1
DA:556,2
DA:557,2
DA:558,1
DA:559,1
DA:560,1
DA:561,1
DA:562,1
DA:563,2
DA:566,1
DA:567,1
DA:569,1
DA:570,1
DA:571,1
DA:573,1
DA:574,1
DA:575,1
DA:578,1
DA:581,0
DA:582,0
DA:583,0
DA:585,8760
DA:586,8760
DA:587,0
DA:588,8760
DA:589,8760
DA:590,8760
DA:591,8760
DA:592,8760
DA:595,1
DA:596,1
DA:598,8760
DA:599,8760
DA:600,8760
DA:601,8760
DA:602,8760
DA:605,1
DA:606,1
DA:609,1
DA:612,0
DA:613,0
DA:614,0
DA:616,15
DA:617,15
DA:618,4
DA:619,11
DA:620,11
DA:621,11
DA:622,11
DA:623,15
DA:626,1
DA:628,15
DA:629,15
DA:630,11
DA:632,4
DA:635,1
BRF:0
BRH:0
LF:207
LH:164
end_of_record
