TN:
SF:/home/alex/Projects/fluxion/benches/cta_perf_comparison.rs
FNF:0
DA:18,0
DA:19,0
DA:22,0
DA:23,0
DA:26,0
DA:27,0
LF:6
LH:0
end_of_record
TN:
SF:/home/alex/Projects/fluxion/src/ai/batch_inference.rs
FN:26,<impl Default for DynamicBatchConfig>::default
FN:39,DynamicBatchConfig::low_latency
FN:50,DynamicBatchConfig::high_throughput
FN:95,BatchStats::new
FN:99,BatchStats::record_batch
FN:117,DynamicBatchManager::new
FN:128,DynamicBatchManager::add_request
FN:137,DynamicBatchManager::get_pending
FN:149,DynamicBatchManager::pending_count
FN:154,DynamicBatchManager::get_stats
FN:159,DynamicBatchManager::record_batch
FN:175,BatchProcessor::new
FN:188,BatchProcessor::process_single
FN:193,BatchProcessor::process_batch
FN:219,BatchProcessor::optimize_batch_size
FN:242,BatchProcessor::get_stats
FN:247,BatchProcessor::reset_stats
FN:270,BatchBenchmarkResult::print
FN:282,benchmark_batch_inference
FNF:19
FNDA:1,<impl Default for DynamicBatchConfig>::default
FNDA:1,DynamicBatchConfig::low_latency
FNDA:1,DynamicBatchConfig::high_throughput
FNDA:1,BatchStats::new
FNDA:1,BatchStats::record_batch
FNDA:1,DynamicBatchManager::new
FNDA:0,DynamicBatchManager::add_request
FNDA:0,DynamicBatchManager::get_pending
FNDA:0,DynamicBatchManager::pending_count
FNDA:0,DynamicBatchManager::get_stats
FNDA:1,DynamicBatchManager::record_batch
FNDA:1,BatchProcessor::new
FNDA:0,BatchProcessor::process_single
FNDA:1,BatchProcessor::process_batch
FNDA:1,BatchProcessor::optimize_batch_size
FNDA:0,BatchProcessor::get_stats
FNDA:0,BatchProcessor::reset_stats
FNDA:0,BatchBenchmarkResult::print
FNDA:1,benchmark_batch_inference
DA:26,1
DA:39,1
DA:50,1
DA:95,1
DA:96,1
DA:99,1
DA:100,1
DA:101,2
DA:102,2
DA:105,1
DA:106,1
DA:109,2
DA:110,1
DA:117,1
DA:120,1
DA:121,2
DA:128,0
DA:129,0
DA:130,0
DA:133,0
DA:137,0
DA:138,0
DA:140,0
DA:141,0
DA:142,0
DA:144,0
DA:149,0
DA:150,0
DA:154,0
DA:155,0
DA:159,1
DA:160,1
DA:161,2
DA:175,1
DA:178,1
DA:188,0
DA:189,0
DA:193,1
DA:197,2
DA:198,0
DA:201,2
DA:204,1
DA:205,2
DA:208,1
DA:210,2
DA:213,1
DA:215,1
DA:219,1
DA:220,1
DA:222,2
DA:224,0
DA:229,1
DA:230,1
DA:233,0
DA:234,0
DA:235,0
DA:237,0
DA:242,0
DA:243,0
DA:247,0
DA:248,0
DA:249,0
DA:270,0
DA:271,0
DA:272,0
DA:273,0
DA:277,0
DA:282,1
DA:289,1
DA:292,1
DA:294,1
DA:295,1
DA:296,1
DA:297,3
DA:300,0
DA:301,5
DA:305,2
DA:308,1
DA:309,1
DA:310,1
DA:311,2
DA:313,1
DA:315,1
DA:316,1
DA:317,1
DA:319,1
DA:320,0
DA:321,0
DA:322,0
DA:323,0
DA:328,1
LF:91
LH:54
end_of_record
TN:
SF:/home/alex/Projects/fluxion/src/ai/context_aware.rs
FN:23,GaussianRng<R>::new
FN:27,GaussianRng<R>::sample
FN:85,<impl Default for ContextAwareInitializerConfig>::default
FN:110,<impl Default for ParamBounds>::default
FN:140,<impl Default for InitializationContext>::default
FN:160,ContextAwareParameterInitializer::new
FN:165,ContextAwareParameterInitializer::new_default
FN:173,ContextAwareParameterInitializer::initialize
FN:193,ContextAwareParameterInitializer::initialize_uniform
FN:211,ContextAwareParameterInitializer::initialize_gaussian
FN:253,ContextAwareParameterInitializer::initialize_smart
FN:332,ContextAwareParameterInitializer::initialize_lhs
FN:372,ContextAwareParameterInitializer::initialize_from_model
FN:412,ContextAwareParameterInitializer::get_population_stats
FN:474,create_rng
FNF:15
FNDA:1,GaussianRng<R>::new
FNDA:1,GaussianRng<R>::sample
FNDA:0,<impl Default for ContextAwareInitializerConfig>::default
FNDA:1,<impl Default for ParamBounds>::default
FNDA:1,<impl Default for InitializationContext>::default
FNDA:1,ContextAwareParameterInitializer::new
FNDA:0,ContextAwareParameterInitializer::new_default
FNDA:1,ContextAwareParameterInitializer::initialize
FNDA:1,ContextAwareParameterInitializer::initialize_uniform
FNDA:1,ContextAwareParameterInitializer::initialize_gaussian
FNDA:1,ContextAwareParameterInitializer::initialize_smart
FNDA:1,ContextAwareParameterInitializer::initialize_lhs
FNDA:0,ContextAwareParameterInitializer::initialize_from_model
FNDA:1,ContextAwareParameterInitializer::get_population_stats
FNDA:1,create_rng
DA:23,1
DA:27,1
DA:29,1
DA:30,1
DA:33,1
DA:35,1
DA:36,1
DA:85,0
DA:87,0
DA:92,0
DA:110,1
DA:140,1
DA:160,1
DA:165,0
DA:167,0
DA:168,0
DA:173,1
DA:174,1
DA:176,1
DA:177,1
DA:178,1
DA:180,1
DA:181,1
DA:183,1
DA:188,1
DA:193,1
DA:194,1
DA:195,1
DA:197,1
DA:198,1
DA:199,1
DA:202,2
DA:203,1
DA:204,1
DA:205,1
DA:211,1
DA:217,1
DA:218,1
DA:219,1
DA:222,1
DA:223,1
DA:224,1
DA:226,1
DA:227,1
DA:229,1
DA:233,2
DA:234,1
DA:235,1
DA:238,1
DA:239,2
DA:240,1
DA:241,1
DA:243,1
DA:244,1
DA:245,1
DA:247,1
DA:253,1
DA:260,1
DA:261,1
DA:262,1
DA:263,1
DA:266,1
DA:271,1
DA:273,1
DA:276,0
DA:279,2
DA:281,0
DA:284,1
DA:289,1
DA:292,1
DA:294,1
DA:298,1
DA:300,0
DA:301,2
DA:303,0
DA:306,1
DA:309,1
DA:312,2
DA:313,1
DA:314,1
DA:317,1
DA:318,2
DA:319,1
DA:320,1
DA:322,1
DA:323,1
DA:324,1
DA:326,1
DA:332,1
DA:333,1
DA:334,1
DA:336,1
DA:337,1
DA:338,1
DA:341,1
DA:343,2
DA:344,2
DA:345,2
DA:346,1
DA:349,1
DA:350,1
DA:351,1
DA:352,1
DA:355,1
DA:356,1
DA:357,1
DA:359,2
DA:360,1
DA:361,1
DA:363,1
DA:364,1
DA:368,1
DA:372,0
DA:377,0
DA:380,0
DA:381,0
DA:382,0
DA:385,0
DA:386,0
DA:388,0
DA:389,0
DA:390,0
DA:393,0
DA:394,0
DA:395,0
DA:397,0
DA:398,0
DA:399,0
DA:400,0
DA:402,0
DA:403,0
DA:404,0
DA:406,0
DA:412,1
DA:413,1
DA:414,0
DA:417,1
DA:418,1
DA:419,1
DA:421,2
DA:422,2
DA:423,1
DA:424,1
DA:425,1
DA:429,2
DA:430,2
DA:431,1
DA:432,3
DA:434,2
DA:435,2
DA:438,1
DA:439,1
DA:440,1
DA:441,1
DA:442,1
DA:443,1
DA:444,1
DA:445,1
DA:446,1
DA:447,1
DA:448,1
DA:449,1
DA:474,1
DA:475,1
DA:476,1
DA:477,0
LF:166
LH:133
end_of_record
TN:
SF:/home/alex/Projects/fluxion/src/ai/distributed.rs
FN:19,DistributedSurrogateManager::new
FN:47,DistributedSurrogateManager::evaluate_population_distributed
FNF:2
FNDA:1,DistributedSurrogateManager::new
FNDA:0,DistributedSurrogateManager::evaluate_population_distributed
DA:19,1
DA:24,1
DA:25,2
DA:27,2
DA:28,2
DA:29,0
DA:30,0
DA:33,1
DA:34,2
DA:37,0
DA:47,0
DA:52,0
DA:53,0
DA:54,0
DA:64,0
DA:74,0
DA:75,0
DA:76,0
DA:79,0
DA:83,0
DA:86,0
DA:89,0
DA:90,0
DA:93,0
DA:95,0
DA:99,0
DA:100,0
DA:101,0
LF:28
LH:7
end_of_record
TN:
SF:/home/alex/Projects/fluxion/src/ai/ensemble.rs
FN:22,<impl Default for EnsembleConfig>::default
FN:33,EnsembleConfig::new
FN:41,EnsembleConfig::with_method
FN:47,EnsembleConfig::with_min_models
FN:84,EnsemblePrediction::mean_disagreement
FN:92,EnsemblePrediction::max_disagreement
FN:128,ModelMetrics::new
FN:138,ModelMetrics::composite_score
FN:146,EnsembleSurrogate::new
FN:175,EnsembleSurrogate::from_single
FN:181,EnsembleSurrogate::add_model_metrics
FN:187,EnsembleSurrogate::recalculate_weights
FN:215,EnsembleSurrogate::num_models
FN:220,EnsembleSurrogate::predict_all
FN:228,EnsembleSurrogate::predict
FN:283,EnsembleSurrogate::aggregate_mean
FN:301,EnsembleSurrogate::aggregate_weighted_mean
FN:316,EnsembleSurrogate::aggregate_median
FN:335,EnsembleSurrogate::aggregate_trimmed_mean
FN:362,EnsembleSurrogate::calculate_disagreement
FN:394,EnsembleSurrogate::predict_with_uncertainty
FN:419,DisagreementMetrics::from_prediction
FNF:22
FNDA:1,<impl Default for EnsembleConfig>::default
FNDA:1,EnsembleConfig::new
FNDA:1,EnsembleConfig::with_method
FNDA:1,EnsembleConfig::with_min_models
FNDA:1,EnsemblePrediction::mean_disagreement
FNDA:1,EnsemblePrediction::max_disagreement
FNDA:1,ModelMetrics::new
FNDA:1,ModelMetrics::composite_score
FNDA:1,EnsembleSurrogate::new
FNDA:1,EnsembleSurrogate::from_single
FNDA:0,EnsembleSurrogate::add_model_metrics
FNDA:0,EnsembleSurrogate::recalculate_weights
FNDA:1,EnsembleSurrogate::num_models
FNDA:0,EnsembleSurrogate::predict_all
FNDA:0,EnsembleSurrogate::predict
FNDA:0,EnsembleSurrogate::aggregate_mean
FNDA:0,EnsembleSurrogate::aggregate_weighted_mean
FNDA:0,EnsembleSurrogate::aggregate_median
FNDA:0,EnsembleSurrogate::aggregate_trimmed_mean
FNDA:0,EnsembleSurrogate::calculate_disagreement
FNDA:0,EnsembleSurrogate::predict_with_uncertainty
FNDA:1,DisagreementMetrics::from_prediction
DA:22,1
DA:24,1
DA:33,1
DA:41,1
DA:42,1
DA:43,1
DA:47,1
DA:48,1
DA:49,1
DA:84,1
DA:85,1
DA:86,1
DA:88,1
DA:92,1
DA:93,1
DA:128,1
DA:138,1
DA:140,1
DA:146,1
DA:147,1
DA:149,2
DA:150,2
DA:151,0
DA:152,1
DA:153,2
DA:158,1
DA:159,1
DA:161,2
DA:166,1
DA:167,1
DA:168,1
DA:169,1
DA:170,1
DA:175,1
DA:176,1
DA:177,1
DA:181,0
DA:182,0
DA:183,0
DA:187,0
DA:188,0
DA:189,0
DA:194,0
DA:197,0
DA:201,0
DA:202,0
DA:204,0
DA:207,0
DA:208,0
DA:211,0
DA:215,1
DA:216,1
DA:220,0
DA:221,0
DA:223,0
DA:228,0
DA:229,0
DA:230,0
DA:231,0
DA:232,0
DA:233,0
DA:234,0
DA:239,0
DA:241,0
DA:242,0
DA:243,0
DA:244,0
DA:245,0
DA:246,0
DA:250,0
DA:253,0
DA:254,0
DA:256,0
DA:258,0
DA:259,0
DA:260,0
DA:262,0
DA:263,0
DA:264,0
DA:266,0
DA:272,0
DA:278,0
DA:283,0
DA:284,0
DA:285,0
DA:287,0
DA:288,0
DA:289,0
DA:293,0
DA:294,0
DA:297,0
DA:301,0
DA:302,0
DA:303,0
DA:304,0
DA:306,0
DA:307,0
DA:308,0
DA:312,0
DA:316,0
DA:317,0
DA:319,0
DA:320,0
DA:321,0
DA:322,0
DA:323,0
DA:324,0
DA:326,0
DA:328,0
DA:331,0
DA:335,0
DA:341,0
DA:343,0
DA:344,0
DA:345,0
DA:347,0
DA:348,0
DA:350,0
DA:351,0
DA:353,0
DA:355,0
DA:358,0
DA:362,0
DA:363,0
DA:364,0
DA:367,0
DA:370,0
DA:371,0
DA:372,0
DA:375,0
DA:376,0
DA:377,0
DA:378,0
DA:379,0
DA:381,0
DA:382,0
DA:384,0
DA:387,0
DA:394,0
DA:395,0
DA:398,0
DA:400,0
DA:419,1
DA:420,1
DA:421,1
DA:422,1
DA:425,1
DA:426,1
DA:429,1
DA:430,1
DA:431,1
DA:433,2
DA:434,3
DA:435,2
DA:436,1
DA:437,1
DA:438,1
DA:439,1
DA:444,1
DA:445,1
DA:447,0
DA:451,1
DA:452,1
DA:453,1
DA:454,1
DA:456,0
DA:460,1
DA:463,3
LF:168
LH:61
end_of_record
TN:
SF:/home/alex/Projects/fluxion/src/ai/modular_surrogate.rs
FN:23,ComponentSurrogate::new
FN:33,ComponentSurrogate::predict_loads
FN:56,CompositeSurrogate::new
FN:76,CompositeSurrogate::predict_loads
FN:108,CompositeSurrogate::num_components
FN:113,CompositeSurrogate::component_names
FN:119,components_empty
FNF:7
FNDA:1,ComponentSurrogate::new
FNDA:1,ComponentSurrogate::predict_loads
FNDA:1,CompositeSurrogate::new
FNDA:1,CompositeSurrogate::predict_loads
FNDA:1,CompositeSurrogate::num_components
FNDA:1,CompositeSurrogate::component_names
FNDA:1,components_empty
DA:23,1
DA:25,1
DA:33,1
DA:34,1
DA:56,1
DA:57,1
DA:76,1
DA:77,1
DA:78,0
DA:82,1
DA:85,0
DA:88,0
DA:89,0
DA:91,0
DA:92,0
DA:93,0
DA:94,0
DA:100,0
DA:101,0
DA:104,0
DA:108,1
DA:109,1
DA:113,1
DA:114,3
DA:119,1
DA:120,1
LF:26
LH:15
end_of_record
TN:
SF:/home/alex/Projects/fluxion/src/ai/neural_field.rs
FN:17,NeuralScalarField<T>::new
FN:36,NeuralScalarField<T>::evaluate_basis_1d
FN:47,NeuralScalarField<T>::integrate_basis_1d
FN:68,NeuralScalarField<f64>::from_onnx
FN:94,<impl ContinuousField for NeuralScalarField<T>>::at
FN:111,<impl ContinuousField for NeuralScalarField<T>>::integrate
FNF:6
FNDA:1,NeuralScalarField<T>::new
FNDA:1,NeuralScalarField<T>::evaluate_basis_1d
FNDA:1,NeuralScalarField<T>::integrate_basis_1d
FNDA:0,NeuralScalarField<f64>::from_onnx
FNDA:1,<impl ContinuousField for NeuralScalarField<T>>::at
FNDA:1,<impl ContinuousField for NeuralScalarField<T>>::integrate
DA:17,1
DA:18,2
DA:19,1
DA:20,1
DA:21,0
DA:23,1
DA:24,0
DA:26,2
DA:27,0
DA:28,0
DA:29,0
DA:32,2
DA:33,1
DA:36,1
DA:37,1
DA:38,1
DA:39,1
DA:40,1
DA:41,2
DA:42,1
DA:44,1
DA:47,1
DA:48,1
DA:49,1
DA:51,1
DA:52,1
DA:53,1
DA:54,2
DA:55,1
DA:56,1
DA:57,1
DA:59,1
DA:68,0
DA:70,0
DA:71,0
DA:73,0
DA:74,0
DA:76,0
DA:78,0
DA:79,0
DA:80,0
DA:81,0
DA:83,0
DA:86,0
DA:94,1
DA:95,1
DA:96,1
DA:98,2
DA:99,1
DA:101,2
DA:102,3
DA:103,1
DA:104,1
DA:105,1
DA:108,1
DA:111,1
DA:112,1
DA:113,1
DA:115,2
DA:116,1
DA:118,2
DA:119,3
DA:120,1
DA:121,1
DA:122,1
DA:125,1
LF:66
LH:49
end_of_record
TN:
SF:/home/alex/Projects/fluxion/src/ai/shared_batch_service.rs
FN:26,<impl Default for DynamicBatchConfig>::default
FN:58,SharedBatchInferenceService::new
FN:79,SharedBatchInferenceService::submit
FN:95,SharedBatchInferenceService::run_worker
FN:138,<impl Drop for Inner>::drop
FNF:5
FNDA:1,<impl Default for DynamicBatchConfig>::default
FNDA:0,SharedBatchInferenceService::new
FNDA:0,SharedBatchInferenceService::submit
FNDA:0,SharedBatchInferenceService::run_worker
FNDA:0,<impl Drop for Inner>::drop
DA:26,1
DA:58,0
DA:63,0
DA:64,0
DA:65,0
DA:67,0
DA:79,0
DA:80,0
DA:87,0
DA:89,0
DA:91,0
DA:95,0
DA:100,0
DA:102,0
DA:105,0
DA:106,0
DA:111,0
DA:112,0
DA:113,0
DA:120,0
DA:122,0
DA:126,0
DA:129,0
DA:131,0
DA:138,0
DA:140,0
DA:141,0
LF:27
LH:1
end_of_record
TN:
SF:/home/alex/Projects/fluxion/src/ai/surrogate.rs
FN:41,QuantizationConfig::fp32
FN:47,QuantizationConfig::fp16
FN:53,QuantizationConfig::int8
FN:72,MultiDeviceConfig::single_gpu
FN:82,MultiDeviceConfig::multi_gpu
FN:92,MultiDeviceConfig::auto
FN:128,InferenceMetrics::record_inference
FN:134,InferenceMetrics::reset
FN:244,MultiDeviceSessionPool::new
FN:283,MultiDeviceSessionPool::detect_cuda_devices
FN:311,MultiDeviceSessionPool::get_cuda_device_info
FN:332,MultiDeviceSessionPool::get_session
FN:343,MultiDeviceSessionPool::num_devices
FN:353,MultiDeviceSessionGuard::run_inference
FN:370,SessionPool::new
FN:384,SessionPool::get_or_create_session
FN:402,SessionPool::return_session
FN:407,SessionPool::create_session
FN:454,<impl Drop for SessionGuard<'a>>::drop
FN:463,<impl Deref for SessionGuard<'a>>::deref
FN:469,<impl DerefMut for SessionGuard<'a>>::deref_mut
FN:475,SurrogateManager::new
FN:513,SurrogateManager::predict_loads_with_fallback
FN:549,SurrogateManager::analytical_loads
FN:581,SurrogateManager::gpu_supported
FN:620,SurrogateManager::load_onnx
FN:655,SurrogateManager::with_gpu_backend
FN:681,SurrogateManager::with_multi_device
FN:722,SurrogateManager::load_modular
FN:771,SurrogateManager::predict_loads
FN:849,SurrogateManager::predict_loads_batched
FN:931,PredictionWithUncertainty::new
FN:952,SurrogateManager::predict_with_uncertainty
FN:1014,SurrogateManager::get_prediction_interval_width
FNF:34
FNDA:0,QuantizationConfig::fp32
FNDA:0,QuantizationConfig::fp16
FNDA:0,QuantizationConfig::int8
FNDA:0,MultiDeviceConfig::single_gpu
FNDA:0,MultiDeviceConfig::multi_gpu
FNDA:0,MultiDeviceConfig::auto
FNDA:0,InferenceMetrics::record_inference
FNDA:0,InferenceMetrics::reset
FNDA:0,MultiDeviceSessionPool::new
FNDA:0,MultiDeviceSessionPool::detect_cuda_devices
FNDA:0,MultiDeviceSessionPool::get_cuda_device_info
FNDA:0,MultiDeviceSessionPool::get_session
FNDA:0,MultiDeviceSessionPool::num_devices
FNDA:0,MultiDeviceSessionGuard::run_inference
FNDA:1,SessionPool::new
FNDA:1,SessionPool::get_or_create_session
FNDA:1,SessionPool::return_session
FNDA:1,SessionPool::create_session
FNDA:1,<impl Drop for SessionGuard<'a>>::drop
FNDA:0,<impl Deref for SessionGuard<'a>>::deref
FNDA:1,<impl DerefMut for SessionGuard<'a>>::deref_mut
FNDA:1,SurrogateManager::new
FNDA:2,SurrogateManager::predict_loads_with_fallback
FNDA:0,SurrogateManager::analytical_loads
FNDA:0,SurrogateManager::gpu_supported
FNDA:1,SurrogateManager::load_onnx
FNDA:1,SurrogateManager::with_gpu_backend
FNDA:0,SurrogateManager::with_multi_device
FNDA:0,SurrogateManager::load_modular
FNDA:1,SurrogateManager::predict_loads
FNDA:1,SurrogateManager::predict_loads_batched
FNDA:0,PredictionWithUncertainty::new
FNDA:0,SurrogateManager::predict_with_uncertainty
FNDA:0,SurrogateManager::get_prediction_interval_width
DA:41,0
DA:47,0
DA:53,0
DA:72,0
DA:74,0
DA:82,0
DA:92,0
DA:94,0
DA:128,0
DA:129,0
DA:130,0
DA:131,0
DA:132,0
DA:134,0
DA:135,0
DA:136,0
DA:137,0
DA:138,0
DA:244,0
DA:245,0
DA:246,0
DA:247,0
DA:248,0
DA:249,0
DA:251,0
DA:254,0
DA:255,0
DA:256,0
DA:258,0
DA:260,0
DA:261,0
DA:263,0
DA:265,0
DA:272,0
DA:273,0
DA:276,0
DA:277,0
DA:278,0
DA:279,0
DA:283,0
DA:307,0
DA:311,0
DA:328,0
DA:332,0
DA:333,0
DA:334,0
DA:335,0
DA:336,0
DA:340,0
DA:343,0
DA:344,0
DA:353,0
DA:354,0
DA:355,0
DA:356,0
DA:357,0
DA:358,0
DA:359,0
DA:361,0
DA:362,0
DA:364,0
DA:370,1
DA:377,2
DA:384,1
DA:386,1
DA:387,2
DA:388,1
DA:390,1
DA:394,2
DA:395,1
DA:397,2
DA:402,1
DA:403,2
DA:404,2
DA:407,1
DA:413,1
DA:415,1
DA:417,0
DA:418,0
DA:419,0
DA:420,0
DA:423,0
DA:424,0
DA:425,0
DA:426,0
DA:429,0
DA:430,0
DA:431,0
DA:432,0
DA:435,0
DA:436,0
DA:437,0
DA:438,0
DA:443,1
DA:444,1
DA:454,1
DA:455,1
DA:456,1
DA:463,0
DA:464,0
DA:469,1
DA:470,1
DA:475,1
DA:476,1
DA:478,1
DA:482,1
DA:513,2
DA:515,1
DA:517,0
DA:519,0
DA:520,0
DA:522,0
DA:549,0
DA:550,0
DA:551,0
DA:558,0
DA:559,0
DA:560,0
DA:561,0
DA:566,0
DA:567,0
DA:570,0
DA:581,0
DA:620,1
DA:621,1
DA:655,1
DA:660,2
DA:665,1
DA:666,1
DA:668,2
DA:669,2
DA:670,3
DA:671,1
DA:673,2
DA:674,1
DA:677,1
DA:681,0
DA:683,0
DA:684,0
DA:686,0
DA:687,0
DA:688,0
DA:692,0
DA:694,0
DA:695,0
DA:697,0
DA:698,0
DA:701,0
DA:702,0
DA:706,0
DA:722,0
DA:723,0
DA:724,0
DA:727,0
DA:728,0
DA:729,0
DA:730,0
DA:731,0
DA:734,0
DA:736,0
DA:737,0
DA:738,0
DA:741,0
DA:742,0
DA:744,0
DA:748,0
DA:771,1
DA:773,1
DA:774,0
DA:778,1
DA:779,1
DA:781,1
DA:782,3
DA:783,2
DA:784,1
DA:785,1
DA:786,2
DA:787,1
DA:788,1
DA:790,1
DA:791,0
DA:792,0
DA:795,2
DA:796,1
DA:797,2
DA:798,1
DA:799,1
DA:800,4
DA:802,2
DA:803,1
DA:806,0
DA:807,0
DA:811,0
DA:813,0
DA:814,0
DA:818,0
DA:819,0
DA:823,0
DA:849,1
DA:851,1
DA:853,0
DA:854,0
DA:855,0
DA:859,2
DA:860,1
DA:862,1
DA:863,1
DA:864,2
DA:865,2
DA:866,1
DA:867,0
DA:870,1
DA:872,5
DA:874,2
DA:875,1
DA:876,1
DA:877,2
DA:878,1
DA:880,1
DA:881,0
DA:882,0
DA:885,2
DA:886,1
DA:887,2
DA:888,1
DA:889,1
DA:890,4
DA:892,1
DA:893,2
DA:894,1
DA:895,2
DA:896,2
DA:898,1
DA:900,0
DA:901,0
DA:905,0
DA:907,0
DA:908,0
DA:912,0
DA:913,0
DA:917,0
DA:931,0
DA:932,0
DA:934,0
DA:935,0
DA:937,0
DA:939,0
DA:940,0
DA:952,0
DA:958,0
DA:959,0
DA:960,0
DA:961,0
DA:964,0
DA:965,0
DA:966,0
DA:967,0
DA:970,0
DA:971,0
DA:972,0
DA:973,0
DA:977,0
DA:978,0
DA:979,0
DA:981,0
DA:982,0
DA:983,0
DA:984,0
DA:988,0
DA:990,0
DA:991,0
DA:992,0
DA:993,0
DA:994,0
DA:995,0
DA:998,0
DA:999,0
DA:1001,0
DA:1002,0
DA:1003,0
DA:1004,0
DA:1007,0
DA:1008,0
DA:1010,0
DA:1011,0
DA:1014,0
DA:1019,0
DA:1020,0
DA:1021,0
DA:1022,0
DA:1023,0
DA:1025,0
DA:1026,0
LF:293
LH:92
end_of_record
TN:
SF:/home/alex/Projects/fluxion/src/analysis/components.rs
FN:16,aggregate_from_validator
FN:57,export_component_csv
FN:80,check_conservation
FNF:3
FNDA:1,aggregate_from_validator
FNDA:0,export_component_csv
FNDA:1,check_conservation
DA:16,1
DA:20,1
DA:21,4
DA:22,1
DA:23,1
DA:24,1
DA:25,1
DA:27,1
DA:28,1
DA:29,1
DA:30,1
DA:32,1
DA:33,1
DA:34,1
DA:35,1
DA:37,1
DA:38,1
DA:39,1
DA:40,1
DA:42,1
DA:43,1
DA:44,1
DA:45,1
DA:47,1
DA:48,1
DA:49,1
DA:50,1
DA:53,1
DA:57,0
DA:58,0
DA:59,0
DA:60,0
DA:61,0
DA:63,0
DA:64,0
DA:67,0
DA:68,0
DA:80,1
DA:81,1
DA:84,1
DA:85,1
DA:86,1
DA:89,0
DA:91,1
LF:44
LH:34
end_of_record
TN:
SF:/home/alex/Projects/fluxion/src/analysis/delta.rs
FN:72,parse_config
FN:84,expand_variants
FN:126,apply_patch
FN:137,set_nested
FN:183,generate_sweep_combinations
FN:214,run_simulation
FN:437,compute_hourly_deltas
FN:494,generate_markdown_report
FN:560,generate_sweep_statistics
FN:621,mean_std
FN:633,export_hourly_deltas_csv
FN:666,run_comparison
FN:709,run_and_report
FNF:13
FNDA:1,parse_config
FNDA:1,expand_variants
FNDA:1,apply_patch
FNDA:1,set_nested
FNDA:1,generate_sweep_combinations
FNDA:1,run_simulation
FNDA:1,compute_hourly_deltas
FNDA:1,generate_markdown_report
FNDA:1,generate_sweep_statistics
FNDA:1,mean_std
FNDA:1,export_hourly_deltas_csv
FNDA:1,run_comparison
FNDA:0,run_and_report
DA:72,1
DA:73,1
DA:74,2
DA:75,1
DA:84,1
DA:85,1
DA:86,1
DA:88,3
DA:89,2
DA:92,2
DA:93,2
DA:96,2
DA:97,4
DA:99,1
DA:102,1
DA:104,1
DA:107,2
DA:108,2
DA:109,2
DA:110,0
DA:112,2
DA:114,1
DA:117,2
DA:118,2
DA:122,1
DA:126,1
DA:130,2
DA:131,2
DA:133,1
DA:137,1
DA:142,2
DA:143,2
DA:144,0
DA:146,1
DA:147,2
DA:148,2
DA:149,2
DA:150,1
DA:151,2
DA:152,1
DA:155,0
DA:158,0
DA:159,0
DA:160,0
DA:161,0
DA:162,0
DA:164,0
DA:165,0
DA:167,0
DA:170,0
DA:179,1
DA:183,1
DA:190,1
DA:191,2
DA:192,2
DA:193,2
DA:195,1
DA:197,3
DA:200,1
DA:201,1
DA:204,2
DA:205,3
DA:206,2
DA:207,2
DA:208,1
DA:210,1
DA:214,1
DA:216,1
DA:217,1
DA:219,1
DA:220,1
DA:221,0
DA:222,0
DA:223,0
DA:224,0
DA:228,1
DA:229,1
DA:230,2
DA:231,2
DA:232,2
DA:233,1
DA:237,2
DA:240,1
DA:243,1
DA:244,1
DA:246,3
DA:247,2
DA:249,1
DA:253,2
DA:254,2
DA:255,1
DA:258,2
DA:261,1
DA:263,2
DA:264,1
DA:265,1
DA:266,2
DA:267,1
DA:268,1
DA:269,2
DA:270,1
DA:271,1
DA:273,2
DA:275,0
DA:276,0
DA:277,0
DA:278,0
DA:279,0
DA:280,0
DA:281,0
DA:282,0
DA:283,0
DA:284,0
DA:285,0
DA:286,0
DA:289,0
DA:290,0
DA:293,1
DA:294,1
DA:299,1
DA:300,0
DA:301,0
DA:303,0
DA:304,0
DA:311,1
DA:312,2
DA:313,2
DA:315,1
DA:316,1
DA:317,3
DA:318,3
DA:319,2
DA:321,1
DA:322,1
DA:323,3
DA:324,1
DA:326,1
DA:329,1
DA:332,2
DA:333,1
DA:335,1
DA:339,2
DA:340,2
DA:341,1
DA:342,2
DA:343,1
DA:345,2
DA:347,2
DA:349,1
DA:350,1
DA:351,3
DA:353,2
DA:355,1
DA:356,1
DA:357,3
DA:359,2
DA:361,1
DA:362,5
DA:364,1
DA:367,2
DA:370,1
DA:373,1
DA:376,1
DA:377,1
DA:378,1
DA:380,1
DA:383,1
DA:384,1
DA:386,1
DA:387,1
DA:388,3
DA:389,1
DA:390,1
DA:393,2
DA:396,1
DA:399,1
DA:402,1
DA:403,1
DA:407,1
DA:408,1
DA:409,2
DA:410,1
DA:413,1
DA:414,2
DA:415,1
DA:419,1
DA:424,1
DA:425,1
DA:427,1
DA:428,1
DA:429,1
DA:432,1
DA:437,1
DA:441,1
DA:442,0
DA:444,0
DA:445,0
DA:448,3
DA:449,1
DA:450,0
DA:453,1
DA:454,2
DA:455,1
DA:456,2
DA:459,1
DA:460,1
DA:464,1
DA:465,1
DA:469,1
DA:470,1
DA:472,1
DA:473,1
DA:475,1
DA:476,1
DA:477,1
DA:478,1
DA:479,1
DA:482,1
DA:485,1
DA:490,1
DA:494,1
DA:495,1
DA:496,1
DA:497,1
DA:499,1
DA:500,1
DA:503,2
DA:513,1
DA:514,1
DA:515,1
DA:516,1
DA:518,0
DA:520,1
DA:521,1
DA:522,1
DA:524,0
DA:526,1
DA:527,1
DA:528,1
DA:530,0
DA:532,1
DA:533,1
DA:534,1
DA:536,0
DA:539,2
DA:550,1
DA:551,2
DA:552,1
DA:553,1
DA:556,1
DA:560,1
DA:562,1
DA:563,2
DA:564,2
DA:565,1
DA:566,1
DA:571,1
DA:573,3
DA:576,2
DA:577,1
DA:580,1
DA:581,1
DA:583,2
DA:584,2
DA:585,1
DA:586,1
DA:588,3
DA:589,4
DA:590,4
DA:591,4
DA:593,2
DA:594,1
DA:595,1
DA:596,1
DA:598,2
DA:602,2
DA:606,2
DA:610,2
DA:614,1
DA:617,1
DA:621,1
DA:622,1
DA:623,0
DA:625,1
DA:626,1
DA:627,3
DA:628,1
DA:629,1
DA:633,1
DA:634,1
DA:635,2
DA:644,1
DA:645,2
DA:646,1
DA:647,2
DA:648,1
DA:649,1
DA:650,1
DA:651,2
DA:652,2
DA:653,2
DA:659,1
DA:660,1
DA:666,1
DA:671,1
DA:672,1
DA:674,2
DA:675,2
DA:676,2
DA:677,1
DA:680,1
DA:681,1
DA:684,1
DA:685,1
DA:687,0
DA:690,1
DA:691,1
DA:692,1
DA:693,1
DA:694,1
DA:695,1
DA:696,1
DA:701,1
DA:705,1
DA:709,0
DA:710,0
DA:711,0
DA:712,0
DA:714,0
DA:717,0
DA:718,0
DA:719,0
DA:722,0
DA:723,0
DA:724,0
DA:727,0
LF:336
LH:280
end_of_record
TN:
SF:/home/alex/Projects/fluxion/src/analysis/sensitivity.rs
FN:21,generate_oat_design
FN:49,generate_sobol_design
FN:108,run_sensitivity
FN:126,compute_metrics
FN:215,export_to_csv
FNF:5
FNDA:1,generate_oat_design
FNDA:1,generate_sobol_design
FNDA:1,run_sensitivity
FNDA:1,compute_metrics
FNDA:1,export_to_csv
DA:21,1
DA:22,1
DA:23,0
DA:25,1
DA:26,2
DA:27,2
DA:29,4
DA:30,3
DA:31,2
DA:32,2
DA:34,0
DA:36,1
DA:37,2
DA:38,2
DA:39,1
DA:42,1
DA:49,1
DA:50,1
DA:51,1
DA:52,0
DA:57,1
DA:58,1
DA:59,3
DA:60,2
DA:61,2
DA:62,2
DA:63,1
DA:65,1
DA:67,1
DA:108,1
DA:114,1
DA:126,1
DA:127,1
DA:128,1
DA:129,0
DA:130,0
DA:131,0
DA:134,3
DA:135,1
DA:137,2
DA:138,1
DA:139,1
DA:140,1
DA:142,1
DA:144,1
DA:145,2
DA:146,2
DA:147,2
DA:149,0
DA:155,1
DA:157,1
DA:158,1
DA:159,2
DA:160,2
DA:161,1
DA:162,1
DA:163,1
DA:165,1
DA:166,1
DA:168,0
DA:170,1
DA:175,1
DA:176,3
DA:179,4
DA:180,1
DA:181,1
DA:182,1
DA:184,1
DA:192,1
DA:196,1
DA:197,0
DA:198,0
DA:199,0
DA:200,0
DA:203,1
DA:215,1
DA:216,1
DA:218,2
DA:228,1
DA:231,1
DA:233,3
DA:234,1
DA:235,1
DA:236,1
DA:237,1
DA:240,1
DA:241,2
DA:242,2
DA:243,1
DA:244,1
DA:245,1
DA:246,1
DA:247,1
DA:251,1
DA:252,1
LF:95
LH:83
end_of_record
TN:
SF:/home/alex/Projects/fluxion/src/analysis/swing.rs
FN:24,calculate_swing_metrics
FN:52,export_swing_csv
FN:92,interpret_swing_metrics
FN:146,generate_swing_report
FNF:4
FNDA:1,calculate_swing_metrics
FNDA:0,export_swing_csv
FNDA:1,interpret_swing_metrics
FNDA:1,generate_swing_report
DA:24,1
DA:29,1
DA:30,1
DA:33,3
DA:35,1
DA:36,1
DA:38,0
DA:41,1
DA:42,1
DA:43,1
DA:44,1
DA:45,1
DA:52,0
DA:56,0
DA:57,0
DA:66,0
DA:67,0
DA:69,0
DA:70,0
DA:71,0
DA:72,0
DA:73,0
DA:74,0
DA:77,0
DA:78,0
DA:92,1
DA:94,3
DA:95,1
DA:97,1
DA:98,1
DA:99,0
DA:101,3
DA:102,1
DA:107,2
DA:108,1
DA:109,1
DA:111,1
DA:112,3
DA:113,0
DA:115,1
DA:119,3
DA:121,1
DA:122,3
DA:123,0
DA:125,1
DA:129,3
DA:130,0
DA:132,3
DA:133,0
DA:137,1
DA:139,1
DA:140,1
DA:146,1
DA:147,1
DA:148,1
DA:149,1
DA:150,1
DA:151,1
DA:152,2
DA:153,3
DA:162,1
LF:61
LH:42
end_of_record
TN:
SF:/home/alex/Projects/fluxion/src/analysis/visualization.rs
FN:31,dataset_to_trace
FN:53,generate_html
FN:114,generate_animation
FNF:3
FNDA:1,dataset_to_trace
FNDA:1,generate_html
FNDA:1,generate_animation
DA:31,1
DA:32,2
DA:38,2
DA:39,0
DA:41,1
DA:53,1
DA:54,2
DA:55,3
DA:56,2
DA:62,2
DA:64,2
DA:79,1
DA:102,2
DA:105,1
DA:106,1
DA:114,1
DA:116,1
DA:119,3
DA:121,1
DA:124,3
DA:128,2
DA:129,0
DA:135,1
DA:137,3
DA:139,1
DA:141,3
DA:144,2
DA:145,2
DA:147,2
DA:247,1
DA:248,1
LF:31
LH:29
end_of_record
TN:
SF:/home/alex/Projects/fluxion/src/api/parameters.rs
FN:79,BuildingParameters::validate
FN:145,BuildingParameters::new
FN:169,BuildingParameters::to_vec
FN:179,<impl Default for BuildingParameters>::default
FN:211,<impl TryFrom for BuildingParameters>::try_from
FNF:5
FNDA:1,BuildingParameters::validate
FNDA:1,BuildingParameters::new
FNDA:1,BuildingParameters::to_vec
FNDA:1,<impl Default for BuildingParameters>::default
FNDA:1,<impl TryFrom for BuildingParameters>::try_from
DA:79,1
DA:85,1
DA:86,1
DA:91,1
DA:92,1
DA:97,1
DA:98,0
DA:105,1
DA:106,1
DA:113,1
DA:114,1
DA:121,1
DA:122,1
DA:131,1
DA:132,1
DA:138,1
DA:145,1
DA:150,1
DA:151,1
DA:169,1
DA:170,2
DA:171,1
DA:172,1
DA:173,1
DA:179,1
DA:211,1
DA:212,2
DA:213,1
DA:215,2
DA:219,2
LF:30
LH:29
end_of_record
TN:
SF:/home/alex/Projects/fluxion/src/lib.rs
FN:144,Model::new
FN:154,Model::num_zones
FN:159,Model::get_temperatures
FN:164,Model::set_temperatures
FN:180,Model::building_type
FN:200,Model::set_building_type
FN:227,Model::simulate
FN:269,Model::simulate_with_loads
FN:291,Model::load_surrogate
FN:327,Model::get_parameter_bounds
FN:373,Model::validate_parameters_py
FN:382,Model::set_ground_temp
FN:393,Model::ground_temperature_at
FN:413,PyVectorField::new
FN:440,PyVectorField::from_scalar
FN:447,PyVectorField::len
FN:452,PyVectorField::to_list
FN:460,PyVectorField::to_numpy
FN:469,PyVectorField::integrate
FN:474,PyVectorField::gradient
FN:504,<impl From for PyConstructionLayer>::from
FN:519,<impl From for crate::sim::construction::ConstructionLayer>::from
FN:538,PyConstructionLayer::new
FN:559,PyConstructionLayer::r_value
FN:564,PyConstructionLayer::thermal_capacitance_per_area
FN:581,<impl From for crate::sim::construction::SurfaceType>::from
FN:604,<impl From for crate::sim::construction::MassClass>::from
FN:625,<impl From for PyConstruction>::from
FN:638,<impl From for crate::sim::construction::Construction>::from
FN:650,PyConstruction::new
FN:656,PyConstruction::r_value_total
FN:670,PyConstruction::u_value
FN:683,PyConstruction::thermal_capacitance_per_area
FN:691,PyConstruction::total_thickness
FN:699,PyConstruction::layer_count
FN:704,PyConstruction::mass_class
FN:733,<impl From for PyWallSurface>::from
FN:748,PyWallSurface::new
FN:830,BatchOracle::validate_parameters
FN:911,BatchOracle::from_model
FN:938,BatchOracle::evaluate_population
FN:1138,BatchOracle::new
FN:1174,BatchOracle::evaluate_population_py
FN:1219,BatchOracle::evaluate_population_typed
FN:1250,BatchOracle::evaluate_population_numpy
FN:1403,BatchOracle::load_surrogate
FN:1438,BatchOracle::get_parameter_bounds
FN:1484,BatchOracle::validate_parameters_py
FN:1527,ParameterBounds::get_bounds
FN:1541,fluxion
FN:1902,InferenceTask::new
FN:1937,AsyncTaskManager::new
FN:2048,AsyncTaskManager::submit_task
FN:2066,AsyncTaskManager::submit_batch
FN:2085,AsyncTaskManager::wait_for_result
FN:2100,AsyncTaskManager::collect_results
FN:2115,AsyncTaskManager::tasks_submitted
FN:2121,AsyncTaskManager::tasks_completed
FN:2127,AsyncTaskManager::max_concurrent
FN:2151,DistributedInferenceExecutor::new
FN:2171,DistributedInferenceExecutor::execute_population
FN:2208,DistributedInferenceExecutor::execute_chunked
FN:2251,DistributedInferenceExecutor::rayon_workers
FN:2257,DistributedInferenceExecutor::async_tasks
FN:2263,<impl Default for DistributedInferenceExecutor>::default
FNF:65
FNDA:0,Model::new
FNDA:1,Model::num_zones
FNDA:2,Model::get_temperatures
FNDA:2,Model::set_temperatures
FNDA:1,Model::building_type
FNDA:1,Model::set_building_type
FNDA:5,Model::simulate
FNDA:4,Model::simulate_with_loads
FNDA:23,Model::load_surrogate
FNDA:0,Model::get_parameter_bounds
FNDA:1,Model::validate_parameters_py
FNDA:0,Model::set_ground_temp
FNDA:0,Model::ground_temperature_at
FNDA:36,PyVectorField::new
FNDA:0,PyVectorField::from_scalar
FNDA:0,PyVectorField::len
FNDA:1,PyVectorField::to_list
FNDA:0,PyVectorField::to_numpy
FNDA:1,PyVectorField::integrate
FNDA:0,PyVectorField::gradient
FNDA:0,<impl From for PyConstructionLayer>::from
FNDA:2,<impl From for crate::sim::construction::ConstructionLayer>::from
FNDA:1,PyConstructionLayer::new
FNDA:1,PyConstructionLayer::r_value
FNDA:3,PyConstructionLayer::thermal_capacitance_per_area
FNDA:1,<impl From for crate::sim::construction::SurfaceType>::from
FNDA:0,<impl From for crate::sim::construction::MassClass>::from
FNDA:2,<impl From for PyConstruction>::from
FNDA:0,<impl From for crate::sim::construction::Construction>::from
FNDA:0,PyConstruction::new
FNDA:0,PyConstruction::r_value_total
FNDA:0,PyConstruction::u_value
FNDA:0,PyConstruction::thermal_capacitance_per_area
FNDA:1,PyConstruction::total_thickness
FNDA:0,PyConstruction::layer_count
FNDA:1,PyConstruction::mass_class
FNDA:0,<impl From for PyWallSurface>::from
FNDA:0,PyWallSurface::new
FNDA:1,BatchOracle::validate_parameters
FNDA:3,BatchOracle::from_model
FNDA:5,BatchOracle::evaluate_population
FNDA:0,BatchOracle::new
FNDA:0,BatchOracle::evaluate_population_py
FNDA:0,BatchOracle::evaluate_population_typed
FNDA:0,BatchOracle::evaluate_population_numpy
FNDA:0,BatchOracle::load_surrogate
FNDA:0,BatchOracle::get_parameter_bounds
FNDA:0,BatchOracle::validate_parameters_py
FNDA:0,ParameterBounds::get_bounds
FNDA:0,fluxion
FNDA:0,InferenceTask::new
FNDA:0,AsyncTaskManager::new
FNDA:0,AsyncTaskManager::submit_task
FNDA:0,AsyncTaskManager::submit_batch
FNDA:0,AsyncTaskManager::wait_for_result
FNDA:0,AsyncTaskManager::collect_results
FNDA:0,AsyncTaskManager::tasks_submitted
FNDA:0,AsyncTaskManager::tasks_completed
FNDA:0,AsyncTaskManager::max_concurrent
FNDA:0,DistributedInferenceExecutor::new
FNDA:0,DistributedInferenceExecutor::execute_population
FNDA:0,DistributedInferenceExecutor::execute_chunked
FNDA:0,DistributedInferenceExecutor::rayon_workers
FNDA:0,DistributedInferenceExecutor::async_tasks
FNDA:0,<impl Default for DistributedInferenceExecutor>::default
DA:137,5
DA:144,0
DA:145,3
DA:146,1
DA:147,2
DA:148,1
DA:154,1
DA:155,0
DA:159,2
DA:160,4
DA:164,2
DA:165,2
DA:166,3
DA:167,1
DA:168,2
DA:169,2
DA:172,1
DA:173,1
DA:180,1
DA:182,1
DA:183,0
DA:184,0
DA:185,0
DA:186,0
DA:187,0
DA:188,1
DA:189,0
DA:200,1
DA:201,1
DA:202,1
DA:203,0
DA:204,2
DA:205,0
DA:206,0
DA:207,3
DA:208,1
DA:209,4
DA:210,2
DA:211,2
DA:212,2
DA:216,2
DA:227,5
DA:228,4
DA:232,2
DA:233,4
DA:234,1
DA:236,0
DA:237,3
DA:238,2
DA:269,4
DA:270,6
DA:274,2
DA:277,1
DA:279,4
DA:280,0
DA:281,1
DA:291,23
DA:292,3
DA:293,4
DA:294,53
DA:295,3
DA:297,0
DA:298,1
DA:299,0
DA:327,0
DA:328,0
DA:373,1
DA:374,0
DA:375,3
DA:382,0
DA:383,0
DA:393,0
DA:394,0
DA:407,0
DA:413,36
DA:415,0
DA:417,0
DA:418,0
DA:419,0
DA:424,0
DA:425,0
DA:426,2
DA:428,1
DA:429,2
DA:430,0
DA:433,0
DA:434,0
DA:440,0
DA:442,0
DA:447,0
DA:452,1
DA:453,1
DA:460,0
DA:462,1
DA:463,1
DA:464,3
DA:469,1
DA:470,1
DA:474,0
DA:476,0
DA:503,2
DA:504,0
DA:506,1
DA:507,1
DA:508,0
DA:509,1
DA:510,3
DA:511,1
DA:512,1
DA:518,2
DA:519,2
DA:521,0
DA:522,2
DA:523,1
DA:524,1
DA:525,1
DA:526,1
DA:527,1
DA:534,1
DA:538,1
DA:559,1
DA:560,2
DA:564,3
DA:565,2
DA:580,2
DA:581,1
DA:582,1
DA:583,0
DA:584,0
DA:585,0
DA:603,0
DA:604,0
DA:605,0
DA:606,0
DA:607,0
DA:608,0
DA:609,0
DA:610,0
DA:624,2
DA:625,2
DA:627,3
DA:637,0
DA:638,0
DA:640,0
DA:647,1
DA:650,0
DA:656,0
DA:661,0
DA:662,2
DA:664,0
DA:665,1
DA:670,0
DA:675,0
DA:676,0
DA:678,0
DA:679,0
DA:683,0
DA:684,1
DA:686,0
DA:687,0
DA:691,1
DA:692,1
DA:694,0
DA:695,1
DA:699,0
DA:700,2
DA:704,1
DA:705,4
DA:707,4
DA:708,4
DA:709,0
DA:710,0
DA:711,0
DA:712,1
DA:713,1
DA:732,0
DA:733,0
DA:735,0
DA:736,1
DA:737,0
DA:744,0
DA:748,0
DA:749,0
DA:750,0
DA:751,0
DA:752,0
DA:753,0
DA:754,0
DA:755,0
DA:756,0
DA:757,0
DA:761,2
DA:763,0
DA:764,1
DA:765,1
DA:766,0
DA:811,1
DA:813,1
DA:814,0
DA:815,0
DA:816,1
DA:817,0
DA:818,0
DA:821,5
DA:822,2
DA:823,4
DA:830,1
DA:832,1
DA:834,1
DA:835,1
DA:836,2
DA:837,0
DA:838,1
DA:841,2
DA:842,1
DA:843,3
DA:844,0
DA:845,1
DA:846,0
DA:850,1
DA:852,1
DA:853,3
DA:854,0
DA:856,1
DA:858,1
DA:859,1
DA:860,6
DA:863,1
DA:864,1
DA:866,0
DA:867,1
DA:868,2
DA:869,1
DA:870,2
DA:874,1
DA:876,1
DA:877,0
DA:878,3
DA:880,2
DA:882,0
DA:883,0
DA:884,1
DA:887,0
DA:888,0
DA:890,0
DA:891,0
DA:892,0
DA:893,1
DA:894,1
DA:898,2
DA:899,0
DA:900,0
DA:901,1
DA:902,0
DA:907,1
DA:911,3
DA:914,4
DA:938,5
DA:947,1
DA:950,3
DA:951,1
DA:952,0
DA:954,1
DA:955,3
DA:956,3
DA:960,2
DA:962,1
DA:963,0
DA:964,0
DA:970,0
DA:973,0
DA:974,0
DA:976,0
DA:978,0
DA:979,0
DA:980,0
DA:981,0
DA:982,0
DA:983,0
DA:984,0
DA:986,0
DA:987,0
DA:988,0
DA:989,1
DA:990,2
DA:991,4
DA:993,1
DA:995,0
DA:996,1
DA:997,3
DA:998,1
DA:999,1
DA:1000,2
DA:1001,0
DA:1002,0
DA:1003,0
DA:1004,1
DA:1006,0
DA:1009,0
DA:1010,1
DA:1011,0
DA:1012,1
DA:1014,1
DA:1016,1
DA:1017,1
DA:1018,0
DA:1019,0
DA:1021,0
DA:1023,0
DA:1027,0
DA:1028,1
DA:1029,1
DA:1030,2
DA:1032,1
DA:1033,1
DA:1034,5
DA:1035,2
DA:1036,2
DA:1037,0
DA:1040,0
DA:1041,0
DA:1044,1
DA:1045,1
DA:1047,0
DA:1048,1
DA:1049,0
DA:1050,2
DA:1053,2
DA:1056,2
DA:1058,0
DA:1059,1
DA:1060,2
DA:1064,0
DA:1067,2
DA:1068,0
DA:1072,2
DA:1073,3
DA:1074,0
DA:1076,1
DA:1079,2
DA:1080,3
DA:1081,0
DA:1082,0
DA:1084,0
DA:1086,2
DA:1089,2
DA:1091,2
DA:1092,1
DA:1094,1
DA:1095,3
DA:1096,2
DA:1097,2
DA:1098,0
DA:1099,2
DA:1100,1
DA:1101,1
DA:1102,0
DA:1103,0
DA:1104,0
DA:1105,1
DA:1106,0
DA:1107,1
DA:1108,0
DA:1109,2
DA:1110,1
DA:1115,2
DA:1116,2
DA:1117,1
DA:1118,3
DA:1120,0
DA:1123,2
DA:1127,1
DA:1133,0
DA:1138,0
DA:1139,0
DA:1140,1
DA:1141,1
DA:1174,0
DA:1179,2
DA:1180,0
DA:1182,0
DA:1219,0
DA:1229,2
DA:1230,1
DA:1231,3
DA:1250,0
DA:1259,0
DA:1262,0
DA:1263,0
DA:1266,0
DA:1267,0
DA:1268,0
DA:1269,0
DA:1272,0
DA:1275,0
DA:1276,0
DA:1277,0
DA:1278,1
DA:1279,1
DA:1280,1
DA:1286,0
DA:1289,0
DA:1290,0
DA:1291,0
DA:1293,0
DA:1294,0
DA:1295,0
DA:1299,0
DA:1301,0
DA:1303,0
DA:1304,0
DA:1305,0
DA:1306,0
DA:1308,0
DA:1309,0
DA:1310,0
DA:1311,0
DA:1312,0
DA:1313,0
DA:1316,0
DA:1317,0
DA:1319,0
DA:1320,0
DA:1322,0
DA:1323,0
DA:1324,0
DA:1325,0
DA:1328,0
DA:1330,0
DA:1331,0
DA:1332,0
DA:1333,0
DA:1336,0
DA:1338,0
DA:1339,0
DA:1343,0
DA:1344,0
DA:1345,0
DA:1347,0
DA:1350,0
DA:1351,0
DA:1352,0
DA:1353,0
DA:1355,0
DA:1357,0
DA:1359,0
DA:1361,0
DA:1362,0
DA:1364,0
DA:1365,0
DA:1366,0
DA:1367,0
DA:1368,0
DA:1369,0
DA:1370,0
DA:1371,0
DA:1372,0
DA:1373,0
DA:1374,0
DA:1375,0
DA:1376,0
DA:1377,0
DA:1378,0
DA:1379,0
DA:1380,0
DA:1385,0
DA:1386,0
DA:1387,0
DA:1388,0
DA:1390,0
DA:1392,0
DA:1397,0
DA:1403,0
DA:1404,0
DA:1405,0
DA:1406,0
DA:1408,0
DA:1409,0
DA:1438,0
DA:1439,0
DA:1484,0
DA:1485,0
DA:1486,0
DA:1521,0
DA:1527,0
DA:1541,0
DA:1544,0
DA:1545,0
DA:1546,0
DA:1548,0
DA:1549,0
DA:1550,0
DA:1552,0
DA:1553,0
DA:1554,0
DA:1555,0
DA:1557,0
DA:1900,0
DA:1902,0
DA:1928,0
DA:1937,0
DA:1938,0
DA:1939,0
DA:1944,0
DA:1945,0
DA:1946,0
DA:1948,0
DA:1949,0
DA:1951,0
DA:1952,0
DA:1953,0
DA:1955,0
DA:1957,0
DA:1959,0
DA:1960,0
DA:1961,0
DA:1962,0
DA:1963,0
DA:1964,0
DA:1965,0
DA:1967,0
DA:1968,0
DA:1969,0
DA:1970,0
DA:1972,0
DA:1974,0
DA:1977,0
DA:1980,0
DA:1986,0
DA:1987,0
DA:1995,0
DA:1997,0
DA:2000,0
DA:2001,0
DA:2002,0
DA:2003,0
DA:2004,0
DA:2005,0
DA:2006,0
DA:2007,0
DA:2008,0
DA:2009,0
DA:2011,0
DA:2012,0
DA:2013,0
DA:2014,0
DA:2016,0
DA:2018,0
DA:2021,0
DA:2023,0
DA:2048,0
DA:2049,0
DA:2050,0
DA:2052,0
DA:2053,0
DA:2055,0
DA:2066,0
DA:2067,0
DA:2069,0
DA:2070,0
DA:2071,0
DA:2074,0
DA:2085,0
DA:2086,0
DA:2087,0
DA:2088,0
DA:2089,0
DA:2092,0
DA:2100,0
DA:2101,0
DA:2103,0
DA:2104,0
DA:2105,0
DA:2106,0
DA:2110,0
DA:2115,0
DA:2116,0
DA:2121,0
DA:2122,0
DA:2127,0
DA:2128,0
DA:2151,0
DA:2171,0
DA:2175,0
DA:2177,0
DA:2179,0
DA:2180,0
DA:2181,0
DA:2182,0
DA:2184,0
DA:2185,0
DA:2186,0
DA:2188,0
DA:2190,0
DA:2208,0
DA:2217,0
DA:2221,0
DA:2223,0
DA:2224,0
DA:2225,0
DA:2226,0
DA:2227,0
DA:2228,0
DA:2229,0
DA:2230,0
DA:2232,0
DA:2233,0
DA:2234,0
DA:2236,0
DA:2238,0
DA:2241,0
DA:2246,0
DA:2251,0
DA:2252,0
DA:2257,0
DA:2258,0
DA:2262,0
DA:2263,0
DA:2264,0
DA:2265,0
DA:2270,0
DA:2323,0
DA:2326,0
DA:2330,0
DA:2331,0
DA:2335,0
DA:2336,0
DA:2337,0
DA:2338,0
DA:2340,0
DA:2343,0
DA:2345,0
DA:2346,0
DA:2348,0
DA:2356,0
DA:2370,0
DA:2414,0
DA:2415,0
DA:2416,0
DA:2420,0
DA:2421,0
DA:2422,0
DA:2426,0
DA:2427,0
DA:2428,0
DA:2432,0
DA:2433,0
DA:2434,0
DA:2438,0
DA:2439,0
DA:2440,0
DA:2443,0
DA:2445,0
DA:2446,0
DA:2447,0
DA:2448,0
DA:2449,0
DA:2450,0
DA:2451,0
DA:2458,0
DA:2459,0
DA:2460,0
LF:662
LH:224
end_of_record
TN:
SF:/home/alex/Projects/fluxion/src/physics/combined_heat_balance.rs
FN:160,<impl Default for SurfaceData>::default
FN:198,<impl Default for HeatBalanceConfig>::default
FN:212,HeatBalanceConfig::ashrae_140
FN:224,HeatBalanceConfig::with_debug
FN:253,HeatBalanceResult::converged
FN:258,HeatBalanceResult::iterations
FN:274,CombinedHeatBalanceSolver::new
FN:290,CombinedHeatBalanceSolver::solve
FN:381,CombinedHeatBalanceSolver::compute_residual_static
FN:462,CombinedHeatBalanceSolver::compute_jacobian_static
FN:532,CombinedHeatBalanceSolver::compute_fluxes
FN:574,CombinedHeatBalanceSolver::solve_with_fallback
FN:598,CombinedHeatBalanceSolver::solve_explicit
FN:708,SolverDiagnostics::from_result
FN:721,SolverDiagnostics::format
FNF:15
FNDA:1,<impl Default for SurfaceData>::default
FNDA:1,<impl Default for HeatBalanceConfig>::default
FNDA:1,HeatBalanceConfig::ashrae_140
FNDA:1,HeatBalanceConfig::with_debug
FNDA:1,HeatBalanceResult::converged
FNDA:0,HeatBalanceResult::iterations
FNDA:1,CombinedHeatBalanceSolver::new
FNDA:1,CombinedHeatBalanceSolver::solve
FNDA:1,CombinedHeatBalanceSolver::compute_residual_static
FNDA:1,CombinedHeatBalanceSolver::compute_jacobian_static
FNDA:1,CombinedHeatBalanceSolver::compute_fluxes
FNDA:1,CombinedHeatBalanceSolver::solve_with_fallback
FNDA:1,CombinedHeatBalanceSolver::solve_explicit
FNDA:1,SolverDiagnostics::from_result
FNDA:1,SolverDiagnostics::format
DA:160,1
DA:198,1
DA:200,1
DA:212,1
DA:214,1
DA:224,1
DA:225,1
DA:226,1
DA:253,1
DA:254,1
DA:258,0
DA:260,0
DA:274,1
DA:290,1
DA:298,1
DA:302,1
DA:305,1
DA:308,2
DA:309,2
DA:313,1
DA:316,1
DA:320,1
DA:321,1
DA:328,2
DA:330,1
DA:331,1
DA:332,1
DA:333,1
DA:334,1
DA:335,1
DA:339,2
DA:341,1
DA:342,1
DA:343,1
DA:344,1
DA:345,1
DA:346,1
DA:351,2
DA:352,1
DA:355,2
DA:356,2
DA:357,1
DA:360,1
DA:381,1
DA:389,1
DA:390,1
DA:392,2
DA:393,2
DA:396,2
DA:397,2
DA:401,2
DA:405,1
DA:409,1
DA:414,1
DA:416,1
DA:420,1
DA:421,2
DA:422,2
DA:423,2
DA:424,1
DA:427,1
DA:428,1
DA:430,1
DA:433,1
DA:434,1
DA:435,2
DA:436,2
DA:437,1
DA:440,1
DA:441,1
DA:443,0
DA:446,1
DA:447,1
DA:449,1
DA:462,1
DA:470,1
DA:471,1
DA:472,1
DA:474,2
DA:475,2
DA:478,3
DA:479,2
DA:482,2
DA:485,1
DA:488,1
DA:491,1
DA:496,2
DA:498,2
DA:502,3
DA:503,1
DA:506,1
DA:510,3
DA:511,1
DA:512,1
DA:514,0
DA:517,2
DA:519,2
DA:523,1
DA:526,1
DA:528,1
DA:532,1
DA:539,1
DA:540,1
DA:541,1
DA:542,1
DA:544,2
DA:545,2
DA:548,2
DA:549,1
DA:550,1
DA:553,1
DA:554,1
DA:558,1
DA:559,1
DA:563,1
DA:564,1
DA:565,1
DA:566,1
DA:574,1
DA:583,1
DA:585,2
DA:586,1
DA:590,3
DA:591,1
DA:598,1
DA:606,1
DA:610,1
DA:611,1
DA:613,2
DA:615,1
DA:619,1
DA:621,1
DA:627,1
DA:628,1
DA:632,1
DA:634,1
DA:635,1
DA:636,2
DA:637,1
DA:638,1
DA:639,2
DA:642,1
DA:643,1
DA:645,0
DA:648,1
DA:651,1
DA:652,1
DA:653,1
DA:654,1
DA:656,2
DA:657,2
DA:658,1
DA:659,1
DA:661,1
DA:662,1
DA:667,1
DA:668,1
DA:708,1
DA:710,1
DA:711,1
DA:712,1
DA:713,1
DA:714,1
DA:715,1
DA:716,1
DA:721,1
DA:722,1
LF:167
LH:162
end_of_record
TN:
SF:/home/alex/Projects/fluxion/src/physics/constants/thermal/iso_13790/annex_c.rs
FN:134,calculate_effective_thermal_mass
FNF:1
FNDA:0,calculate_effective_thermal_mass
DA:134,0
DA:136,0
DA:137,0
DA:138,0
DA:139,0
LF:5
LH:0
end_of_record
TN:
SF:/home/alex/Projects/fluxion/src/physics/continuous.rs
FN:13,ContinuousField::integrate
FN:39,<impl ContinuousField for ConstantField<T>>::at
FN:43,<impl ContinuousField for ConstantField<T>>::integrate
FNF:3
FNDA:1,ContinuousField::integrate
FNDA:0,<impl ContinuousField for ConstantField<T>>::at
FNDA:1,<impl ContinuousField for ConstantField<T>>::integrate
DA:13,1
DA:14,1
DA:15,1
DA:16,1
DA:17,1
DA:19,2
DA:20,2
DA:21,1
DA:22,1
DA:23,1
DA:26,1
DA:39,0
DA:40,0
DA:43,1
DA:44,1
LF:15
LH:13
end_of_record
TN:
SF:/home/alex/Projects/fluxion/src/physics/convection.rs
FN:114,natural_convection_coefficient
FN:203,forced_convection_coefficient
FN:244,mixed_convection_coefficient
FN:258,interior_convection_ashrae140
FN:278,exterior_convection_simple
FN:295,convective_flux
FN:314,update_convection_coefficient
FN:354,characteristic_length
FN:416,AdaptiveSurfaceCategory::from_orientation
FN:451,richardson_number
FN:468,determine_flow_regime
FN:489,adaptive_convection_coefficient
FN:526,orientation_from_category
FN:548,forced_convection_adaptive
FN:614,delta_t_for_forced
FN:626,estimate_air_velocity_from_ach
FN:641,calculate_total_ach
FNF:17
FNDA:1,natural_convection_coefficient
FNDA:1,forced_convection_coefficient
FNDA:1,mixed_convection_coefficient
FNDA:1,interior_convection_ashrae140
FNDA:1,exterior_convection_simple
FNDA:1,convective_flux
FNDA:1,update_convection_coefficient
FNDA:1,characteristic_length
FNDA:1,AdaptiveSurfaceCategory::from_orientation
FNDA:1,richardson_number
FNDA:1,determine_flow_regime
FNDA:1,adaptive_convection_coefficient
FNDA:1,orientation_from_category
FNDA:1,forced_convection_adaptive
FNDA:1,delta_t_for_forced
FNDA:1,estimate_air_velocity_from_ach
FNDA:1,calculate_total_ach
DA:114,1
DA:119,1
DA:120,1
DA:124,2
DA:125,1
DA:128,1
DA:131,1
DA:135,2
DA:136,1
DA:138,1
DA:144,3
DA:145,1
DA:147,1
DA:152,3
DA:153,1
DA:155,1
DA:158,1
DA:160,1
DA:166,1
DA:180,1
DA:185,1
DA:203,1
DA:208,1
DA:210,1
DA:214,1
DA:217,2
DA:219,1
DA:222,1
DA:226,1
DA:229,1
DA:244,1
DA:245,1
DA:246,1
DA:248,1
DA:258,1
DA:259,1
DA:260,1
DA:261,1
DA:262,1
DA:263,1
DA:278,1
DA:280,1
DA:281,1
DA:283,1
DA:295,1
DA:296,1
DA:314,1
DA:322,1
DA:324,1
DA:325,1
DA:328,1
DA:331,1
DA:332,1
DA:334,1
DA:335,1
DA:337,1
DA:354,1
DA:355,1
DA:358,1
DA:363,1
DA:364,1
DA:416,1
DA:421,1
DA:422,1
DA:425,1
DA:427,3
DA:428,1
DA:430,1
DA:433,1
DA:434,1
DA:435,1
DA:451,1
DA:452,1
DA:453,1
DA:456,2
DA:457,1
DA:458,1
DA:460,2
DA:461,0
DA:463,1
DA:468,1
DA:469,2
DA:470,1
DA:471,2
DA:472,1
DA:474,1
DA:489,1
DA:496,1
DA:497,1
DA:500,1
DA:501,1
DA:503,1
DA:505,1
DA:510,1
DA:514,1
DA:518,1
DA:520,1
DA:526,1
DA:527,1
DA:528,1
DA:529,0
DA:530,1
DA:531,1
DA:532,0
DA:533,0
DA:534,0
DA:548,1
DA:554,1
DA:559,1
DA:560,1
DA:561,1
DA:568,3
DA:569,1
DA:572,1
DA:580,3
DA:581,1
DA:583,1
DA:591,1
DA:592,1
DA:593,1
DA:599,1
DA:603,1
DA:605,1
DA:606,1
DA:607,1
DA:608,1
DA:614,1
DA:626,1
DA:629,1
DA:641,1
DA:646,2
DA:647,1
DA:649,1
DA:651,1
LF:134
LH:129
end_of_record
TN:
SF:/home/alex/Projects/fluxion/src/physics/cta.rs
FN:147,VectorField::new
FN:152,VectorField::from_scalar
FN:159,VectorField::len
FN:164,VectorField::is_empty
FN:169,VectorField::as_slice
FN:174,VectorField::as_mut_slice
FN:179,VectorField::iter
FN:199,VectorField::map_in_place
FN:206,<impl AsMut for VectorField>::as_mut
FN:214,<impl Index for VectorField>::index
FN:221,<impl Add for VectorField>::add
FN:233,<impl Sub for VectorField>::sub
FN:268,<impl ContinuousTensor for VectorField>::map
FN:277,<impl ContinuousTensor for VectorField>::zip_with
FN:292,<impl ContinuousTensor for VectorField>::reduce
FN:299,<impl ContinuousTensor for VectorField>::integrate
FN:304,<impl ContinuousTensor for VectorField>::gradient
FN:327,<impl ContinuousTensor for VectorField>::constant_like
FN:331,<impl ContinuousTensor for VectorField>::elementwise_min
FN:335,<impl ContinuousTensor for VectorField>::elementwise_max
FN:339,<impl ContinuousTensor for VectorField>::add_assign
FN:346,<impl ContinuousTensor for VectorField>::sub_assign
FN:353,<impl ContinuousTensor for VectorField>::mul_assign
FN:360,<impl ContinuousTensor for VectorField>::div_assign
FN:371,<impl Mul for VectorField>::mul
FN:382,<impl Div for VectorField>::div
FN:392,<impl AsRef for VectorField>::as_ref
FN:401,VectorField::to_numpy_array
FN:407,VectorField::from_numpy_array
FNF:29
FNDA:1,VectorField::new
FNDA:1,VectorField::from_scalar
FNDA:1,VectorField::len
FNDA:1,VectorField::is_empty
FNDA:1,VectorField::as_slice
FNDA:0,VectorField::as_mut_slice
FNDA:1,VectorField::iter
FNDA:0,VectorField::map_in_place
FNDA:1,<impl AsMut for VectorField>::as_mut
FNDA:1,<impl Index for VectorField>::index
FNDA:1,<impl Add for VectorField>::add
FNDA:1,<impl Sub for VectorField>::sub
FNDA:4,<impl ContinuousTensor for VectorField>::map
FNDA:9,<impl ContinuousTensor for VectorField>::zip_with
FNDA:5,<impl ContinuousTensor for VectorField>::reduce
FNDA:1,<impl ContinuousTensor for VectorField>::integrate
FNDA:1,<impl ContinuousTensor for VectorField>::gradient
FNDA:1,<impl ContinuousTensor for VectorField>::constant_like
FNDA:1,<impl ContinuousTensor for VectorField>::elementwise_min
FNDA:1,<impl ContinuousTensor for VectorField>::elementwise_max
FNDA:1,<impl ContinuousTensor for VectorField>::add_assign
FNDA:1,<impl ContinuousTensor for VectorField>::sub_assign
FNDA:1,<impl ContinuousTensor for VectorField>::mul_assign
FNDA:1,<impl ContinuousTensor for VectorField>::div_assign
FNDA:1,<impl Mul for VectorField>::mul
FNDA:1,<impl Div for VectorField>::div
FNDA:1,<impl AsRef for VectorField>::as_ref
FNDA:0,VectorField::to_numpy_array
FNDA:0,VectorField::from_numpy_array
DA:147,1
DA:152,1
DA:154,1
DA:159,1
DA:160,1
DA:164,1
DA:165,1
DA:169,1
DA:170,1
DA:174,0
DA:175,0
DA:179,1
DA:180,1
DA:199,0
DA:200,0
DA:206,1
DA:207,1
DA:214,1
DA:215,1
DA:221,1
DA:223,2
DA:224,2
DA:225,2
DA:227,1
DA:233,1
DA:235,2
DA:236,2
DA:237,2
DA:239,1
DA:245,1
DA:247,2
DA:248,2
DA:249,2
DA:251,1
DA:257,1
DA:259,2
DA:260,2
DA:261,2
DA:263,1
DA:268,4
DA:273,8
DA:277,9
DA:281,18
DA:283,9
DA:292,5
DA:296,10
DA:299,1
DA:301,1
DA:304,1
DA:307,1
DA:308,1
DA:309,1
DA:311,1
DA:312,1
DA:315,1
DA:317,2
DA:319,2
DA:320,2
DA:323,1
DA:324,1
DA:327,1
DA:328,1
DA:331,1
DA:332,3
DA:335,1
DA:336,3
DA:339,1
DA:340,1
DA:341,2
DA:342,1
DA:346,1
DA:347,1
DA:348,2
DA:349,1
DA:353,1
DA:354,1
DA:355,2
DA:356,1
DA:360,1
DA:361,1
DA:362,2
DA:363,1
DA:371,1
DA:373,3
DA:374,1
DA:376,1
DA:382,1
DA:384,3
DA:385,1
DA:387,1
DA:392,1
DA:393,1
DA:401,0
DA:402,0
DA:407,0
DA:408,0
DA:409,0
DA:410,0
LF:98
LH:88
end_of_record
TN:
SF:/home/alex/Projects/fluxion/src/physics/ctf_coefficients.rs
FN:60,CTFMaterial::new
FN:78,CTFMaterial::diffusivity
FN:84,CTFMaterial::resistance
FN:108,CTFCoefficients::new
FN:131,CTFCoefficients::calculate_interior_flux
FN:174,CTFCoefficients::check_convergence
FN:188,CTFCoefficients::u_value
FN:212,CTFCalculator<'a>::multiply_matrices
FN:232,CTFCalculator<'a>::new
FN:241,CTFCalculator<'a>::with_defaults
FN:261,CTFCalculator<'a>::compute_coefficients
FN:276,CTFCalculator<'a>::compute_pole_residue_ctf
FN:306,CTFCalculator<'a>::find_poles
FN:336,CTFCalculator<'a>::find_pole_bisection
FN:380,CTFCalculator<'a>::find_pole_golden
FN:410,CTFCalculator<'a>::eval_a_magnitude
FN:416,CTFCalculator<'a>::refine_pole
FN:449,CTFCalculator<'a>::compute_residues
FN:481,CTFCalculator<'a>::pole_residue_to_ctf
FN:536,CTFCalculator<'a>::compute_analytical_ctf
FN:587,CTFCalculator<'a>::compute_effective_time_constant
FN:606,CTFCalculator<'a>::compute_interior_surface_factor
FN:620,CTFCalculator<'a>::normalize_ctf_coefficients
FN:650,CTFCalculator<'a>::compute_laplace_frequency
FN:660,CTFCalculator<'a>::compute_overall_transmission_matrix
FN:698,CTFCalculator<'a>::layer_transmission_matrix_complex
FN:733,CTFCalculator<'a>::multiply_matrices_complex
FN:751,CTFCalculator<'a>::apply_ctf_normalization
FN:790,CTFCalculator<'a>::apply_decay_window
FN:817,CTFCalculator<'a>::compute_phi_coefficients
FN:855,sol_air_temperature
FNF:31
FNDA:1,CTFMaterial::new
FNDA:1,CTFMaterial::diffusivity
FNDA:1,CTFMaterial::resistance
FNDA:1,CTFCoefficients::new
FNDA:1,CTFCoefficients::calculate_interior_flux
FNDA:0,CTFCoefficients::check_convergence
FNDA:1,CTFCoefficients::u_value
FNDA:1,CTFCalculator<'a>::multiply_matrices
FNDA:1,CTFCalculator<'a>::new
FNDA:1,CTFCalculator<'a>::with_defaults
FNDA:1,CTFCalculator<'a>::compute_coefficients
FNDA:1,CTFCalculator<'a>::compute_pole_residue_ctf
FNDA:1,CTFCalculator<'a>::find_poles
FNDA:1,CTFCalculator<'a>::find_pole_bisection
FNDA:1,CTFCalculator<'a>::find_pole_golden
FNDA:1,CTFCalculator<'a>::eval_a_magnitude
FNDA:1,CTFCalculator<'a>::refine_pole
FNDA:1,CTFCalculator<'a>::compute_residues
FNDA:1,CTFCalculator<'a>::pole_residue_to_ctf
FNDA:0,CTFCalculator<'a>::compute_analytical_ctf
FNDA:1,CTFCalculator<'a>::compute_effective_time_constant
FNDA:1,CTFCalculator<'a>::compute_interior_surface_factor
FNDA:1,CTFCalculator<'a>::normalize_ctf_coefficients
FNDA:1,CTFCalculator<'a>::compute_laplace_frequency
FNDA:1,CTFCalculator<'a>::compute_overall_transmission_matrix
FNDA:1,CTFCalculator<'a>::layer_transmission_matrix_complex
FNDA:1,CTFCalculator<'a>::multiply_matrices_complex
FNDA:0,CTFCalculator<'a>::apply_ctf_normalization
FNDA:1,CTFCalculator<'a>::apply_decay_window
FNDA:1,CTFCalculator<'a>::compute_phi_coefficients
FNDA:1,sol_air_temperature
DA:60,1
DA:68,1
DA:78,1
DA:79,1
DA:84,1
DA:85,1
DA:108,1
DA:110,1
DA:111,1
DA:112,1
DA:113,1
DA:131,1
DA:145,1
DA:148,2
DA:149,1
DA:154,1
DA:155,3
DA:156,1
DA:157,1
DA:158,1
DA:160,2
DA:164,2
DA:165,2
DA:168,1
DA:174,0
DA:175,0
DA:176,0
DA:180,0
DA:181,0
DA:182,0
DA:184,0
DA:188,1
DA:190,1
DA:212,1
DA:215,1
DA:216,1
DA:219,1
DA:220,1
DA:232,1
DA:241,1
DA:242,1
DA:261,1
DA:263,1
DA:276,1
DA:277,1
DA:283,4
DA:284,1
DA:288,1
DA:291,2
DA:294,2
DA:297,1
DA:299,1
DA:306,1
DA:307,1
DA:310,2
DA:311,0
DA:313,3
DA:315,3
DA:319,1
DA:321,1
DA:322,1
DA:323,1
DA:326,2
DA:327,1
DA:330,1
DA:336,1
DA:338,1
DA:339,1
DA:342,1
DA:343,1
DA:345,1
DA:346,1
DA:349,1
DA:350,1
DA:354,2
DA:355,1
DA:356,1
DA:357,1
DA:359,1
DA:360,1
DA:364,2
DA:365,1
DA:367,1
DA:371,1
DA:372,1
DA:376,0
DA:380,1
DA:381,1
DA:382,1
DA:383,1
DA:384,1
DA:385,1
DA:387,2
DA:388,1
DA:389,1
DA:391,2
DA:392,1
DA:393,1
DA:394,1
DA:396,1
DA:397,1
DA:398,1
DA:401,1
DA:402,1
DA:406,0
DA:410,1
DA:411,1
DA:412,1
DA:416,1
DA:417,1
DA:418,1
DA:419,1
DA:420,2
DA:421,1
DA:422,1
DA:425,1
DA:426,1
DA:427,1
DA:430,1
DA:431,1
DA:432,1
DA:435,1
DA:436,0
DA:440,1
DA:449,1
DA:450,1
DA:452,2
DA:454,2
DA:455,1
DA:456,1
DA:458,1
DA:459,1
DA:460,1
DA:463,1
DA:464,2
DA:466,0
DA:469,2
DA:472,1
DA:481,1
DA:488,1
DA:492,2
DA:493,1
DA:494,2
DA:495,1
DA:496,1
DA:499,1
DA:504,1
DA:505,1
DA:506,1
DA:507,1
DA:510,2
DA:511,1
DA:516,1
DA:517,2
DA:518,1
DA:523,1
DA:524,1
DA:525,3
DA:526,1
DA:527,1
DA:536,0
DA:544,0
DA:545,0
DA:548,0
DA:549,0
DA:550,0
DA:554,0
DA:555,0
DA:556,0
DA:561,0
DA:562,0
DA:563,0
DA:568,0
DA:569,0
DA:570,0
DA:574,0
DA:575,0
DA:576,0
DA:580,0
DA:587,1
DA:590,1
DA:591,1
DA:593,2
DA:594,1
DA:595,1
DA:596,1
DA:597,1
DA:598,1
DA:602,1
DA:606,1
DA:609,1
DA:610,1
DA:611,0
DA:612,1
DA:613,1
DA:615,0
DA:620,1
DA:622,1
DA:623,1
DA:624,1
DA:625,2
DA:626,1
DA:631,1
DA:632,1
DA:633,1
DA:634,2
DA:635,1
DA:640,1
DA:641,1
DA:642,1
DA:643,2
DA:644,1
DA:650,1
DA:653,1
DA:654,1
DA:660,1
DA:667,2
DA:670,1
DA:671,1
DA:676,1
DA:677,1
DA:682,2
DA:683,1
DA:684,1
DA:688,1
DA:689,1
DA:690,1
DA:692,1
DA:694,1
DA:698,1
DA:703,1
DA:705,1
DA:706,1
DA:709,1
DA:710,1
DA:713,1
DA:720,2
DA:722,1
DA:724,1
DA:725,1
DA:728,1
DA:733,1
DA:740,1
DA:741,1
DA:744,1
DA:745,1
DA:751,0
DA:756,0
DA:757,0
DA:760,0
DA:761,0
DA:762,0
DA:763,0
DA:764,0
DA:769,0
DA:770,0
DA:771,0
DA:772,0
DA:773,0
DA:777,0
DA:778,0
DA:779,0
DA:780,0
DA:781,0
DA:786,0
DA:790,1
DA:792,3
DA:793,1
DA:794,0
DA:796,3
DA:798,1
DA:801,1
DA:804,2
DA:805,1
DA:806,1
DA:807,1
DA:808,1
DA:817,1
DA:818,1
DA:820,1
DA:821,2
DA:823,1
DA:827,3
DA:828,1
DA:829,0
DA:831,3
DA:833,1
DA:834,1
DA:836,2
DA:837,1
DA:855,1
DA:861,1
LF:292
LH:238
end_of_record
TN:
SF:/home/alex/Projects/fluxion/src/physics/ctf_solver.rs
FN:66,CTFSolverConfig::new
FN:78,CTFSolverConfig::case_900
FN:122,CTFSolver::new
FN:154,CTFSolver::with_warmup
FN:198,CTFSolver::case_900
FN:212,CTFSolver::step
FN:239,CTFSolver::exterior_flux
FN:246,CTFSolver::shift_history
FN:262,CTFSolver::interior_surface_temp
FN:268,CTFSolver::exterior_surface_temp
FN:274,CTFSolver::interior_flux
FN:279,CTFSolver::total_energy_transferred
FN:284,CTFSolver::reset
FN:295,CTFSolver::timestep
FN:302,CTFSolver::exterior_temperature_history
FN:309,CTFSolver::interior_temperature_history
FN:316,CTFSolver::interior_flux_history
FN:322,<impl Display for CTFSolver>::fmt
FN:346,CTFWallModel::new
FN:355,CTFWallModel::update_conditions
FN:364,CTFWallModel::step
FN:369,CTFWallModel::heat_flux
FNF:22
FNDA:1,CTFSolverConfig::new
FNDA:1,CTFSolverConfig::case_900
FNDA:1,CTFSolver::new
FNDA:1,CTFSolver::with_warmup
FNDA:1,CTFSolver::case_900
FNDA:1,CTFSolver::step
FNDA:1,CTFSolver::exterior_flux
FNDA:1,CTFSolver::shift_history
FNDA:1,CTFSolver::interior_surface_temp
FNDA:1,CTFSolver::exterior_surface_temp
FNDA:1,CTFSolver::interior_flux
FNDA:1,CTFSolver::total_energy_transferred
FNDA:1,CTFSolver::reset
FNDA:1,CTFSolver::timestep
FNDA:1,CTFSolver::exterior_temperature_history
FNDA:1,CTFSolver::interior_temperature_history
FNDA:1,CTFSolver::interior_flux_history
FNDA:1,<impl Display for CTFSolver>::fmt
FNDA:1,CTFWallModel::new
FNDA:1,CTFWallModel::update_conditions
FNDA:1,CTFWallModel::step
FNDA:1,CTFWallModel::heat_flux
DA:66,1
DA:78,1
DA:122,1
DA:123,2
DA:128,1
DA:129,1
DA:130,1
DA:131,1
DA:154,1
DA:161,2
DA:167,1
DA:168,1
DA:169,1
DA:170,1
DA:178,1
DA:179,1
DA:180,1
DA:182,2
DA:184,2
DA:191,1
DA:194,1
DA:198,1
DA:199,1
DA:212,1
DA:214,1
DA:215,1
DA:218,1
DA:221,1
DA:222,1
DA:225,1
DA:227,1
DA:228,1
DA:229,1
DA:233,1
DA:239,1
DA:242,1
DA:246,1
DA:248,2
DA:249,2
DA:250,2
DA:254,2
DA:255,2
DA:256,2
DA:262,1
DA:263,1
DA:268,1
DA:269,1
DA:274,1
DA:275,1
DA:279,1
DA:280,1
DA:284,1
DA:285,1
DA:286,1
DA:287,1
DA:288,1
DA:289,1
DA:290,1
DA:295,1
DA:296,1
DA:302,1
DA:303,1
DA:309,1
DA:310,1
DA:316,1
DA:317,1
DA:322,1
DA:323,1
DA:324,1
DA:325,1
DA:326,1
DA:327,1
DA:328,1
DA:329,1
DA:330,1
DA:346,1
DA:355,1
DA:356,1
DA:357,1
DA:364,1
DA:365,1
DA:369,1
DA:370,1
LF:83
LH:83
end_of_record
TN:
SF:/home/alex/Projects/fluxion/src/physics/ctf_solver_wrapper.rs
FN:55,CTFSolverWrapper::new
FN:68,CTFSolverWrapper::with_convection
FN:78,CTFSolverWrapper::assembly_to_ctf_materials
FN:95,CTFSolverWrapper::validate_coefficients
FN:104,<impl Default for CTFSolverWrapper>::default
FN:110,<impl HeatConductionSolver for CTFSolverWrapper>::name
FN:114,<impl HeatConductionSolver for CTFSolverWrapper>::initialize
FN:148,<impl HeatConductionSolver for CTFSolverWrapper>::step
FN:199,<impl HeatConductionSolver for CTFSolverWrapper>::energy_storage_rate
FN:205,<impl HeatConductionSolver for CTFSolverWrapper>::is_valid
FNF:10
FNDA:1,CTFSolverWrapper::new
FNDA:1,CTFSolverWrapper::with_convection
FNDA:1,CTFSolverWrapper::assembly_to_ctf_materials
FNDA:1,CTFSolverWrapper::validate_coefficients
FNDA:1,<impl Default for CTFSolverWrapper>::default
FNDA:1,<impl HeatConductionSolver for CTFSolverWrapper>::name
FNDA:1,<impl HeatConductionSolver for CTFSolverWrapper>::initialize
FNDA:1,<impl HeatConductionSolver for CTFSolverWrapper>::step
FNDA:1,<impl HeatConductionSolver for CTFSolverWrapper>::energy_storage_rate
FNDA:1,<impl HeatConductionSolver for CTFSolverWrapper>::is_valid
DA:55,1
DA:68,1
DA:78,1
DA:79,1
DA:82,2
DA:83,1
DA:84,1
DA:85,1
DA:86,1
DA:87,1
DA:88,1
DA:95,1
DA:96,3
DA:97,3
DA:98,3
DA:99,3
DA:104,1
DA:105,1
DA:110,1
DA:114,1
DA:116,1
DA:118,2
DA:119,0
DA:120,0
DA:125,1
DA:126,2
DA:129,2
DA:130,0
DA:131,0
DA:132,0
DA:137,1
DA:140,1
DA:141,1
DA:142,1
DA:143,1
DA:145,1
DA:148,1
DA:156,1
DA:157,1
DA:158,1
DA:162,1
DA:163,0
DA:164,0
DA:169,1
DA:170,0
DA:174,1
DA:175,1
DA:178,0
DA:187,1
DA:191,1
DA:194,1
DA:196,1
DA:199,1
DA:205,1
DA:206,1
LF:55
LH:46
end_of_record
TN:
SF:/home/alex/Projects/fluxion/src/physics/ctf_zone_coupling.rs
FN:66,SurfaceCoefficients::typical
FN:80,SurfaceCoefficients::ashrae_140
FN:123,CtfZoneCouplingSolver::new
FN:132,CtfZoneCouplingSolver::with_coefficients
FN:153,CtfZoneCouplingSolver::solve
FN:244,CtfZoneCouplingSolver::solve_multiple
FN:267,CtfZoneCouplingSolver::effective_conductance
FN:273,<impl Default for CtfZoneCouplingSolver>::default
FN:303,SimplifiedCtfCoupling::flux_direct
FN:324,SimplifiedCtfCoupling::flux_corrected
FNF:10
FNDA:1,SurfaceCoefficients::typical
FNDA:1,SurfaceCoefficients::ashrae_140
FNDA:1,CtfZoneCouplingSolver::new
FNDA:0,CtfZoneCouplingSolver::with_coefficients
FNDA:1,CtfZoneCouplingSolver::solve
FNDA:1,CtfZoneCouplingSolver::solve_multiple
FNDA:1,CtfZoneCouplingSolver::effective_conductance
FNDA:0,<impl Default for CtfZoneCouplingSolver>::default
FNDA:1,SimplifiedCtfCoupling::flux_direct
FNDA:1,SimplifiedCtfCoupling::flux_corrected
DA:66,1
DA:70,1
DA:71,1
DA:80,1
DA:82,1
DA:83,1
DA:123,1
DA:125,1
DA:132,0
DA:153,1
DA:162,1
DA:163,1
DA:164,1
DA:165,1
DA:167,2
DA:168,2
DA:172,1
DA:177,1
DA:178,1
DA:179,1
DA:182,1
DA:183,1
DA:196,1
DA:197,1
DA:200,1
DA:201,1
DA:204,2
DA:205,1
DA:210,1
DA:211,1
DA:214,1
DA:217,1
DA:244,1
DA:254,1
DA:255,1
DA:256,1
DA:257,3
DA:258,1
DA:267,1
DA:268,1
DA:273,0
DA:274,0
DA:303,1
DA:304,1
DA:324,1
DA:333,1
DA:338,1
DA:339,1
DA:342,1
DA:345,1
LF:50
LH:47
end_of_record
TN:
SF:/home/alex/Projects/fluxion/src/physics/fd_discretization.rs
FN:58,MaterialLayer::new
FN:76,MaterialLayer::diffusivity
FN:82,MaterialLayer::resistance
FN:88,MaterialLayer::volumetric_heat_capacity
FN:167,WallDiscretization::from_layers
FN:229,WallDiscretization::calculate_interface_conductivities
FN:275,WallDiscretization::node_at_position
FN:299,WallDiscretization::layer_for_node
FN:307,WallDiscretization::thermal_mass
FN:316,WallDiscretization::u_value
FN:322,WallDiscretization::time_constant
FN:330,<impl Display for WallDiscretization>::fmt
FNF:12
FNDA:1,MaterialLayer::new
FNDA:1,MaterialLayer::diffusivity
FNDA:1,MaterialLayer::resistance
FNDA:1,MaterialLayer::volumetric_heat_capacity
FNDA:1,WallDiscretization::from_layers
FNDA:1,WallDiscretization::calculate_interface_conductivities
FNDA:1,WallDiscretization::node_at_position
FNDA:1,WallDiscretization::layer_for_node
FNDA:1,WallDiscretization::thermal_mass
FNDA:1,WallDiscretization::u_value
FNDA:1,WallDiscretization::time_constant
FNDA:1,<impl Display for WallDiscretization>::fmt
DA:58,1
DA:66,1
DA:76,1
DA:77,1
DA:82,1
DA:83,1
DA:88,1
DA:89,1
DA:167,1
DA:168,1
DA:169,1
DA:171,1
DA:172,3
DA:174,1
DA:175,1
DA:176,1
DA:177,1
DA:178,1
DA:179,1
DA:182,1
DA:184,3
DA:185,1
DA:187,2
DA:189,1
DA:191,1
DA:192,1
DA:193,1
DA:194,1
DA:195,1
DA:196,1
DA:199,1
DA:206,1
DA:207,1
DA:211,1
DA:229,1
DA:235,1
DA:238,2
DA:239,1
DA:241,2
DA:245,1
DA:246,2
DA:247,2
DA:248,2
DA:251,2
DA:252,1
DA:254,1
DA:257,1
DA:259,1
DA:264,1
DA:265,2
DA:266,2
DA:267,2
DA:270,1
DA:275,1
DA:276,1
DA:277,1
DA:281,1
DA:282,2
DA:283,1
DA:284,1
DA:285,1
DA:286,0
DA:287,1
DA:288,1
DA:291,1
DA:294,0
DA:299,1
DA:300,1
DA:301,1
DA:303,2
DA:307,1
DA:308,1
DA:309,2
DA:310,1
DA:312,1
DA:316,1
DA:317,3
DA:318,1
DA:322,1
DA:323,3
DA:324,1
DA:325,1
DA:330,1
DA:331,1
DA:332,1
DA:333,1
DA:334,1
DA:335,1
DA:336,1
DA:337,1
DA:338,1
DA:341,1
DA:342,1
DA:344,1
LF:94
LH:92
end_of_record
TN:
SF:/home/alex/Projects/fluxion/src/physics/fd_solver.rs
FN:74,SurfaceBC::new_interior
FN:93,SurfaceBC::new_exterior
FN:109,SurfaceBC::new_combined
FN:133,TridiagonalSystem::new
FN:183,ImplicitFDSolver::new
FN:204,ImplicitFDSolver::with_gradient
FN:226,ImplicitFDSolver::update_fourier_numbers
FN:237,ImplicitFDSolver::assemble_system
FN:268,ImplicitFDSolver::apply_interior_bc
FN:285,ImplicitFDSolver::apply_exterior_bc
FN:310,ImplicitFDSolver::thomas_algorithm
FN:349,ImplicitFDSolver::step
FN:371,ImplicitFDSolver::temperature_at
FN:377,ImplicitFDSolver::interior_surface_temp
FN:383,ImplicitFDSolver::exterior_surface_temp
FN:390,ImplicitFDSolver::interior_heat_flux
FN:396,ImplicitFDSolver::exterior_heat_flux
FN:401,ImplicitFDSolver::stored_energy
FN:418,ImplicitFDSolver::energy_balance_error
FN:437,<impl Display for ImplicitFDSolver>::fmt
FNF:20
FNDA:1,SurfaceBC::new_interior
FNDA:1,SurfaceBC::new_exterior
FNDA:1,SurfaceBC::new_combined
FNDA:1,TridiagonalSystem::new
FNDA:1,ImplicitFDSolver::new
FNDA:1,ImplicitFDSolver::with_gradient
FNDA:1,ImplicitFDSolver::update_fourier_numbers
FNDA:1,ImplicitFDSolver::assemble_system
FNDA:1,ImplicitFDSolver::apply_interior_bc
FNDA:1,ImplicitFDSolver::apply_exterior_bc
FNDA:1,ImplicitFDSolver::thomas_algorithm
FNDA:1,ImplicitFDSolver::step
FNDA:1,ImplicitFDSolver::temperature_at
FNDA:1,ImplicitFDSolver::interior_surface_temp
FNDA:1,ImplicitFDSolver::exterior_surface_temp
FNDA:1,ImplicitFDSolver::interior_heat_flux
FNDA:1,ImplicitFDSolver::exterior_heat_flux
FNDA:1,ImplicitFDSolver::stored_energy
FNDA:1,ImplicitFDSolver::energy_balance_error
FNDA:1,<impl Display for ImplicitFDSolver>::fmt
DA:74,1
DA:93,1
DA:109,1
DA:111,1
DA:133,1
DA:135,1
DA:136,1
DA:137,1
DA:138,1
DA:183,1
DA:184,1
DA:187,1
DA:189,1
DA:204,1
DA:209,1
DA:210,2
DA:212,2
DA:213,2
DA:214,1
DA:221,1
DA:226,1
DA:227,1
DA:229,2
DA:230,1
DA:231,1
DA:232,1
DA:237,1
DA:238,1
DA:239,1
DA:241,3
DA:242,2
DA:245,1
DA:248,2
DA:249,1
DA:251,3
DA:252,1
DA:256,2
DA:259,1
DA:268,1
DA:269,1
DA:270,1
DA:271,1
DA:277,1
DA:278,1
DA:279,1
DA:280,1
DA:281,1
DA:285,1
DA:286,1
DA:287,1
DA:288,2
DA:289,2
DA:294,1
DA:295,2
DA:296,2
DA:297,2
DA:298,2
DA:310,1
DA:311,1
DA:312,1
DA:313,1
DA:316,2
DA:317,1
DA:319,2
DA:320,2
DA:321,2
DA:322,1
DA:324,2
DA:328,1
DA:329,2
DA:331,2
DA:332,2
DA:335,1
DA:349,1
DA:351,1
DA:354,1
DA:357,1
DA:358,1
DA:361,1
DA:364,2
DA:366,1
DA:371,1
DA:372,1
DA:377,1
DA:378,1
DA:383,1
DA:384,1
DA:390,1
DA:392,1
DA:396,1
DA:397,1
DA:401,1
DA:402,1
DA:404,2
DA:405,1
DA:406,1
DA:407,1
DA:410,1
DA:418,1
DA:425,1
DA:426,1
DA:429,1
DA:430,1
DA:432,1
DA:437,1
DA:438,1
DA:439,1
DA:440,1
DA:441,1
DA:442,1
DA:445,1
DA:446,2
DA:447,1
DA:450,1
DA:454,1
LF:115
LH:115
end_of_record
TN:
SF:/home/alex/Projects/fluxion/src/physics/fd_solver_wrapper.rs
FN:57,FDSolverWrapper::new
FN:71,FDSolverWrapper::with_discretization
FN:79,FDSolverWrapper::with_convection
FN:88,FDSolverWrapper::assembly_to_material_layers
FN:105,FDSolverWrapper::calculate_surface_flux
FN:125,<impl Default for FDSolverWrapper>::default
FN:131,<impl HeatConductionSolver for FDSolverWrapper>::name
FN:135,<impl HeatConductionSolver for FDSolverWrapper>::initialize
FN:169,<impl HeatConductionSolver for FDSolverWrapper>::step
FN:211,<impl HeatConductionSolver for FDSolverWrapper>::energy_storage_rate
FN:217,<impl HeatConductionSolver for FDSolverWrapper>::is_valid
FNF:11
FNDA:1,FDSolverWrapper::new
FNDA:1,FDSolverWrapper::with_discretization
FNDA:1,FDSolverWrapper::with_convection
FNDA:1,FDSolverWrapper::assembly_to_material_layers
FNDA:1,FDSolverWrapper::calculate_surface_flux
FNDA:1,<impl Default for FDSolverWrapper>::default
FNDA:1,<impl HeatConductionSolver for FDSolverWrapper>::name
FNDA:1,<impl HeatConductionSolver for FDSolverWrapper>::initialize
FNDA:1,<impl HeatConductionSolver for FDSolverWrapper>::step
FNDA:1,<impl HeatConductionSolver for FDSolverWrapper>::energy_storage_rate
FNDA:1,<impl HeatConductionSolver for FDSolverWrapper>::is_valid
DA:57,1
DA:71,1
DA:79,1
DA:88,1
DA:89,1
DA:92,2
DA:93,1
DA:94,1
DA:95,1
DA:96,1
DA:97,1
DA:98,1
DA:105,1
DA:115,1
DA:120,1
DA:125,1
DA:126,1
DA:131,1
DA:135,1
DA:137,1
DA:139,2
DA:140,0
DA:141,0
DA:146,2
DA:149,2
DA:150,0
DA:151,0
DA:156,1
DA:157,2
DA:160,1
DA:161,1
DA:162,1
DA:163,1
DA:164,1
DA:166,1
DA:169,1
DA:177,1
DA:178,1
DA:179,1
DA:183,1
DA:184,0
DA:185,0
DA:190,1
DA:191,0
DA:194,1
DA:195,0
DA:199,1
DA:200,1
DA:203,1
DA:206,1
DA:208,1
DA:211,1
DA:217,1
DA:218,1
LF:54
LH:46
end_of_record
TN:
SF:/home/alex/Projects/fluxion/src/physics/fd_surface_balance.rs
FN:24,ZoneProperties::new
FN:42,ZoneProperties::case_900
FN:59,InternalGains::zero
FN:64,InternalGains::total
FN:89,FDZoneCoupler::new
FN:101,FDZoneCoupler::case_900
FN:106,FDZoneCoupler::update_weather
FN:116,FDZoneCoupler::sol_air_temperature
FN:127,FDZoneCoupler::interior_boundary_condition
FN:133,FDZoneCoupler::exterior_boundary_condition
FN:145,FDZoneCoupler::solve_step
FN:177,FDZoneCoupler::solve_step_subcycled
FN:212,FDZoneCoupler::zone_temperature
FN:217,FDZoneCoupler::set_zone_temperature
FN:222,FDZoneCoupler::thermal_time_constant
FN:228,<impl Display for FDZoneCoupler>::fmt
FNF:16
FNDA:1,ZoneProperties::new
FNDA:1,ZoneProperties::case_900
FNDA:1,InternalGains::zero
FNDA:1,InternalGains::total
FNDA:1,FDZoneCoupler::new
FNDA:1,FDZoneCoupler::case_900
FNDA:1,FDZoneCoupler::update_weather
FNDA:1,FDZoneCoupler::sol_air_temperature
FNDA:1,FDZoneCoupler::interior_boundary_condition
FNDA:1,FDZoneCoupler::exterior_boundary_condition
FNDA:0,FDZoneCoupler::solve_step
FNDA:0,FDZoneCoupler::solve_step_subcycled
FNDA:1,FDZoneCoupler::zone_temperature
FNDA:1,FDZoneCoupler::set_zone_temperature
FNDA:1,FDZoneCoupler::thermal_time_constant
FNDA:1,<impl Display for FDZoneCoupler>::fmt
DA:24,1
DA:25,1
DA:26,1
DA:28,1
DA:29,1
DA:30,1
DA:31,1
DA:36,1
DA:42,1
DA:43,1
DA:44,1
DA:45,1
DA:59,1
DA:60,1
DA:64,1
DA:65,1
DA:89,1
DA:95,1
DA:101,1
DA:102,1
DA:106,1
DA:107,1
DA:116,1
DA:122,1
DA:127,1
DA:128,1
DA:133,1
DA:139,1
DA:140,0
DA:141,1
DA:145,0
DA:151,0
DA:152,0
DA:154,0
DA:157,0
DA:158,0
DA:161,0
DA:164,0
DA:165,0
DA:167,0
DA:170,0
DA:171,0
DA:173,0
DA:177,0
DA:184,0
DA:186,0
DA:187,0
DA:188,0
DA:190,0
DA:193,0
DA:194,0
DA:197,0
DA:199,0
DA:200,0
DA:201,0
DA:203,0
DA:204,0
DA:205,0
DA:208,0
DA:212,1
DA:213,1
DA:217,1
DA:218,1
DA:222,1
DA:223,1
DA:228,1
DA:229,1
DA:230,1
DA:231,1
DA:232,1
DA:233,1
DA:234,1
DA:235,1
DA:236,1
DA:239,1
DA:240,1
DA:242,1
LF:77
LH:47
end_of_record
TN:
SF:/home/alex/Projects/fluxion/src/physics/five_r1c_solver.rs
FN:56,FiveR1CSolver::new
FN:69,FiveR1CSolver::steady_state_flux
FN:75,<impl Default for FiveR1CSolver>::default
FN:81,<impl HeatConductionSolver for FiveR1CSolver>::name
FN:85,<impl HeatConductionSolver for FiveR1CSolver>::initialize
FN:112,<impl HeatConductionSolver for FiveR1CSolver>::step
FN:133,<impl HeatConductionSolver for FiveR1CSolver>::energy_storage_rate
FN:138,<impl HeatConductionSolver for FiveR1CSolver>::is_valid
FNF:8
FNDA:1,FiveR1CSolver::new
FNDA:1,FiveR1CSolver::steady_state_flux
FNDA:1,<impl Default for FiveR1CSolver>::default
FNDA:1,<impl HeatConductionSolver for FiveR1CSolver>::name
FNDA:1,<impl HeatConductionSolver for FiveR1CSolver>::initialize
FNDA:1,<impl HeatConductionSolver for FiveR1CSolver>::step
FNDA:1,<impl HeatConductionSolver for FiveR1CSolver>::energy_storage_rate
FNDA:1,<impl HeatConductionSolver for FiveR1CSolver>::is_valid
DA:56,1
DA:69,1
DA:70,1
DA:75,1
DA:76,1
DA:81,1
DA:85,1
DA:87,1
DA:91,1
DA:94,1
DA:95,1
DA:98,1
DA:99,1
DA:102,1
DA:103,0
DA:104,0
DA:108,1
DA:109,1
DA:112,1
DA:120,1
DA:121,1
DA:122,1
DA:128,1
DA:130,1
DA:133,1
DA:138,1
DA:139,1
LF:27
LH:25
end_of_record
TN:
SF:/home/alex/Projects/fluxion/src/physics/geometry_tensor.rs
FN:52,GeometryTensor::new
FNF:1
FNDA:1,GeometryTensor::new
DA:52,1
DA:53,1
DA:54,2
DA:55,1
DA:56,1
DA:57,1
DA:58,1
DA:128,1
DA:129,1
DA:133,1
DA:134,1
DA:138,1
DA:139,1
DA:143,1
DA:144,1
DA:148,1
DA:149,3
DA:150,2
DA:151,2
DA:153,2
DA:155,1
DA:160,1
DA:161,3
DA:162,2
DA:163,2
DA:164,1
DA:165,2
DA:166,2
DA:167,2
DA:168,2
DA:169,2
DA:170,2
DA:173,1
DA:178,1
DA:179,3
DA:180,2
DA:181,1
DA:183,1
DA:188,1
DA:189,1
DA:192,4
DA:193,1
DA:195,4
DA:196,1
DA:200,4
DA:202,1
DA:203,2
DA:204,1
DA:205,1
DA:211,2
DA:212,2
DA:213,1
DA:214,1
DA:215,1
DA:216,1
DA:225,1
DA:242,1
DA:243,1
DA:244,1
DA:245,1
DA:249,1
DA:250,1
DA:255,1
DA:256,1
LF:64
LH:64
end_of_record
TN:
SF:/home/alex/Projects/fluxion/src/physics/method_selector.rs
FN:44,ThermalMethod::name
FN:97,ThermalMethodSelector::new
FN:106,ThermalMethodSelector::with_threshold
FN:114,ThermalMethodSelector::with_override
FN:155,ThermalMethodSelector::calculate_time_constant
FN:194,ThermalMethodSelector::select_method
FN:221,ThermalMethodSelector::select_with_fallback
FN:252,ThermalMethodSelector::validate_ctf_coefficients
FN:267,ThermalMethodSelector::log_selection
FN:287,ThermalMethodSelector::generate_report
FN:335,<impl Default for ThermalMethodSelector>::default
FNF:11
FNDA:1,ThermalMethod::name
FNDA:1,ThermalMethodSelector::new
FNDA:1,ThermalMethodSelector::with_threshold
FNDA:1,ThermalMethodSelector::with_override
FNDA:1,ThermalMethodSelector::calculate_time_constant
FNDA:1,ThermalMethodSelector::select_method
FNDA:1,ThermalMethodSelector::select_with_fallback
FNDA:1,ThermalMethodSelector::validate_ctf_coefficients
FNDA:1,ThermalMethodSelector::log_selection
FNDA:1,ThermalMethodSelector::generate_report
FNDA:1,<impl Default for ThermalMethodSelector>::default
DA:44,1
DA:45,1
DA:46,1
DA:47,1
DA:48,1
DA:97,1
DA:98,1
DA:106,1
DA:114,1
DA:155,1
DA:156,1
DA:158,2
DA:160,1
DA:162,1
DA:163,1
DA:166,1
DA:169,1
DA:170,0
DA:171,0
DA:174,1
DA:175,1
DA:194,1
DA:196,1
DA:197,1
DA:201,1
DA:204,3
DA:205,1
DA:207,1
DA:221,1
DA:222,1
DA:224,2
DA:225,3
DA:226,2
DA:230,1
DA:232,2
DA:236,1
DA:239,1
DA:252,1
DA:255,4
DA:256,3
DA:257,3
DA:258,3
DA:267,1
DA:268,1
DA:269,0
DA:287,1
DA:288,1
DA:289,1
DA:291,1
DA:292,1
DA:294,1
DA:295,2
DA:296,1
DA:297,1
DA:299,1
DA:300,2
DA:301,2
DA:302,0
DA:306,2
DA:307,1
DA:309,1
DA:312,1
DA:313,3
DA:315,1
DA:316,1
DA:318,3
DA:320,1
DA:321,1
DA:323,3
DA:325,1
DA:326,1
DA:328,1
DA:330,1
DA:335,1
LF:74
LH:70
end_of_record
TN:
SF:/home/alex/Projects/fluxion/src/physics/nd_array.rs
FN:13,NDArrayField::from_shape_vec
FN:20,NDArrayField::shape
FN:25,NDArrayField::len
FN:30,NDArrayField::as_slice
FN:35,NDArrayField::is_empty
FN:42,<impl Index for NDArrayField>::index
FN:49,<impl Add for NDArrayField>::add
FN:62,<impl Sub for NDArrayField>::sub
FN:103,<impl Mul for NDArrayField>::mul
FN:112,<impl Div for NDArrayField>::div
FN:121,<impl ContinuousTensor for NDArrayField>::map
FN:129,<impl ContinuousTensor for NDArrayField>::zip_with
FN:144,<impl ContinuousTensor for NDArrayField>::reduce
FN:151,<impl ContinuousTensor for NDArrayField>::integrate
FN:168,<impl ContinuousTensor for NDArrayField>::gradient
FN:186,<impl ContinuousTensor for NDArrayField>::constant_like
FN:190,<impl ContinuousTensor for NDArrayField>::elementwise_min
FN:194,<impl ContinuousTensor for NDArrayField>::elementwise_max
FN:198,<impl ContinuousTensor for NDArrayField>::add_assign
FN:202,<impl ContinuousTensor for NDArrayField>::sub_assign
FN:206,<impl ContinuousTensor for NDArrayField>::mul_assign
FN:210,<impl ContinuousTensor for NDArrayField>::div_assign
FN:216,<impl From for NDArrayField>::from
FNF:23
FNDA:1,NDArrayField::from_shape_vec
FNDA:1,NDArrayField::shape
FNDA:1,NDArrayField::len
FNDA:1,NDArrayField::as_slice
FNDA:1,NDArrayField::is_empty
FNDA:1,<impl Index for NDArrayField>::index
FNDA:1,<impl Add for NDArrayField>::add
FNDA:1,<impl Sub for NDArrayField>::sub
FNDA:1,<impl Mul for NDArrayField>::mul
FNDA:1,<impl Div for NDArrayField>::div
FNDA:3,<impl ContinuousTensor for NDArrayField>::map
FNDA:7,<impl ContinuousTensor for NDArrayField>::zip_with
FNDA:6,<impl ContinuousTensor for NDArrayField>::reduce
FNDA:1,<impl ContinuousTensor for NDArrayField>::integrate
FNDA:1,<impl ContinuousTensor for NDArrayField>::gradient
FNDA:1,<impl ContinuousTensor for NDArrayField>::constant_like
FNDA:1,<impl ContinuousTensor for NDArrayField>::elementwise_min
FNDA:1,<impl ContinuousTensor for NDArrayField>::elementwise_max
FNDA:1,<impl ContinuousTensor for NDArrayField>::add_assign
FNDA:1,<impl ContinuousTensor for NDArrayField>::sub_assign
FNDA:1,<impl ContinuousTensor for NDArrayField>::mul_assign
FNDA:1,<impl ContinuousTensor for NDArrayField>::div_assign
FNDA:1,<impl From for NDArrayField>::from
DA:13,1
DA:14,2
DA:20,1
DA:21,1
DA:25,1
DA:26,1
DA:30,1
DA:31,1
DA:35,1
DA:36,1
DA:42,1
DA:43,1
DA:49,1
DA:50,2
DA:54,1
DA:55,3
DA:57,1
DA:62,1
DA:63,2
DA:67,1
DA:68,3
DA:70,1
DA:75,1
DA:76,2
DA:80,1
DA:81,3
DA:83,1
DA:88,1
DA:89,2
DA:93,1
DA:94,3
DA:96,1
DA:103,1
DA:105,2
DA:106,4
DA:112,1
DA:114,2
DA:115,4
DA:121,3
DA:125,6
DA:126,6
DA:129,7
DA:133,13
DA:135,0
DA:138,5
DA:139,15
DA:141,10
DA:144,6
DA:148,12
DA:151,1
DA:153,1
DA:154,1
DA:155,1
DA:156,1
DA:158,1
DA:159,2
DA:161,1
DA:162,3
DA:163,2
DA:165,1
DA:168,1
DA:169,1
DA:170,1
DA:171,1
DA:172,2
DA:174,1
DA:175,2
DA:177,1
DA:178,3
DA:179,2
DA:180,2
DA:182,1
DA:183,1
DA:186,1
DA:187,1
DA:190,1
DA:191,3
DA:194,1
DA:195,3
DA:198,1
DA:199,2
DA:202,1
DA:203,2
DA:206,1
DA:207,2
DA:210,1
DA:211,2
DA:216,1
DA:217,2
LF:89
LH:88
end_of_record
TN:
SF:/home/alex/Projects/fluxion/src/physics/newton_solver.rs
FN:79,<impl Default for NewtonConfig>::default
FN:92,NewtonConfig::for_heat_balance
FN:103,NewtonConfig::with_debug
FN:109,NewtonConfig::with_relaxation
FN:153,NewtonSolver<'a>::new
FN:166,NewtonSolver<'a>::solve
FN:327,NewtonSolver<'a>::solve_with_numerical_jacobian
FN:368,NewtonResult::converged
FN:373,NewtonResult::iterations
FN:389,solve_linear_system
FN:454,residual_norm
FN:459,max_abs
FNF:12
FNDA:1,<impl Default for NewtonConfig>::default
FNDA:1,NewtonConfig::for_heat_balance
FNDA:1,NewtonConfig::with_debug
FNDA:1,NewtonConfig::with_relaxation
FNDA:1,NewtonSolver<'a>::new
FNDA:1,NewtonSolver<'a>::solve
FNDA:1,NewtonSolver<'a>::solve_with_numerical_jacobian
FNDA:1,NewtonResult::converged
FNDA:1,NewtonResult::iterations
FNDA:1,solve_linear_system
FNDA:1,residual_norm
FNDA:1,max_abs
DA:79,1
DA:92,1
DA:103,1
DA:104,1
DA:105,1
DA:109,1
DA:110,1
DA:111,1
DA:153,1
DA:166,1
DA:172,1
DA:173,2
DA:174,2
DA:176,1
DA:177,1
DA:178,0
DA:179,0
DA:183,1
DA:185,2
DA:187,2
DA:190,2
DA:191,1
DA:192,0
DA:193,0
DA:194,0
DA:195,0
DA:196,0
DA:197,0
DA:198,0
DA:204,2
DA:205,2
DA:206,2
DA:210,1
DA:211,2
DA:214,1
DA:215,1
DA:216,0
DA:217,0
DA:218,0
DA:223,2
DA:225,1
DA:226,1
DA:227,2
DA:228,2
DA:231,1
DA:232,2
DA:234,1
DA:236,0
DA:237,0
DA:238,0
DA:240,0
DA:241,0
DA:242,0
DA:243,0
DA:246,0
DA:250,1
DA:251,1
DA:252,1
DA:253,0
DA:254,0
DA:255,0
DA:257,0
DA:258,0
DA:259,0
DA:264,1
DA:265,1
DA:266,1
DA:269,3
DA:271,2
DA:272,1
DA:273,0
DA:274,0
DA:278,1
DA:279,1
DA:280,0
DA:281,0
DA:282,0
DA:283,0
DA:287,1
DA:288,1
DA:289,1
DA:290,1
DA:292,1
DA:293,0
DA:294,0
DA:302,1
DA:306,1
DA:327,1
DA:336,1
DA:337,1
DA:368,1
DA:369,1
DA:373,1
DA:374,1
DA:375,1
DA:376,0
DA:389,1
DA:390,1
DA:391,1
DA:392,1
DA:398,1
DA:399,3
DA:400,1
DA:401,1
DA:402,1
DA:407,2
DA:409,1
DA:410,2
DA:411,1
DA:412,3
DA:413,1
DA:414,1
DA:419,1
DA:420,1
DA:424,2
DA:425,1
DA:427,2
DA:432,2
DA:433,1
DA:434,2
DA:435,1
DA:441,1
DA:442,3
DA:443,2
DA:444,2
DA:445,2
DA:447,1
DA:450,1
DA:454,1
DA:455,3
DA:459,1
DA:460,3
LF:132
LH:97
end_of_record
TN:
SF:/home/alex/Projects/fluxion/src/physics/radiation.rs
FN:63,radiative_flux_stefan_boltzmann
FN:91,radiation_coefficient
FN:110,radiative_flux_linearized
FN:131,effective_sky_temperature
FN:151,interior_surface_radiation
FN:167,exterior_surface_radiation
FN:213,calculate_mean_radiant_temperature
FN:241,update_radiation_coefficient
FN:263,view_factor_rectangular
FN:293,surface_to_surface_radiation
FNF:10
FNDA:1,radiative_flux_stefan_boltzmann
FNDA:1,radiation_coefficient
FNDA:1,radiative_flux_linearized
FNDA:1,effective_sky_temperature
FNDA:1,interior_surface_radiation
FNDA:1,exterior_surface_radiation
FNDA:1,calculate_mean_radiant_temperature
FNDA:1,update_radiation_coefficient
FNDA:1,view_factor_rectangular
FNDA:1,surface_to_surface_radiation
DA:63,1
DA:64,1
DA:65,1
DA:67,1
DA:91,1
DA:92,1
DA:93,1
DA:110,1
DA:111,1
DA:131,1
DA:135,1
DA:136,1
DA:151,1
DA:152,1
DA:167,1
DA:175,1
DA:176,1
DA:179,1
DA:182,1
DA:185,1
DA:213,1
DA:214,1
DA:215,1
DA:217,2
DA:218,1
DA:219,1
DA:222,2
DA:223,1
DA:225,1
DA:241,1
DA:246,1
DA:247,1
DA:263,1
DA:264,1
DA:265,0
DA:269,1
DA:270,1
DA:271,1
DA:272,1
DA:275,1
DA:276,1
DA:277,1
DA:293,1
DA:302,1
DA:304,1
DA:305,1
DA:307,2
DA:311,1
LF:48
LH:47
end_of_record
TN:
SF:/home/alex/Projects/fluxion/src/physics/solver_manager.rs
FN:76,SolverManager::new
FN:90,SolverManager::with_threshold
FN:107,SolverManager::get_or_create_solver
FN:178,SolverManager::get_solver_mut
FN:194,SolverManager::get_solver
FN:214,SolverManager::step
FN:239,SolverManager::energy_storage_rate
FN:247,SolverManager::get_stats
FN:264,SolverManager::num_solvers
FN:269,SolverManager::all_valid
FN:274,SolverManager::clear
FN:281,SolverManager::method_distribution
FN:291,<impl Default for SolverManager>::default
FNF:13
FNDA:1,SolverManager::new
FNDA:1,SolverManager::with_threshold
FNDA:1,SolverManager::get_or_create_solver
FNDA:1,SolverManager::get_solver_mut
FNDA:1,SolverManager::get_solver
FNDA:1,SolverManager::step
FNDA:1,SolverManager::energy_storage_rate
FNDA:1,SolverManager::get_stats
FNDA:1,SolverManager::num_solvers
FNDA:1,SolverManager::all_valid
FNDA:1,SolverManager::clear
FNDA:1,SolverManager::method_distribution
FNDA:1,<impl Default for SolverManager>::default
DA:76,1
DA:79,1
DA:80,1
DA:81,1
DA:90,1
DA:91,1
DA:107,1
DA:113,1
DA:114,1
DA:118,1
DA:121,2
DA:123,2
DA:124,1
DA:125,1
DA:126,1
DA:129,2
DA:130,1
DA:131,3
DA:132,2
DA:133,0
DA:135,0
DA:136,0
DA:140,0
DA:141,0
DA:142,0
DA:144,0
DA:150,2
DA:151,1
DA:152,2
DA:153,1
DA:158,1
DA:159,2
DA:160,2
DA:163,1
DA:164,2
DA:166,1
DA:178,1
DA:182,1
DA:194,1
DA:195,1
DA:214,1
DA:223,3
DA:224,1
DA:227,1
DA:239,1
DA:241,1
DA:242,3
DA:247,1
DA:248,1
DA:250,2
DA:251,1
DA:252,2
DA:253,2
DA:254,2
DA:259,1
DA:260,1
DA:264,1
DA:265,1
DA:269,1
DA:270,3
DA:274,1
DA:275,1
DA:276,1
DA:277,1
DA:281,1
DA:282,1
DA:283,1
DA:291,1
DA:292,1
LF:69
LH:62
end_of_record
TN:
SF:/home/alex/Projects/fluxion/src/physics/solver_trait.rs
FN:45,<impl Display for SolverError>::fmt
FNF:1
FNDA:1,<impl Display for SolverError>::fmt
DA:45,1
DA:46,1
DA:47,1
DA:48,1
DA:49,1
DA:50,1
DA:51,1
LF:7
LH:7
end_of_record
TN:
SF:/home/alex/Projects/fluxion/src/sim/adaptive_timestep.rs
FN:64,<impl Default for TimestepMode>::default
FN:73,TimestepMode::fixed
FN:78,TimestepMode::adaptive
FN:87,TimestepMode::get_timestep
FN:107,TimestepMode::is_adaptive
FN:121,duration_serde::serialize
FN:128,duration_serde::deserialize
FN:156,AdaptiveTimestepScheduler::new
FN:166,AdaptiveTimestepScheduler::timestep
FN:171,AdaptiveTimestepScheduler::timesteps_per_hour
FN:187,AdaptiveTimestepScheduler::schedule_simulation
FN:207,AdaptiveTimestepScheduler::get_timestep_for_hour
FN:221,AdaptiveTimestepScheduler::calculate_time_constant
FN:239,AdaptiveTimestepScheduler::is_stable
FN:251,AdaptiveTimestepScheduler::is_accurate
FN:263,AdaptiveTimestepScheduler::stability_margin
FN:275,AdaptiveTimestepScheduler::accuracy_margin
FN:294,TimeConstantAnalyzer::for_case
FN:336,TimeConstantAnalyzer::classify_case
FN:354,TimeConstantAnalyzer::recommended_timestep
FN:379,TimeConstantAnalyzer::generate_table
FNF:21
FNDA:0,<impl Default for TimestepMode>::default
FNDA:1,TimestepMode::fixed
FNDA:1,TimestepMode::adaptive
FNDA:1,TimestepMode::get_timestep
FNDA:1,TimestepMode::is_adaptive
FNDA:0,duration_serde::serialize
FNDA:0,duration_serde::deserialize
FNDA:1,AdaptiveTimestepScheduler::new
FNDA:1,AdaptiveTimestepScheduler::timestep
FNDA:1,AdaptiveTimestepScheduler::timesteps_per_hour
FNDA:1,AdaptiveTimestepScheduler::schedule_simulation
FNDA:0,AdaptiveTimestepScheduler::get_timestep_for_hour
FNDA:0,AdaptiveTimestepScheduler::calculate_time_constant
FNDA:1,AdaptiveTimestepScheduler::is_stable
FNDA:1,AdaptiveTimestepScheduler::is_accurate
FNDA:1,AdaptiveTimestepScheduler::stability_margin
FNDA:1,AdaptiveTimestepScheduler::accuracy_margin
FNDA:1,TimeConstantAnalyzer::for_case
FNDA:1,TimeConstantAnalyzer::classify_case
FNDA:1,TimeConstantAnalyzer::recommended_timestep
FNDA:0,TimeConstantAnalyzer::generate_table
DA:64,0
DA:66,0
DA:73,1
DA:78,1
DA:87,1
DA:88,1
DA:89,1
DA:90,1
DA:95,2
DA:97,1
DA:100,1
DA:107,1
DA:108,1
DA:121,0
DA:128,0
DA:129,0
DA:156,1
DA:157,1
DA:166,1
DA:167,1
DA:171,1
DA:172,1
DA:173,2
DA:174,0
DA:176,2
DA:187,1
DA:188,1
DA:189,1
DA:191,2
DA:192,2
DA:193,1
DA:197,1
DA:207,0
DA:210,0
DA:221,0
DA:222,0
DA:223,0
DA:227,0
DA:229,0
DA:239,1
DA:240,1
DA:241,1
DA:251,1
DA:252,1
DA:253,1
DA:263,1
DA:264,1
DA:265,1
DA:275,1
DA:276,1
DA:277,1
DA:294,1
DA:300,1
DA:302,2
DA:303,1
DA:304,1
DA:305,1
DA:306,1
DA:307,1
DA:308,1
[...]
DA:1033,1
DA:1035,1
DA:1036,1
DA:1037,1
DA:1040,1
DA:1041,1
DA:1042,2
DA:1044,0
DA:1047,2
DA:1048,2
DA:1050,0
DA:1053,2
DA:1054,2
DA:1056,2
DA:1059,2
DA:1061,3
DA:1067,1
DA:1068,1
DA:1070,1
LF:466
LH:288
end_of_record
TN:
SF:/home/alex/Projects/fluxion/src/validation/solar_diagnostics.rs
FN:25,SolarGainDiagnostics::new
FN:32,SolarGainDiagnostics::record
FN:37,SolarGainDiagnostics::export_csv
FN:86,SolarGainDiagnostics::print_summary
FN:166,<impl Default for SolarGainDiagnostics>::default
FNF:5
FNDA:1,SolarGainDiagnostics::new
FNDA:1,SolarGainDiagnostics::record
FNDA:1,SolarGainDiagnostics::export_csv
FNDA:0,SolarGainDiagnostics::print_summary
FNDA:1,<impl Default for SolarGainDiagnostics>::default
DA:25,1
DA:27,1
DA:32,1
DA:33,1
DA:37,1
DA:38,1
DA:39,1
DA:42,2
DA:43,0
DA:52,1
DA:53,2
DA:54,0
DA:60,0
DA:61,0
DA:62,0
DA:63,0
DA:64,0
DA:65,0
DA:66,0
DA:67,0
DA:68,0
DA:69,0
DA:70,0
DA:71,0
DA:72,0
DA:73,0
DA:74,0
DA:75,0
DA:76,0
DA:77,0
DA:81,1
DA:82,1
DA:86,0
DA:87,0
DA:88,0
DA:89,0
DA:91,0
DA:94,0
DA:96,0
DA:97,0
DA:98,0
DA:100,0
DA:103,0
DA:104,0
DA:105,0
DA:106,0
DA:107,0
DA:108,0
DA:110,0
DA:133,0
DA:136,0
DA:139,0
DA:140,0
DA:141,0
DA:147,0
DA:149,0
DA:150,0
DA:151,0
DA:153,0
DA:156,0
DA:157,0
DA:158,0
DA:159,0
DA:166,1
DA:167,1
LF:65
LH:14
end_of_record
TN:
SF:/home/alex/Projects/fluxion/src/validation/statistical.rs
FN:59,ValidationGroup::from_case_id
FN:91,ValidationGroup::display_name
FN:111,validate_group_80_percent
FN:126,validate_group_single_case
FN:143,validate_group_hybrid
FN:251,BenjaminiHochberg::apply
FN:358,validate_groups
FN:418,calculate_p_value
FN:711,StatisticalMetrics::calculate
FN:789,calculate_nmbe
FN:816,calculate_nmbe_from_slices
FN:836,calculate_cv_rmse
FN:863,calculate_cv_rmse_from_slices
FN:889,calculate_standard_error
FN:923,calculate_ci_nmbe
FN:949,calculate_ci_cv_rmse
FN:986,calculate_cohens_d
FN:1031,StatisticalValidator::new
FN:1042,StatisticalValidator::with_alpha
FN:1056,StatisticalValidator::validate_case
FN:1067,StatisticalValidator::validate_all
FN:1082,<impl Default for StatisticalValidator>::default
FN:1118,StatisticalValidator::validate_with_statistics
FN:1148,extract_per_group_fdr
FNF:24
FNDA:1,ValidationGroup::from_case_id
FNDA:1,ValidationGroup::display_name
FNDA:1,validate_group_80_percent
FNDA:1,validate_group_single_case
FNDA:1,validate_group_hybrid
FNDA:1,BenjaminiHochberg::apply
FNDA:1,validate_groups
FNDA:1,calculate_p_value
FNDA:1,StatisticalMetrics::calculate
FNDA:1,calculate_nmbe
FNDA:1,calculate_nmbe_from_slices
FNDA:1,calculate_cv_rmse
FNDA:1,calculate_cv_rmse_from_slices
FNDA:1,calculate_standard_error
FNDA:1,calculate_ci_nmbe
FNDA:1,calculate_ci_cv_rmse
FNDA:1,calculate_cohens_d
FNDA:1,StatisticalValidator::new
FNDA:1,StatisticalValidator::with_alpha
FNDA:0,StatisticalValidator::validate_case
FNDA:0,StatisticalValidator::validate_all
FNDA:1,<impl Default for StatisticalValidator>::default
FNDA:0,StatisticalValidator::validate_with_statistics
FNDA:0,extract_per_group_fdr
DA:59,1
DA:60,1
DA:61,1
DA:64,1
DA:65,1
DA:68,1
DA:69,1
DA:72,1
DA:73,1
DA:77,1
DA:78,1
DA:81,2
DA:82,1
DA:83,1
DA:87,1
DA:91,1
DA:92,1
DA:93,1
DA:94,1
DA:95,1
DA:96,1
DA:97,1
DA:111,1
DA:112,1
DA:113,1
DA:115,1
DA:126,1
DA:143,1
DA:144,1
DA:145,1
DA:147,1
DA:148,1
DA:150,1
DA:251,1
DA:252,1
DA:253,1
DA:254,1
DA:258,1
DA:259,4
DA:262,1
DA:263,2
DA:264,2
DA:265,1
DA:266,1
DA:267,1
DA:274,1
DA:275,3
DA:276,2
DA:279,1
DA:358,1
DA:359,1
DA:362,1
DA:363,2
DA:364,3
DA:365,2
DA:371,1
DA:378,1
DA:380,2
DA:381,2
DA:382,0
DA:387,1
DA:389,3
DA:393,2
DA:394,4
DA:397,1
DA:398,1
DA:401,2
DA:405,1
DA:418,1
DA:419,1
DA:420,1
DA:423,1
DA:424,1
DA:426,1
DA:427,1
DA:431,1
DA:432,0
DA:436,1
DA:437,0
DA:441,2
DA:442,1
DA:445,1
DA:446,1
DA:447,1
DA:450,1
DA:711,1
DA:713,1
DA:716,2
DA:717,1
DA:718,2
DA:719,1
DA:722,3
DA:723,2
DA:725,1
DA:726,1
DA:729,1
DA:734,2
DA:737,1
DA:740,1
DA:741,1
DA:742,2
DA:744,0
DA:746,1
DA:748,2
DA:749,1
DA:750,2
DA:751,1
DA:753,0
DA:756,0
DA:759,0
DA:762,2
DA:763,1
DA:766,2
DA:767,1
DA:769,0
DA:789,1
DA:790,1
DA:791,0
DA:794,1
DA:796,2
DA:797,1
DA:800,2
DA:801,1
DA:803,1
DA:808,2
DA:809,0
DA:812,2
DA:816,1
DA:817,2
DA:818,0
DA:821,1
DA:824,1
DA:825,3
DA:828,1
DA:836,1
DA:837,1
DA:838,0
DA:841,1
DA:843,2
DA:844,1
DA:847,2
DA:848,0
DA:850,1
DA:855,2
DA:856,0
DA:859,2
DA:863,1
DA:864,2
DA:865,0
DA:869,1
DA:872,1
DA:873,3
DA:876,1
DA:879,1
DA:881,1
DA:882,0
DA:885,1
DA:889,1
DA:890,1
DA:891,0
DA:897,1
DA:898,3
DA:902,2
DA:903,1
DA:905,2
DA:906,2
DA:908,0
DA:923,1
DA:924,2
DA:925,1
DA:929,1
DA:931,1
DA:934,1
DA:935,1
DA:937,1
DA:940,1
DA:941,1
DA:943,1
DA:949,1
DA:950,2
DA:951,1
DA:955,1
DA:956,0
DA:958,1
DA:959,1
DA:960,1
DA:963,1
DA:964,1
DA:966,1
DA:986,1
DA:987,1
DA:988,0
DA:992,1
DA:993,1
DA:995,1
DA:996,0
DA:999,1
DA:1000,1
DA:1003,2
DA:1004,1
DA:1006,1
DA:1009,1
DA:1031,1
DA:1033,1
DA:1042,1
DA:1044,1
DA:1056,0
DA:1057,0
DA:1067,0
DA:1068,0
DA:1070,0
DA:1071,0
DA:1072,0
DA:1073,0
DA:1077,0
DA:1082,1
DA:1083,1
DA:1118,0
DA:1120,0
DA:1123,0
DA:1126,0
DA:1129,0
DA:1148,0
DA:1152,0
DA:1155,0
DA:1156,0
DA:1157,0
DA:1158,0
DA:1163,0
DA:1170,0
DA:1172,0
DA:1173,0
DA:1174,0
DA:1179,0
DA:1181,0
DA:1185,0
DA:1186,0
DA:1189,0
DA:1193,0
LF:239
LH:187
end_of_record
TN:
SF:/home/alex/Projects/fluxion/src/validation/thermal_mass.rs
FN:37,<impl Default for ThermalMassValidationResult>::default
FN:60,calculate_thermal_mass_correction
FN:69,validate_thermal_mass
FN:171,validate_6r2c_thermal_mass
FN:281,generate_thermal_mass_report
FNF:5
FNDA:1,<impl Default for ThermalMassValidationResult>::default
FNDA:1,calculate_thermal_mass_correction
FNDA:1,validate_thermal_mass
FNDA:1,validate_6r2c_thermal_mass
FNDA:1,generate_thermal_mass_report
DA:37,1
DA:45,1
DA:60,1
DA:61,1
DA:62,1
DA:65,1
DA:69,1
DA:70,1
DA:71,1
DA:74,1
DA:75,1
DA:78,1
DA:79,1
DA:82,2
DA:83,1
DA:86,1
DA:87,1
DA:88,1
DA:89,1
DA:91,1
DA:92,1
DA:95,1
DA:96,1
DA:98,1
DA:102,1
DA:108,1
DA:112,1
DA:113,0
DA:114,0
DA:119,1
DA:121,2
DA:125,2
DA:126,1
DA:128,1
DA:129,1
DA:133,1
DA:134,1
DA:140,1
DA:141,0
DA:142,0
DA:144,0
DA:147,2
DA:148,0
DA:149,0
DA:151,0
DA:155,1
DA:156,0
DA:157,0
DA:159,0
DA:161,1
DA:163,2
DA:166,1
DA:167,1
DA:171,1
DA:172,1
DA:173,1
DA:176,1
DA:177,1
DA:180,1
DA:183,1
DA:184,0
DA:185,0
DA:187,0
DA:189,1
DA:191,2
DA:194,2
DA:195,0
DA:196,0
DA:198,0
DA:200,1
DA:202,2
DA:206,2
DA:207,1
DA:208,1
DA:210,1
DA:211,1
DA:213,1
DA:214,0
DA:215,0
DA:217,0
DA:221,2
DA:224,1
DA:227,1
DA:230,1
DA:231,1
DA:232,0
DA:233,0
DA:238,2
DA:247,2
DA:249,2
DA:250,2
DA:253,2
DA:254,2
DA:255,1
DA:256,0
DA:257,0
DA:259,0
DA:264,2
DA:265,2
DA:267,2
DA:269,1
DA:271,1
DA:273,1
DA:276,1
DA:277,1
DA:281,1
DA:282,1
DA:283,1
DA:285,2
DA:287,1
DA:290,2
DA:294,2
DA:298,2
DA:303,2
DA:307,2
DA:312,1
DA:313,1
DA:314,2
DA:317,1
LF:119
LH:94
end_of_record
TN:
SF:/home/alex/Projects/fluxion/src/validation/thermal_mass_energy_accounting.rs
FN:66,EnergyBalanceReport::new
FN:78,EnergyBalanceReport::to_summary
FN:99,<impl Default for EnergyBalanceReport>::default
FN:129,calculate_mass_energy
FN:209,calculate_zone_energy
FN:259,validate_energy_balance_over_year
FNF:6
FNDA:1,EnergyBalanceReport::new
FNDA:1,EnergyBalanceReport::to_summary
FNDA:1,<impl Default for EnergyBalanceReport>::default
FNDA:1,calculate_mass_energy
FNDA:1,calculate_zone_energy
FNDA:1,validate_energy_balance_over_year
DA:66,1
DA:71,1
DA:78,1
DA:79,1
DA:80,2
DA:93,1
DA:99,1
DA:100,1
DA:129,1
DA:133,1
DA:137,2
DA:139,1
DA:140,1
DA:141,3
DA:142,1
DA:144,1
DA:145,1
DA:146,3
DA:148,1
DA:150,4
DA:152,1
DA:153,1
DA:155,1
DA:156,1
DA:157,0
DA:159,1
DA:161,3
DA:163,1
DA:164,1
DA:166,1
DA:167,1
DA:168,0
DA:170,1
DA:174,4
DA:176,1
DA:177,1
DA:179,1
DA:180,1
DA:181,0
DA:183,1
DA:187,1
DA:209,1
DA:210,1
DA:218,2
DA:219,2
DA:220,1
DA:221,1
DA:224,1
DA:259,1
DA:265,1
DA:266,1
DA:267,1
DA:269,1
DA:270,1
DA:271,1
DA:272,1
DA:275,2
DA:276,1
DA:277,1
DA:280,1
DA:281,1
DA:284,1
DA:285,1
DA:286,1
DA:287,2
DA:288,2
DA:291,1
DA:294,1
DA:295,2
DA:296,1
DA:302,2
DA:303,3
DA:304,2
DA:306,1
DA:308,2
DA:309,3
DA:310,2
DA:312,1
DA:314,1
DA:319,2
DA:320,1
DA:322,1
DA:323,1
DA:328,1
DA:329,1
DA:330,1
DA:333,1
DA:334,1
DA:337,1
DA:338,1
DA:339,1
DA:342,1
DA:343,1
DA:350,1
DA:352,1
DA:353,1
DA:357,1
DA:358,1
DA:359,1
DA:360,1
DA:385,1
DA:386,0
DA:388,4
DA:389,1
DA:391,1
DA:394,1
DA:397,1
DA:398,1
DA:403,1
DA:407,1
DA:408,1
DA:410,0
DA:413,1
DA:449,1
LF:114
LH:109
end_of_record
TN:
SF:/home/alex/Projects/fluxion/src/weather/ddy.rs
FN:86,generate_design_day_hours
FN:155,DesignDaySource::new
FN:184,DesignDaySource::from_file
FN:218,DesignDaySource::heating_design
FN:223,DesignDaySource::cooling_design
FN:229,extract_location
FN:248,parse_design_day
FN:359,days_in_month
FN:369,cumulative_days_before_month
FNF:9
FNDA:1,generate_design_day_hours
FNDA:1,DesignDaySource::new
FNDA:0,DesignDaySource::from_file
FNDA:1,DesignDaySource::heating_design
FNDA:1,DesignDaySource::cooling_design
FNDA:0,extract_location
FNDA:0,parse_design_day
FNDA:1,days_in_month
FNDA:1,cumulative_days_before_month
DA:86,1
DA:87,1
DA:89,2
DA:92,1
DA:93,2
DA:96,1
DA:100,3
DA:102,1
DA:105,1
DA:106,1
DA:107,1
DA:109,1
DA:110,1
DA:111,1
DA:116,1
DA:117,1
DA:120,1
DA:121,1
DA:122,2
DA:134,1
DA:137,1
DA:155,1
DA:184,0
DA:185,0
DA:186,0
DA:188,0
DA:189,0
DA:192,0
DA:193,0
DA:194,0
DA:196,0
DA:197,0
DA:199,0
DA:202,0
DA:204,0
DA:205,0
DA:206,0
DA:207,0
DA:208,0
DA:214,0
DA:218,1
DA:219,1
DA:223,1
DA:224,1
DA:229,0
DA:233,0
DA:236,0
DA:237,0
DA:241,0
DA:248,0
DA:249,0
DA:250,0
DA:251,0
DA:252,0
DA:253,0
DA:254,0
DA:255,0
DA:256,0
DA:257,0
DA:258,0
DA:261,0
DA:262,0
DA:263,0
DA:264,0
DA:265,0
DA:269,0
DA:271,0
DA:272,0
DA:276,0
DA:277,0
DA:281,0
DA:282,0
DA:286,0
DA:287,0
DA:291,0
DA:292,0
DA:296,0
DA:297,0
DA:301,0
DA:302,0
DA:306,0
DA:307,0
DA:308,0
DA:309,0
DA:314,0
DA:315,0
DA:316,0
DA:317,0
DA:323,0
DA:324,0
DA:325,0
DA:326,0
DA:331,0
DA:332,0
DA:333,0
DA:334,0
DA:340,0
DA:341,0
DA:344,0
DA:345,0
DA:346,0
DA:347,0
DA:348,0
DA:349,0
DA:350,0
DA:351,0
DA:352,0
DA:353,0
DA:354,0
DA:359,1
DA:360,1
DA:361,1
DA:362,1
DA:363,1
DA:364,0
DA:369,1
DA:370,1
DA:371,1
DA:372,0
DA:374,1
LF:120
LH:35
end_of_record
TN:
SF:/home/alex/Projects/fluxion/src/weather/denver.rs
FN:56,<impl Default for DenverTmyWeather>::default
FN:65,DenverTmyWeather::new
FN:84,DenverTmyWeather::generate_hourly_data
FN:236,DenverTmyWeather::statistics
FN:268,<impl WeatherSource for DenverTmyWeather>::location
FN:272,<impl WeatherSource for DenverTmyWeather>::get_hourly_data
FNF:6
FNDA:1,<impl Default for DenverTmyWeather>::default
FNDA:1,DenverTmyWeather::new
FNDA:1,DenverTmyWeather::generate_hourly_data
FNDA:1,DenverTmyWeather::statistics
FNDA:1,<impl WeatherSource for DenverTmyWeather>::location
FNDA:1,<impl WeatherSource for DenverTmyWeather>::get_hourly_data
DA:56,1
DA:57,1
DA:65,1
DA:67,1
DA:68,1
DA:84,1
DA:85,1
DA:86,2
DA:90,1
DA:93,1
DA:98,1
DA:103,1
DA:106,1
DA:108,1
DA:112,1
DA:115,1
DA:116,1
DA:119,1
DA:122,2
DA:123,1
DA:127,2
DA:131,1
DA:134,1
DA:135,1
DA:136,1
DA:138,1
DA:143,2
DA:144,1
DA:146,1
DA:150,1
DA:155,1
DA:158,1
DA:161,1
DA:163,1
DA:168,1
DA:172,1
DA:174,1
DA:191,2
DA:192,1
DA:194,1
DA:198,1
DA:201,2
DA:203,1
DA:205,1
DA:210,1
DA:211,1
DA:236,1
DA:237,1
DA:238,1
DA:239,1
DA:240,1
DA:241,1
DA:243,2
DA:244,1
DA:246,2
DA:247,1
DA:248,1
DA:250,2
DA:251,1
DA:252,1
DA:257,1
DA:260,1
DA:268,1
DA:269,1
DA:272,1
DA:273,1
DA:274,1
DA:278,1
DA:279,1
DA:282,1
DA:285,0
LF:71
LH:70
end_of_record
TN:
SF:/home/alex/Projects/fluxion/src/weather/epw.rs
FN:114,parse_optional_field
FN:134,detect_epw_version
FN:243,EpwWeatherSource::from_file
FN:262,EpwWeatherSource::parse
FN:331,EpwWeatherSource::parse_location
FN:360,EpwWeatherSource::parse_epw_v3
FN:425,EpwWeatherSource::parse_epw_amy
FN:489,EpwWeatherSource::parse_epw_iwec
FN:564,EpwWeatherSource::parse_data_line
FN:577,EpwWeatherSource::parse_data_line::parse_field
FN:727,EpwWeatherSource::record_count
FN:734,EpwWeatherSource::solar_hours
FN:739,EpwWeatherSource::max_temperature
FN:747,EpwWeatherSource::min_temperature
FN:755,EpwWeatherSource::average_temperature
FN:766,<impl WeatherSource for EpwWeatherSource>::location
FN:770,<impl WeatherSource for EpwWeatherSource>::get_hourly_data
FNF:17
FNDA:1,parse_optional_field
FNDA:0,detect_epw_version
FNDA:1,EpwWeatherSource::from_file
FNDA:2,EpwWeatherSource::parse
FNDA:1,EpwWeatherSource::parse_location
FNDA:0,EpwWeatherSource::parse_epw_v3
FNDA:0,EpwWeatherSource::parse_epw_amy
FNDA:0,EpwWeatherSource::parse_epw_iwec
FNDA:1,EpwWeatherSource::parse_data_line
FNDA:1,EpwWeatherSource::parse_data_line::parse_field
FNDA:1,EpwWeatherSource::record_count
FNDA:1,EpwWeatherSource::solar_hours
FNDA:1,EpwWeatherSource::max_temperature
FNDA:1,EpwWeatherSource::min_temperature
FNDA:1,EpwWeatherSource::average_temperature
FNDA:1,<impl WeatherSource for EpwWeatherSource>::location
FNDA:1,<impl WeatherSource for EpwWeatherSource>::get_hourly_data
DA:114,1
DA:115,1
DA:116,1
DA:117,1
DA:119,1
DA:134,0
DA:136,0
DA:137,0
DA:138,0
DA:139,0
DA:141,0
DA:142,0
DA:145,0
DA:146,0
DA:148,0
DA:151,0
DA:153,0
DA:155,0
DA:156,0
DA:158,0
DA:162,0
DA:243,1
DA:244,3
DA:245,0
DA:247,0
DA:262,2
DA:263,2
DA:266,4
DA:268,2
DA:269,2
DA:270,0
DA:273,4
DA:276,4
DA:277,4
DA:278,1
DA:279,1
DA:285,1
DA:287,3
DA:288,2
DA:289,0
DA:290,0
DA:291,0
DA:292,0
DA:297,2
DA:298,0
DA:301,2
DA:302,1
DA:306,1
DA:307,0
DA:308,0
DA:312,1
DA:313,1
DA:314,1
DA:331,1
DA:332,1
DA:334,2
DA:335,0
DA:338,2
DA:339,1
DA:341,2
DA:342,1
DA:345,2
DA:360,0
DA:361,0
DA:362,0
DA:364,0
DA:365,0
DA:368,0
DA:369,0
DA:373,0
DA:374,0
DA:379,0
DA:381,0
DA:386,0
DA:387,0
DA:388,0
DA:389,0
DA:390,0
DA:391,0
DA:392,0
DA:393,0
DA:394,0
DA:395,0
DA:396,0
DA:397,0
DA:407,0
DA:410,0
DA:425,0
DA:426,0
DA:427,0
DA:429,0
DA:430,0
DA:433,0
DA:434,0
DA:438,0
DA:439,0
DA:443,0
DA:445,0
DA:450,0
DA:451,0
DA:452,0
DA:453,0
DA:454,0
DA:455,0
DA:456,0
DA:457,0
DA:458,0
DA:459,0
DA:460,0
DA:461,0
DA:471,0
DA:474,0
DA:489,0
DA:490,0
DA:491,0
DA:493,0
DA:494,0
DA:497,0
DA:498,0
DA:502,0
DA:503,0
DA:507,0
DA:509,0
DA:516,0
DA:517,0
DA:518,0
DA:519,0
DA:520,0
DA:521,0
DA:522,0
DA:523,0
DA:524,0
DA:525,0
DA:526,0
DA:527,0
DA:537,0
DA:540,0
DA:564,1
DA:565,1
DA:568,2
DA:569,2
DA:571,2
DA:572,1
DA:577,1
DA:578,1
DA:580,1
DA:581,0
DA:587,1
DA:588,0
DA:593,2
DA:596,1
DA:600,1
DA:603,1
DA:606,1
DA:609,1
DA:614,1
DA:618,1
DA:619,2
DA:620,2
DA:621,0
DA:623,1
DA:626,0
DA:630,2
DA:631,2
DA:632,2
DA:633,0
DA:635,1
DA:638,0
DA:642,2
DA:643,2
DA:644,2
DA:645,0
DA:647,1
DA:650,0
DA:654,2
DA:655,2
DA:656,2
DA:657,0
DA:659,1
DA:662,0
DA:666,2
DA:667,2
DA:668,2
DA:669,0
DA:671,1
DA:674,0
DA:678,2
DA:679,2
DA:680,2
DA:681,0
DA:683,1
DA:686,0
DA:690,2
DA:692,2
DA:693,0
DA:694,2
DA:695,2
DA:696,2
DA:697,2
DA:698,2
DA:699,2
DA:700,1
DA:702,1
DA:705,1
DA:714,1
DA:715,1
DA:716,1
DA:717,1
DA:718,1
DA:720,1
DA:727,1
DA:728,1
DA:734,1
DA:735,3
DA:739,1
DA:740,1
DA:742,3
DA:743,1
DA:747,1
DA:748,1
DA:750,3
DA:751,1
DA:755,1
DA:756,1
DA:757,0
DA:760,3
DA:761,1
DA:766,1
DA:767,1
DA:770,1
DA:771,1
DA:772,1
DA:775,1
LF:233
LH:115
end_of_record
TN:
SF:/home/alex/Projects/fluxion/src/weather/interpolation.rs
FN:100,linear_interpolate
FN:118,piecewise_hermite_interpolate
FN:152,step_interpolate
FN:174,cubic_spline_interpolate
FN:207,interpolate_weather
FN:245,select_method_for_field
FNF:6
FNDA:1,linear_interpolate
FNDA:0,piecewise_hermite_interpolate
FNDA:1,step_interpolate
FNDA:0,cubic_spline_interpolate
FNDA:0,interpolate_weather
FNDA:1,select_method_for_field
DA:100,1
DA:101,1
DA:118,0
DA:122,0
DA:123,0
DA:126,0
DA:127,0
DA:128,0
DA:129,0
DA:131,0
DA:132,0
DA:134,0
DA:152,1
DA:153,2
DA:154,1
DA:156,1
DA:174,0
DA:176,0
DA:177,0
DA:180,0
DA:207,0
DA:214,0
DA:215,0
DA:216,0
DA:217,0
DA:218,0
DA:245,1
DA:248,1
DA:251,2
DA:252,1
DA:256,1
DA:263,0
DA:266,0
DA:269,0
LF:34
LH:11
end_of_record
TN:
SF:/home/alex/Projects/fluxion/src/weather/mod.rs
FN:162,HourlyWeatherData::new
FN:203,HourlyWeatherData::with_infrared
FN:267,HourlyWeatherData::sky_temperature
FN:296,HourlyWeatherData::sky_emissivity
FN:317,HourlyWeatherData::hour_of_day
FN:331,HourlyWeatherData::day_of_year
FN:347,HourlyWeatherData::month
FN:402,HourlyWeatherData::validate_all
FN:504,HourlyWeatherData::is_complete
FN:534,<impl Display for WeatherError>::fmt
FN:643,WeatherSource::iter_hours
FN:683,WeatherSource::validate_all
FN:704,<impl Iterator for WeatherIterator<'a,T>>::next
FNF:13
FNDA:1,HourlyWeatherData::new
FNDA:0,HourlyWeatherData::with_infrared
FNDA:0,HourlyWeatherData::sky_temperature
FNDA:0,HourlyWeatherData::sky_emissivity
FNDA:1,HourlyWeatherData::hour_of_day
FNDA:1,HourlyWeatherData::day_of_year
FNDA:1,HourlyWeatherData::month
FNDA:1,HourlyWeatherData::validate_all
FNDA:1,HourlyWeatherData::is_complete
FNDA:1,<impl Display for WeatherError>::fmt
FNDA:4,WeatherSource::iter_hours
FNDA:0,WeatherSource::validate_all
FNDA:4,<impl Iterator for WeatherIterator<'a,T>>::next
DA:162,1
DA:203,0
DA:267,0
DA:270,0
DA:273,0
DA:278,0
DA:279,0
DA:296,0
DA:299,0
DA:300,0
DA:303,0
DA:304,0
DA:317,1
DA:318,1
DA:331,1
DA:332,1
DA:347,1
DA:349,1
DA:351,1
DA:354,2
DA:355,1
DA:356,1
DA:361,1
DA:402,1
DA:406,2
DA:408,1
DA:409,1
DA:416,1
DA:417,0
DA:424,1
DA:425,1
DA:432,1
DA:433,1
DA:438,1
DA:439,0
DA:444,1
DA:445,0
DA:452,1
DA:453,0
DA:460,2
DA:461,1
DA:468,1
DA:469,0
DA:476,1
DA:504,1
DA:505,2
DA:506,2
DA:507,1
DA:508,1
DA:509,1
DA:510,1
DA:511,1
DA:512,1
DA:534,1
DA:535,1
DA:536,1
DA:537,1
DA:539,1
DA:540,1
DA:541,1
DA:643,4
DA:683,0
DA:687,0
DA:688,0
DA:689,0
DA:704,4
DA:705,9
DA:706,4
DA:707,8
DA:708,4
DA:712,10
DA:713,1
DA:715,4
DA:718,1
LF:74
LH:54
end_of_record
TN:
SF:/home/alex/Projects/fluxion/src/weather/psychrometrics.rs
FN:66,saturation_vapor_pressure
FN:107,calculate_dew_point
FN:176,calculate_humidity_ratio
FN:221,calculate_enthalpy
FN:262,calculate_wet_bulb
FN:352,<impl PsychrometricCalculations for HourlyWeatherData>::dew_point
FN:360,<impl PsychrometricCalculations for HourlyWeatherData>::wet_bulb
FN:368,<impl PsychrometricCalculations for HourlyWeatherData>::humidity_ratio
FN:376,<impl PsychrometricCalculations for HourlyWeatherData>::enthalpy
FN:405,from_weather_data
FN:434,enthalpy_from_weather
FNF:11
FNDA:1,saturation_vapor_pressure
FNDA:1,calculate_dew_point
FNDA:1,calculate_humidity_ratio
FNDA:1,calculate_enthalpy
FNDA:1,calculate_wet_bulb
FNDA:1,<impl PsychrometricCalculations for HourlyWeatherData>::dew_point
FNDA:1,<impl PsychrometricCalculations for HourlyWeatherData>::wet_bulb
FNDA:1,<impl PsychrometricCalculations for HourlyWeatherData>::humidity_ratio
FNDA:1,<impl PsychrometricCalculations for HourlyWeatherData>::enthalpy
FNDA:1,from_weather_data
FNDA:1,enthalpy_from_weather
DA:66,1
DA:71,1
DA:107,1
DA:114,1
DA:115,1
DA:118,1
DA:120,2
DA:121,1
DA:122,1
DA:124,1
DA:129,1
DA:132,1
DA:136,1
DA:140,1
DA:176,1
DA:179,1
DA:180,1
DA:182,1
DA:221,1
DA:226,1
DA:228,1
DA:262,1
DA:267,1
DA:270,1
DA:271,1
DA:274,2
DA:275,1
DA:276,1
DA:278,1
DA:284,1
DA:285,1
DA:288,1
DA:292,1
DA:296,1
DA:352,1
DA:354,1
DA:355,1
DA:360,1
DA:362,1
DA:363,1
DA:368,1
DA:370,1
DA:371,1
DA:376,1
DA:378,1
DA:379,1
DA:405,1
DA:407,1
DA:408,1
DA:434,1
DA:435,1
LF:51
LH:51
end_of_record
TN:
SF:/home/alex/Projects/fluxion/src/weather/tmy3.rs
FN:79,load_weather_locations
FN:111,Tmy3Cache::new
FN:136,Tmy3Cache::with_cache_dir
FN:159,Tmy3Cache::get_or_download
FNF:4
FNDA:1,load_weather_locations
FNDA:0,Tmy3Cache::new
FNDA:1,Tmy3Cache::with_cache_dir
FNDA:1,Tmy3Cache::get_or_download
DA:79,1
DA:80,3
DA:83,4
DA:84,4
DA:86,1
DA:87,4
DA:88,2
DA:91,1
DA:111,0
DA:112,0
DA:114,0
DA:116,0
DA:117,0
DA:119,0
DA:120,0
DA:121,0
DA:136,1
DA:137,2
DA:138,1
DA:140,1
DA:141,1
DA:142,1
DA:159,1
DA:160,1
DA:161,2
DA:164,2
DA:166,2
DA:167,2
DA:169,2
DA:170,1
DA:171,2
DA:173,2
DA:174,1
DA:176,2
DA:177,2
DA:183,1
DA:187,0
DA:189,0
DA:191,0
DA:193,0
DA:194,0
DA:197,0
DA:199,0
DA:202,0
DA:205,0
DA:206,0
DA:207,0
DA:208,0
DA:211,0
DA:212,0
DA:213,0
DA:214,0
DA:215,0
DA:216,0
DA:218,0
LF:55
LH:28
end_of_record
TN:
SF:/home/alex/Projects/fluxion/tools/archive/loc_check.rs
FN:4,count_lines
FNF:1
FNDA:0,count_lines
DA:4,0
DA:5,0
DA:6,0
DA:7,0
DA:8,0
DA:9,0
DA:10,0
DA:11,0
DA:12,0
DA:13,0
DA:14,0
DA:20,0
LF:12
LH:0
end_of_record
